2025-11-10 18:59:47 [INFO] 日志系统初始化完成，日志文件: log\watermark_tool_20251110_185947.log
2025-11-10 18:59:47 [INFO] ============================================================
2025-11-10 18:59:47 [INFO] 照片水印生成工具 v1.0
2025-11-10 18:59:47 [INFO] ============================================================
2025-11-10 18:59:47 [INFO] 日志文件: log\watermark_tool_20251110_185947.log
2025-11-10 18:59:47 [INFO] ============================================================
2025-11-10 18:59:47 [INFO] 启动应用...
2025-11-10 18:59:47 [INFO] 正在初始化GUI...
2025-11-10 18:59:47 [INFO] ============================================================
2025-11-10 18:59:47 [INFO] 初始化字体系统...
2025-11-10 18:59:47 [INFO] ============================================================
2025-11-10 18:59:47 [INFO] ✓ Qt文本编解码器: UTF-8
2025-11-10 18:59:47 [INFO] ✓ 加载字体: 黑体 → SimHei
2025-11-10 18:59:47 [INFO] 
设置字体替换规则（强制使用: SimHei）
2025-11-10 18:59:47 [INFO] ✓ 应用字体: SimHei
2025-11-10 18:59:47 [INFO] ============================================================
2025-11-10 18:59:47 [INFO] 正在创建主窗口...
2025-11-10 18:59:47 [INFO] 正在加载模板...
2025-11-10 18:59:47 [INFO] 成功加载 4 个模板
2025-11-10 18:59:47 [INFO] 正在初始化界面...
2025-11-10 18:59:48 [INFO] 界面初始化完成！
2025-11-10 18:59:55 [INFO] 程序已关闭
2025-11-10 18:59:55 [INFO] 程序已关闭
