2025-11-10 18:19:12 [INFO] 日志系统初始化完成，日志文件: log\watermark_tool_20251110_181912.log
2025-11-10 18:19:12 [INFO] ============================================================
2025-11-10 18:19:12 [INFO] 照片水印生成工具 v1.0
2025-11-10 18:19:12 [INFO] ============================================================
2025-11-10 18:19:12 [INFO] 日志文件: log\watermark_tool_20251110_181912.log
2025-11-10 18:19:12 [INFO] ============================================================
2025-11-10 18:19:12 [INFO] 启动应用...
2025-11-10 18:19:12 [INFO] 正在初始化GUI...
2025-11-10 18:19:12 [INFO] ============================================================
2025-11-10 18:19:12 [INFO] 初始化字体系统...
2025-11-10 18:19:12 [INFO] ============================================================
2025-11-10 18:19:12 [INFO] ✓ Qt文本编解码器: UTF-8
2025-11-10 18:19:12 [INFO] ✓ 加载字体: 黑体 → SimHei
2025-11-10 18:19:12 [INFO] 
设置字体替换规则（强制使用: SimHei）
2025-11-10 18:19:12 [INFO] ✓ 应用字体: SimHei
2025-11-10 18:19:12 [INFO] ============================================================
2025-11-10 18:19:12 [INFO] 正在创建主窗口...
2025-11-10 18:19:12 [INFO] 正在加载模板...
2025-11-10 18:19:12 [INFO] 成功加载 1 个模板
2025-11-10 18:19:12 [INFO] 正在初始化界面...
2025-11-10 18:19:13 [INFO] 界面初始化完成！
2025-11-10 18:19:22 [INFO] ✓ 预览模式：图片缩放至 1920x1280，缩放比例: 0.34
2025-11-10 18:19:23 [INFO] Logo 文件不存在: assets/logos/nikon.png
2025-11-10 18:19:23 [INFO] 请将 Nikon 的 Logo 放置到对应目录
2025-11-10 18:19:29 [INFO] ✓ 应用旋转: 270°
2025-11-10 18:19:29 [INFO] ✓ 预览模式：图片缩放至 1280x1920，缩放比例: 0.34
2025-11-10 18:19:30 [INFO] Logo 文件不存在: assets/logos/nikon.png
2025-11-10 18:19:30 [INFO] 请将 Nikon 的 Logo 放置到对应目录
2025-11-10 18:19:34 [INFO] ✓ 应用旋转: 270°
2025-11-10 18:19:34 [INFO] ✓ 预览模式：图片缩放至 1280x1920，缩放比例: 0.34
2025-11-10 18:19:35 [INFO] Logo 文件不存在: assets/logos/nikon.png
2025-11-10 18:19:35 [INFO] 请将 Nikon 的 Logo 放置到对应目录
2025-11-10 18:19:39 [INFO] ✓ 应用旋转: 270°
2025-11-10 18:19:39 [INFO] ✓ 预览模式：图片缩放至 1280x1920，缩放比例: 0.34
2025-11-10 18:19:39 [INFO] Logo 文件不存在: assets/logos/nikon.png
2025-11-10 18:19:39 [INFO] 请将 Nikon 的 Logo 放置到对应目录
2025-11-10 18:19:45 [INFO] ✓ 应用旋转: 270°
2025-11-10 18:19:46 [INFO] ✓ 预览模式：图片缩放至 1280x1920，缩放比例: 0.34
2025-11-10 18:19:46 [INFO] Logo 文件不存在: assets/logos/nikon.png
2025-11-10 18:19:46 [INFO] 请将 Nikon 的 Logo 放置到对应目录
2025-11-10 18:19:46 [INFO] [拖动调试] QPixmap显示: 409x586
2025-11-10 18:19:46 [INFO] [拖动调试] 预览画布: 1486x2125
2025-11-10 18:19:46 [INFO] [拖动调试] 实际图片: 3712x5568
2025-11-10 18:19:46 [INFO] [拖动调试] 原始画布: 4312x6164
2025-11-10 18:19:46 [INFO] [拖动调试] 实际缩放比例: 0.344620 x 0.344744
2025-11-10 18:19:46 [INFO] [拖动调试] 预览缩放比例: 0.344828
2025-11-10 18:19:46 [INFO] [拖动调试] 拖动距离(屏幕像素): dx=-21.0, dy=63.0
2025-11-10 18:19:46 [INFO] [拖动调试] 拖动距离(预览画布): dx=-76.3, dy=228.5
2025-11-10 18:19:46 [INFO] [拖动调试] 拖动距离(原始画布): dx=-221.4, dy=662.7
2025-11-10 18:19:46 [INFO] ✓ 应用旋转: 270°
2025-11-10 18:19:46 [INFO] ✓ 预览模式：图片缩放至 1280x1920，缩放比例: 0.34
2025-11-10 18:19:46 [INFO] Logo 文件不存在: assets/logos/nikon.png
2025-11-10 18:19:46 [INFO] 请将 Nikon 的 Logo 放置到对应目录
2025-11-10 18:19:47 [INFO] [拖动调试] QPixmap显示: 409x586
2025-11-10 18:19:47 [INFO] [拖动调试] 预览画布: 1486x2125
2025-11-10 18:19:47 [INFO] [拖动调试] 实际图片: 3712x5568
2025-11-10 18:19:47 [INFO] [拖动调试] 原始画布: 4312x6164
2025-11-10 18:19:47 [INFO] [拖动调试] 实际缩放比例: 0.344620 x 0.344744
2025-11-10 18:19:47 [INFO] [拖动调试] 预览缩放比例: 0.344828
2025-11-10 18:19:47 [INFO] [拖动调试] 拖动距离(屏幕像素): dx=-22.0, dy=63.0
2025-11-10 18:19:47 [INFO] [拖动调试] 拖动距离(预览画布): dx=-79.9, dy=228.5
2025-11-10 18:19:47 [INFO] [拖动调试] 拖动距离(原始画布): dx=-231.9, dy=662.7
2025-11-10 18:19:47 [INFO] ✓ 应用旋转: 270°
2025-11-10 18:19:47 [INFO] ✓ 预览模式：图片缩放至 1280x1920，缩放比例: 0.34
2025-11-10 18:19:47 [INFO] Logo 文件不存在: assets/logos/nikon.png
2025-11-10 18:19:47 [INFO] 请将 Nikon 的 Logo 放置到对应目录
2025-11-10 18:19:52 [INFO] 程序已关闭
2025-11-10 18:19:52 [INFO] 程序已关闭
