2025-11-10 14:56:53 [INFO] 日志系统初始化完成，日志文件: log\watermark_tool_20251110_145653.log
2025-11-10 14:56:53 [INFO] ============================================================
2025-11-10 14:56:53 [INFO] 照片水印生成工具 v1.0
2025-11-10 14:56:53 [INFO] ============================================================
2025-11-10 14:56:53 [INFO] 日志文件: log\watermark_tool_20251110_145653.log
2025-11-10 14:56:53 [INFO] ============================================================
2025-11-10 14:56:53 [INFO] 启动应用...
2025-11-10 14:56:53 [INFO] 正在初始化GUI...
2025-11-10 14:56:53 [INFO] ============================================================
2025-11-10 14:56:53 [INFO] 初始化字体系统...
2025-11-10 14:56:53 [INFO] ============================================================
2025-11-10 14:56:53 [INFO] ✓ Qt文本编解码器: UTF-8
2025-11-10 14:56:53 [INFO] ✓ 加载字体: 黑体 → SimHei
2025-11-10 14:56:53 [INFO] 
设置字体替换规则（强制使用: SimHei）
2025-11-10 14:56:53 [INFO] ✓ 应用字体: SimHei
2025-11-10 14:56:53 [INFO] ============================================================
2025-11-10 14:56:53 [INFO] 正在创建主窗口...
2025-11-10 14:56:53 [INFO] 正在加载模板...
2025-11-10 14:56:53 [INFO] 成功加载 1 个模板
2025-11-10 14:56:53 [INFO] 正在初始化界面...
2025-11-10 14:56:53 [INFO] 界面初始化完成！
2025-11-10 14:56:58 [INFO] ✓ 预览模式：图片缩放至 1920x1280，缩放比例: 0.34
2025-11-10 14:56:58 [INFO] Logo 文件不存在: assets/logos/nikon.png
2025-11-10 14:56:58 [INFO] 请将 Nikon 的 Logo 放置到对应目录
2025-11-10 14:57:00 [INFO] ✓ 应用旋转: 270°
2025-11-10 14:57:00 [INFO] ✓ 预览模式：图片缩放至 1280x1920，缩放比例: 0.34
2025-11-10 14:57:01 [INFO] Logo 文件不存在: assets/logos/nikon.png
2025-11-10 14:57:01 [INFO] 请将 Nikon 的 Logo 放置到对应目录
2025-11-10 14:57:05 [INFO] ✓ 应用旋转: 270°
2025-11-10 14:57:05 [INFO] ✓ 预览模式：图片缩放至 1280x1920，缩放比例: 0.34
2025-11-10 14:57:05 [INFO] Logo 文件不存在: assets/logos/nikon.png
2025-11-10 14:57:05 [INFO] 请将 Nikon 的 Logo 放置到对应目录
2025-11-10 14:57:09 [INFO] ✓ 应用旋转: 270°
2025-11-10 14:57:09 [INFO] ✓ 预览模式：图片缩放至 1280x1920，缩放比例: 0.34
2025-11-10 14:57:09 [INFO] Logo 文件不存在: assets/logos/nikon.png
2025-11-10 14:57:09 [INFO] 请将 Nikon 的 Logo 放置到对应目录
2025-11-10 14:57:09 [INFO] ✓ 应用旋转: 270°
2025-11-10 14:57:09 [INFO] ✓ 预览模式：图片缩放至 1280x1920，缩放比例: 0.34
2025-11-10 14:57:10 [INFO] Logo 文件不存在: assets/logos/nikon.png
2025-11-10 14:57:10 [INFO] 请将 Nikon 的 Logo 放置到对应目录
2025-11-10 14:57:12 [INFO] ✓ 应用旋转: 270°
2025-11-10 14:57:12 [INFO] ✓ 预览模式：图片缩放至 1280x1920，缩放比例: 0.34
2025-11-10 14:57:12 [INFO] Logo 文件不存在: assets/logos/nikon.png
2025-11-10 14:57:12 [INFO] 请将 Nikon 的 Logo 放置到对应目录
2025-11-10 14:57:12 [INFO] ✓ 应用旋转: 270°
2025-11-10 14:57:13 [INFO] ✓ 预览模式：图片缩放至 1280x1920，缩放比例: 0.34
2025-11-10 14:57:13 [INFO] Logo 文件不存在: assets/logos/nikon.png
2025-11-10 14:57:13 [INFO] 请将 Nikon 的 Logo 放置到对应目录
2025-11-10 14:57:17 [INFO] ✓ 应用旋转: 270°
2025-11-10 14:57:18 [INFO] ✓ 预览模式：图片缩放至 1280x1920，缩放比例: 0.34
2025-11-10 14:57:18 [INFO] Logo 文件不存在: assets/logos/nikon.png
2025-11-10 14:57:18 [INFO] 请将 Nikon 的 Logo 放置到对应目录
2025-11-10 14:57:18 [INFO] ✓ 应用旋转: 270°
2025-11-10 14:57:18 [INFO] ✓ 预览模式：图片缩放至 1280x1920，缩放比例: 0.34
2025-11-10 14:57:18 [INFO] Logo 文件不存在: assets/logos/nikon.png
2025-11-10 14:57:18 [INFO] 请将 Nikon 的 Logo 放置到对应目录
2025-11-10 14:57:21 [INFO] ✓ 应用旋转: 270°
2025-11-10 14:57:21 [INFO] ✓ 预览模式：图片缩放至 1280x1920，缩放比例: 0.34
2025-11-10 14:57:21 [INFO] Logo 文件不存在: assets/logos/nikon.png
2025-11-10 14:57:21 [INFO] 请将 Nikon 的 Logo 放置到对应目录
2025-11-10 14:57:23 [INFO] ✓ 应用旋转: 270°
2025-11-10 14:57:23 [INFO] ✓ 预览模式：图片缩放至 1280x1920，缩放比例: 0.34
2025-11-10 14:57:23 [INFO] Logo 文件不存在: assets/logos/nikon.png
2025-11-10 14:57:23 [INFO] 请将 Nikon 的 Logo 放置到对应目录
2025-11-10 14:57:23 [INFO] ✓ 应用旋转: 270°
2025-11-10 14:57:23 [INFO] ✓ 预览模式：图片缩放至 1280x1920，缩放比例: 0.34
2025-11-10 14:57:24 [INFO] Logo 文件不存在: assets/logos/nikon.png
2025-11-10 14:57:24 [INFO] 请将 Nikon 的 Logo 放置到对应目录
2025-11-10 14:57:24 [INFO] ✓ 应用旋转: 270°
2025-11-10 14:57:24 [INFO] ✓ 预览模式：图片缩放至 1280x1920，缩放比例: 0.34
2025-11-10 14:57:24 [INFO] Logo 文件不存在: assets/logos/nikon.png
2025-11-10 14:57:24 [INFO] 请将 Nikon 的 Logo 放置到对应目录
2025-11-10 14:57:25 [INFO] ✓ 应用旋转: 270°
2025-11-10 14:57:25 [INFO] ✓ 预览模式：图片缩放至 1280x1920，缩放比例: 0.34
2025-11-10 14:57:25 [INFO] Logo 文件不存在: assets/logos/nikon.png
2025-11-10 14:57:25 [INFO] 请将 Nikon 的 Logo 放置到对应目录
2025-11-10 14:57:30 [INFO] ✓ 应用旋转: 270°
2025-11-10 14:57:30 [INFO] ✓ 预览模式：图片缩放至 1280x1920，缩放比例: 0.34
2025-11-10 14:57:30 [INFO] Logo 文件不存在: assets/logos/nikon.png
2025-11-10 14:57:30 [INFO] 请将 Nikon 的 Logo 放置到对应目录
2025-11-10 14:57:30 [INFO] ✓ 应用旋转: 270°
2025-11-10 14:57:31 [INFO] ✓ 预览模式：图片缩放至 1280x1920，缩放比例: 0.34
2025-11-10 14:57:31 [INFO] Logo 文件不存在: assets/logos/nikon.png
2025-11-10 14:57:31 [INFO] 请将 Nikon 的 Logo 放置到对应目录
2025-11-10 14:57:31 [INFO] ✓ 应用旋转: 270°
2025-11-10 14:57:31 [INFO] ✓ 预览模式：图片缩放至 1280x1920，缩放比例: 0.34
2025-11-10 14:57:31 [INFO] Logo 文件不存在: assets/logos/nikon.png
2025-11-10 14:57:31 [INFO] 请将 Nikon 的 Logo 放置到对应目录
2025-11-10 14:57:34 [INFO] [拖动调试] QPixmap显示: 409x586
2025-11-10 14:57:34 [INFO] [拖动调试] 预览画布: 1486x2126
2025-11-10 14:57:34 [INFO] [拖动调试] 实际图片: 3712x5568
2025-11-10 14:57:34 [INFO] [拖动调试] 原始画布: 4312x6167
2025-11-10 14:57:34 [INFO] [拖动调试] 实际缩放比例: 0.344620 x 0.344738
2025-11-10 14:57:34 [INFO] [拖动调试] 预览缩放比例: 0.344828
2025-11-10 14:57:34 [INFO] [拖动调试] 拖动距离(屏幕像素): dx=1.0, dy=0.0
2025-11-10 14:57:34 [INFO] [拖动调试] 拖动距离(预览画布): dx=3.6, dy=0.0
2025-11-10 14:57:34 [INFO] [拖动调试] 拖动距离(原始画布): dx=10.5, dy=0.0
2025-11-10 14:57:34 [INFO] ✓ 应用旋转: 270°
2025-11-10 14:57:34 [INFO] ✓ 预览模式：图片缩放至 1280x1920，缩放比例: 0.34
2025-11-10 14:57:34 [INFO] Logo 文件不存在: assets/logos/nikon.png
2025-11-10 14:57:34 [INFO] 请将 Nikon 的 Logo 放置到对应目录
2025-11-10 14:57:35 [INFO] [拖动调试] QPixmap显示: 409x586
2025-11-10 14:57:35 [INFO] [拖动调试] 预览画布: 1486x2126
2025-11-10 14:57:35 [INFO] [拖动调试] 实际图片: 3712x5568
2025-11-10 14:57:35 [INFO] [拖动调试] 原始画布: 4312x6167
2025-11-10 14:57:35 [INFO] [拖动调试] 实际缩放比例: 0.344620 x 0.344738
2025-11-10 14:57:35 [INFO] [拖动调试] 预览缩放比例: 0.344828
2025-11-10 14:57:35 [INFO] [拖动调试] 拖动距离(屏幕像素): dx=246.0, dy=-1.0
2025-11-10 14:57:35 [INFO] [拖动调试] 拖动距离(预览画布): dx=893.8, dy=-3.6
2025-11-10 14:57:35 [INFO] [拖动调试] 拖动距离(原始画布): dx=2593.5, dy=-10.5
2025-11-10 14:57:35 [INFO] ✓ 应用旋转: 270°
2025-11-10 14:57:35 [INFO] ✓ 预览模式：图片缩放至 1280x1920，缩放比例: 0.34
2025-11-10 14:57:35 [INFO] Logo 文件不存在: assets/logos/nikon.png
2025-11-10 14:57:35 [INFO] 请将 Nikon 的 Logo 放置到对应目录
2025-11-10 14:57:35 [INFO] [拖动调试] QPixmap显示: 409x586
2025-11-10 14:57:35 [INFO] [拖动调试] 预览画布: 1486x2126
2025-11-10 14:57:35 [INFO] [拖动调试] 实际图片: 3712x5568
2025-11-10 14:57:35 [INFO] [拖动调试] 原始画布: 4312x6167
2025-11-10 14:57:35 [INFO] [拖动调试] 实际缩放比例: 0.344620 x 0.344738
2025-11-10 14:57:35 [INFO] [拖动调试] 预览缩放比例: 0.344828
2025-11-10 14:57:35 [INFO] [拖动调试] 拖动距离(屏幕像素): dx=272.0, dy=0.0
2025-11-10 14:57:35 [INFO] [拖动调试] 拖动距离(预览画布): dx=988.2, dy=0.0
2025-11-10 14:57:35 [INFO] [拖动调试] 拖动距离(原始画布): dx=2867.6, dy=0.0
2025-11-10 14:57:35 [INFO] ✓ 应用旋转: 270°
2025-11-10 14:57:35 [INFO] ✓ 预览模式：图片缩放至 1280x1920，缩放比例: 0.34
2025-11-10 14:57:36 [INFO] Logo 文件不存在: assets/logos/nikon.png
2025-11-10 14:57:36 [INFO] 请将 Nikon 的 Logo 放置到对应目录
2025-11-10 14:57:36 [INFO] [拖动调试] QPixmap显示: 409x586
2025-11-10 14:57:36 [INFO] [拖动调试] 预览画布: 1486x2126
2025-11-10 14:57:36 [INFO] [拖动调试] 实际图片: 3712x5568
2025-11-10 14:57:36 [INFO] [拖动调试] 原始画布: 4312x6167
2025-11-10 14:57:36 [INFO] [拖动调试] 实际缩放比例: 0.344620 x 0.344738
2025-11-10 14:57:36 [INFO] [拖动调试] 预览缩放比例: 0.344828
2025-11-10 14:57:36 [INFO] [拖动调试] 拖动距离(屏幕像素): dx=271.0, dy=0.0
2025-11-10 14:57:36 [INFO] [拖动调试] 拖动距离(预览画布): dx=984.6, dy=0.0
2025-11-10 14:57:36 [INFO] [拖动调试] 拖动距离(原始画布): dx=2857.1, dy=0.0
2025-11-10 14:57:36 [INFO] ✓ 应用旋转: 270°
2025-11-10 14:57:37 [INFO] ✓ 预览模式：图片缩放至 1280x1920，缩放比例: 0.34
2025-11-10 14:57:37 [INFO] Logo 文件不存在: assets/logos/nikon.png
2025-11-10 14:57:37 [INFO] 请将 Nikon 的 Logo 放置到对应目录
2025-11-10 14:57:37 [INFO] [拖动调试] QPixmap显示: 409x586
2025-11-10 14:57:37 [INFO] [拖动调试] 预览画布: 1486x2126
2025-11-10 14:57:37 [INFO] [拖动调试] 实际图片: 3712x5568
2025-11-10 14:57:37 [INFO] [拖动调试] 原始画布: 4312x6167
2025-11-10 14:57:37 [INFO] [拖动调试] 实际缩放比例: 0.344620 x 0.344738
2025-11-10 14:57:37 [INFO] [拖动调试] 预览缩放比例: 0.344828
2025-11-10 14:57:37 [INFO] [拖动调试] 拖动距离(屏幕像素): dx=267.0, dy=0.0
2025-11-10 14:57:37 [INFO] [拖动调试] 拖动距离(预览画布): dx=970.1, dy=0.0
2025-11-10 14:57:37 [INFO] [拖动调试] 拖动距离(原始画布): dx=2814.9, dy=0.0
2025-11-10 14:57:37 [INFO] ✓ 应用旋转: 270°
2025-11-10 14:57:37 [INFO] ✓ 预览模式：图片缩放至 1280x1920，缩放比例: 0.34
2025-11-10 14:57:37 [INFO] Logo 文件不存在: assets/logos/nikon.png
2025-11-10 14:57:37 [INFO] 请将 Nikon 的 Logo 放置到对应目录
2025-11-10 14:57:37 [INFO] [拖动调试] QPixmap显示: 409x586
2025-11-10 14:57:37 [INFO] [拖动调试] 预览画布: 1486x2126
2025-11-10 14:57:37 [INFO] [拖动调试] 实际图片: 3712x5568
2025-11-10 14:57:37 [INFO] [拖动调试] 原始画布: 4312x6167
2025-11-10 14:57:37 [INFO] [拖动调试] 实际缩放比例: 0.344620 x 0.344738
2025-11-10 14:57:37 [INFO] [拖动调试] 预览缩放比例: 0.344828
2025-11-10 14:57:37 [INFO] [拖动调试] 拖动距离(屏幕像素): dx=267.0, dy=-2.0
2025-11-10 14:57:37 [INFO] [拖动调试] 拖动距离(预览画布): dx=970.1, dy=-7.3
2025-11-10 14:57:37 [INFO] [拖动调试] 拖动距离(原始画布): dx=2814.9, dy=-21.0
2025-11-10 14:57:38 [INFO] ✓ 应用旋转: 270°
2025-11-10 14:57:38 [INFO] ✓ 预览模式：图片缩放至 1280x1920，缩放比例: 0.34
2025-11-10 14:57:38 [INFO] Logo 文件不存在: assets/logos/nikon.png
2025-11-10 14:57:38 [INFO] 请将 Nikon 的 Logo 放置到对应目录
2025-11-10 14:57:38 [INFO] [拖动调试] QPixmap显示: 409x586
2025-11-10 14:57:38 [INFO] [拖动调试] 预览画布: 1486x2126
2025-11-10 14:57:38 [INFO] [拖动调试] 实际图片: 3712x5568
2025-11-10 14:57:38 [INFO] [拖动调试] 原始画布: 4312x6167
2025-11-10 14:57:38 [INFO] [拖动调试] 实际缩放比例: 0.344620 x 0.344738
2025-11-10 14:57:38 [INFO] [拖动调试] 预览缩放比例: 0.344828
2025-11-10 14:57:38 [INFO] [拖动调试] 拖动距离(屏幕像素): dx=266.0, dy=-3.0
2025-11-10 14:57:38 [INFO] [拖动调试] 拖动距离(预览画布): dx=966.4, dy=-10.9
2025-11-10 14:57:38 [INFO] [拖动调试] 拖动距离(原始画布): dx=2804.4, dy=-31.6
2025-11-10 14:57:38 [INFO] ✓ 应用旋转: 270°
2025-11-10 14:57:38 [INFO] ✓ 预览模式：图片缩放至 1280x1920，缩放比例: 0.34
2025-11-10 14:57:39 [INFO] Logo 文件不存在: assets/logos/nikon.png
2025-11-10 14:57:39 [INFO] 请将 Nikon 的 Logo 放置到对应目录
2025-11-10 14:57:39 [INFO] [拖动调试] QPixmap显示: 409x586
2025-11-10 14:57:39 [INFO] [拖动调试] 预览画布: 1486x2126
2025-11-10 14:57:39 [INFO] [拖动调试] 实际图片: 3712x5568
2025-11-10 14:57:39 [INFO] [拖动调试] 原始画布: 4312x6167
2025-11-10 14:57:39 [INFO] [拖动调试] 实际缩放比例: 0.344620 x 0.344738
2025-11-10 14:57:39 [INFO] [拖动调试] 预览缩放比例: 0.344828
2025-11-10 14:57:39 [INFO] [拖动调试] 拖动距离(屏幕像素): dx=266.0, dy=-6.0
2025-11-10 14:57:39 [INFO] [拖动调试] 拖动距离(预览画布): dx=966.4, dy=-21.8
2025-11-10 14:57:39 [INFO] [拖动调试] 拖动距离(原始画布): dx=2804.4, dy=-63.1
2025-11-10 14:57:39 [INFO] ✓ 应用旋转: 270°
2025-11-10 14:57:39 [INFO] ✓ 预览模式：图片缩放至 1280x1920，缩放比例: 0.34
2025-11-10 14:57:39 [INFO] Logo 文件不存在: assets/logos/nikon.png
2025-11-10 14:57:39 [INFO] 请将 Nikon 的 Logo 放置到对应目录
2025-11-10 14:57:49 [INFO] ✓ 应用旋转: 270°
2025-11-10 14:57:49 [INFO] ✓ 预览模式：图片缩放至 1280x1920，缩放比例: 0.34
2025-11-10 14:57:50 [INFO] Logo 文件不存在: assets/logos/nikon.png
2025-11-10 14:57:50 [INFO] 请将 Nikon 的 Logo 放置到对应目录
2025-11-10 14:57:50 [INFO] ✓ 应用旋转: 270°
2025-11-10 14:57:50 [INFO] ✓ 预览模式：图片缩放至 1280x1920，缩放比例: 0.34
2025-11-10 14:57:50 [INFO] Logo 文件不存在: assets/logos/nikon.png
2025-11-10 14:57:50 [INFO] 请将 Nikon 的 Logo 放置到对应目录
2025-11-10 14:57:59 [INFO] [拖动调试] QPixmap显示: 587x840
2025-11-10 14:57:59 [INFO] [拖动调试] 预览画布: 1486x2126
2025-11-10 14:57:59 [INFO] [拖动调试] 实际图片: 3712x5568
2025-11-10 14:57:59 [INFO] [拖动调试] 原始画布: 4312x6167
2025-11-10 14:57:59 [INFO] [拖动调试] 实际缩放比例: 0.344620 x 0.344738
2025-11-10 14:57:59 [INFO] [拖动调试] 预览缩放比例: 0.344828
2025-11-10 14:57:59 [INFO] [拖动调试] 拖动距离(屏幕像素): dx=0.0, dy=-1.0
2025-11-10 14:57:59 [INFO] [拖动调试] 拖动距离(预览画布): dx=0.0, dy=-2.5
2025-11-10 14:57:59 [INFO] [拖动调试] 拖动距离(原始画布): dx=0.0, dy=-7.3
2025-11-10 14:57:59 [INFO] ✓ 应用旋转: 270°
2025-11-10 14:57:59 [INFO] ✓ 预览模式：图片缩放至 1280x1920，缩放比例: 0.34
2025-11-10 14:57:59 [INFO] Logo 文件不存在: assets/logos/nikon.png
2025-11-10 14:57:59 [INFO] 请将 Nikon 的 Logo 放置到对应目录
2025-11-10 14:57:59 [INFO] [拖动调试] QPixmap显示: 587x840
2025-11-10 14:57:59 [INFO] [拖动调试] 预览画布: 1486x2126
2025-11-10 14:57:59 [INFO] [拖动调试] 实际图片: 3712x5568
2025-11-10 14:57:59 [INFO] [拖动调试] 原始画布: 4312x6167
2025-11-10 14:57:59 [INFO] [拖动调试] 实际缩放比例: 0.344620 x 0.344738
2025-11-10 14:57:59 [INFO] [拖动调试] 预览缩放比例: 0.344828
2025-11-10 14:57:59 [INFO] [拖动调试] 拖动距离(屏幕像素): dx=5.0, dy=-19.0
2025-11-10 14:57:59 [INFO] [拖动调试] 拖动距离(预览画布): dx=12.7, dy=-48.1
2025-11-10 14:57:59 [INFO] [拖动调试] 拖动距离(原始画布): dx=36.7, dy=-139.5
2025-11-10 14:57:59 [INFO] ✓ 应用旋转: 270°
2025-11-10 14:58:00 [INFO] ✓ 预览模式：图片缩放至 1280x1920，缩放比例: 0.34
2025-11-10 14:58:00 [INFO] Logo 文件不存在: assets/logos/nikon.png
2025-11-10 14:58:00 [INFO] 请将 Nikon 的 Logo 放置到对应目录
2025-11-10 14:58:00 [INFO] [拖动调试] QPixmap显示: 587x840
2025-11-10 14:58:00 [INFO] [拖动调试] 预览画布: 1486x2126
2025-11-10 14:58:00 [INFO] [拖动调试] 实际图片: 3712x5568
2025-11-10 14:58:00 [INFO] [拖动调试] 原始画布: 4312x6167
2025-11-10 14:58:00 [INFO] [拖动调试] 实际缩放比例: 0.344620 x 0.344738
2025-11-10 14:58:00 [INFO] [拖动调试] 预览缩放比例: 0.344828
2025-11-10 14:58:00 [INFO] [拖动调试] 拖动距离(屏幕像素): dx=8.0, dy=-18.0
2025-11-10 14:58:00 [INFO] [拖动调试] 拖动距离(预览画布): dx=20.3, dy=-45.6
2025-11-10 14:58:00 [INFO] [拖动调试] 拖动距离(原始画布): dx=58.8, dy=-132.2
2025-11-10 14:58:00 [INFO] ✓ 应用旋转: 270°
2025-11-10 14:58:00 [INFO] ✓ 预览模式：图片缩放至 1280x1920，缩放比例: 0.34
2025-11-10 14:58:00 [INFO] Logo 文件不存在: assets/logos/nikon.png
2025-11-10 14:58:00 [INFO] 请将 Nikon 的 Logo 放置到对应目录
2025-11-10 14:58:00 [INFO] [拖动调试] QPixmap显示: 587x840
2025-11-10 14:58:00 [INFO] [拖动调试] 预览画布: 1486x2126
2025-11-10 14:58:00 [INFO] [拖动调试] 实际图片: 3712x5568
2025-11-10 14:58:00 [INFO] [拖动调试] 原始画布: 4312x6167
2025-11-10 14:58:01 [INFO] [拖动调试] 实际缩放比例: 0.344620 x 0.344738
2025-11-10 14:58:01 [INFO] [拖动调试] 预览缩放比例: 0.344828
2025-11-10 14:58:01 [INFO] [拖动调试] 拖动距离(屏幕像素): dx=5.0, dy=1.0
2025-11-10 14:58:01 [INFO] [拖动调试] 拖动距离(预览画布): dx=12.7, dy=2.5
2025-11-10 14:58:01 [INFO] [拖动调试] 拖动距离(原始画布): dx=36.7, dy=7.3
2025-11-10 14:58:01 [INFO] ✓ 应用旋转: 270°
2025-11-10 14:58:01 [INFO] ✓ 预览模式：图片缩放至 1280x1920，缩放比例: 0.34
2025-11-10 14:58:01 [INFO] Logo 文件不存在: assets/logos/nikon.png
2025-11-10 14:58:01 [INFO] 请将 Nikon 的 Logo 放置到对应目录
2025-11-10 14:58:01 [INFO] [拖动调试] QPixmap显示: 587x840
2025-11-10 14:58:01 [INFO] [拖动调试] 预览画布: 1486x2126
2025-11-10 14:58:01 [INFO] [拖动调试] 实际图片: 3712x5568
2025-11-10 14:58:01 [INFO] [拖动调试] 原始画布: 4312x6167
2025-11-10 14:58:01 [INFO] [拖动调试] 实际缩放比例: 0.344620 x 0.344738
2025-11-10 14:58:01 [INFO] [拖动调试] 预览缩放比例: 0.344828
2025-11-10 14:58:01 [INFO] [拖动调试] 拖动距离(屏幕像素): dx=1.0, dy=2.0
2025-11-10 14:58:01 [INFO] [拖动调试] 拖动距离(预览画布): dx=2.5, dy=5.1
2025-11-10 14:58:01 [INFO] [拖动调试] 拖动距离(原始画布): dx=7.3, dy=14.7
2025-11-10 14:58:01 [INFO] ✓ 应用旋转: 270°
2025-11-10 14:58:01 [INFO] ✓ 预览模式：图片缩放至 1280x1920，缩放比例: 0.34
2025-11-10 14:58:02 [INFO] Logo 文件不存在: assets/logos/nikon.png
2025-11-10 14:58:02 [INFO] 请将 Nikon 的 Logo 放置到对应目录
2025-11-10 14:58:02 [INFO] [拖动调试] QPixmap显示: 587x840
2025-11-10 14:58:02 [INFO] [拖动调试] 预览画布: 1486x2126
2025-11-10 14:58:02 [INFO] [拖动调试] 实际图片: 3712x5568
2025-11-10 14:58:02 [INFO] [拖动调试] 原始画布: 4312x6167
2025-11-10 14:58:02 [INFO] [拖动调试] 实际缩放比例: 0.344620 x 0.344738
2025-11-10 14:58:02 [INFO] [拖动调试] 预览缩放比例: 0.344828
2025-11-10 14:58:02 [INFO] [拖动调试] 拖动距离(屏幕像素): dx=0.0, dy=2.0
2025-11-10 14:58:02 [INFO] [拖动调试] 拖动距离(预览画布): dx=0.0, dy=5.1
2025-11-10 14:58:02 [INFO] [拖动调试] 拖动距离(原始画布): dx=0.0, dy=14.7
2025-11-10 14:58:02 [INFO] ✓ 应用旋转: 270°
2025-11-10 14:58:02 [INFO] ✓ 预览模式：图片缩放至 1280x1920，缩放比例: 0.34
2025-11-10 14:58:02 [INFO] Logo 文件不存在: assets/logos/nikon.png
2025-11-10 14:58:02 [INFO] 请将 Nikon 的 Logo 放置到对应目录
2025-11-10 14:58:02 [INFO] [拖动调试] QPixmap显示: 587x840
2025-11-10 14:58:02 [INFO] [拖动调试] 预览画布: 1486x2126
2025-11-10 14:58:02 [INFO] [拖动调试] 实际图片: 3712x5568
2025-11-10 14:58:02 [INFO] [拖动调试] 原始画布: 4312x6167
2025-11-10 14:58:02 [INFO] [拖动调试] 实际缩放比例: 0.344620 x 0.344738
2025-11-10 14:58:02 [INFO] [拖动调试] 预览缩放比例: 0.344828
2025-11-10 14:58:02 [INFO] [拖动调试] 拖动距离(屏幕像素): dx=-1.0, dy=-1.0
2025-11-10 14:58:02 [INFO] [拖动调试] 拖动距离(预览画布): dx=-2.5, dy=-2.5
2025-11-10 14:58:02 [INFO] [拖动调试] 拖动距离(原始画布): dx=-7.3, dy=-7.3
2025-11-10 14:58:02 [INFO] ✓ 应用旋转: 270°
2025-11-10 14:58:03 [INFO] ✓ 预览模式：图片缩放至 1280x1920，缩放比例: 0.34
2025-11-10 14:58:03 [INFO] Logo 文件不存在: assets/logos/nikon.png
2025-11-10 14:58:03 [INFO] 请将 Nikon 的 Logo 放置到对应目录
2025-11-10 14:58:03 [INFO] [拖动调试] QPixmap显示: 587x840
2025-11-10 14:58:03 [INFO] [拖动调试] 预览画布: 1486x2126
2025-11-10 14:58:03 [INFO] [拖动调试] 实际图片: 3712x5568
2025-11-10 14:58:03 [INFO] [拖动调试] 原始画布: 4312x6167
2025-11-10 14:58:03 [INFO] [拖动调试] 实际缩放比例: 0.344620 x 0.344738
2025-11-10 14:58:03 [INFO] [拖动调试] 预览缩放比例: 0.344828
2025-11-10 14:58:03 [INFO] [拖动调试] 拖动距离(屏幕像素): dx=-1.0, dy=-2.0
2025-11-10 14:58:03 [INFO] [拖动调试] 拖动距离(预览画布): dx=-2.5, dy=-5.1
2025-11-10 14:58:03 [INFO] [拖动调试] 拖动距离(原始画布): dx=-7.3, dy=-14.7
2025-11-10 14:58:03 [INFO] ✓ 应用旋转: 270°
2025-11-10 14:58:03 [INFO] ✓ 预览模式：图片缩放至 1280x1920，缩放比例: 0.34
2025-11-10 14:58:04 [INFO] Logo 文件不存在: assets/logos/nikon.png
2025-11-10 14:58:04 [INFO] 请将 Nikon 的 Logo 放置到对应目录
2025-11-10 14:58:04 [INFO] [拖动调试] QPixmap显示: 587x840
2025-11-10 14:58:04 [INFO] [拖动调试] 预览画布: 1486x2126
2025-11-10 14:58:04 [INFO] [拖动调试] 实际图片: 3712x5568
2025-11-10 14:58:04 [INFO] [拖动调试] 原始画布: 4312x6167
2025-11-10 14:58:04 [INFO] [拖动调试] 实际缩放比例: 0.344620 x 0.344738
2025-11-10 14:58:04 [INFO] [拖动调试] 预览缩放比例: 0.344828
2025-11-10 14:58:04 [INFO] [拖动调试] 拖动距离(屏幕像素): dx=0.0, dy=-2.0
2025-11-10 14:58:04 [INFO] [拖动调试] 拖动距离(预览画布): dx=0.0, dy=-5.1
2025-11-10 14:58:04 [INFO] [拖动调试] 拖动距离(原始画布): dx=0.0, dy=-14.7
2025-11-10 14:58:04 [INFO] ✓ 应用旋转: 270°
2025-11-10 14:58:04 [INFO] ✓ 预览模式：图片缩放至 1280x1920，缩放比例: 0.34
2025-11-10 14:58:05 [INFO] Logo 文件不存在: assets/logos/nikon.png
2025-11-10 14:58:05 [INFO] 请将 Nikon 的 Logo 放置到对应目录
2025-11-10 14:58:05 [INFO] [拖动调试] QPixmap显示: 587x840
2025-11-10 14:58:05 [INFO] [拖动调试] 预览画布: 1486x2126
2025-11-10 14:58:05 [INFO] [拖动调试] 实际图片: 3712x5568
2025-11-10 14:58:05 [INFO] [拖动调试] 原始画布: 4312x6167
2025-11-10 14:58:05 [INFO] [拖动调试] 实际缩放比例: 0.344620 x 0.344738
2025-11-10 14:58:05 [INFO] [拖动调试] 预览缩放比例: 0.344828
2025-11-10 14:58:05 [INFO] [拖动调试] 拖动距离(屏幕像素): dx=0.0, dy=-1.0
2025-11-10 14:58:05 [INFO] [拖动调试] 拖动距离(预览画布): dx=0.0, dy=-2.5
2025-11-10 14:58:05 [INFO] [拖动调试] 拖动距离(原始画布): dx=0.0, dy=-7.3
2025-11-10 14:58:05 [INFO] ✓ 应用旋转: 270°
2025-11-10 14:58:05 [INFO] ✓ 预览模式：图片缩放至 1280x1920，缩放比例: 0.34
2025-11-10 14:58:05 [INFO] Logo 文件不存在: assets/logos/nikon.png
2025-11-10 14:58:05 [INFO] 请将 Nikon 的 Logo 放置到对应目录
2025-11-10 14:58:09 [INFO] ✓ 应用旋转: 270°
2025-11-10 14:58:09 [INFO] ✓ 预览模式：图片缩放至 1280x1920，缩放比例: 0.34
2025-11-10 14:58:12 [INFO] Logo 文件不存在: assets/logos/nikon.png
2025-11-10 14:58:12 [INFO] 请将 Nikon 的 Logo 放置到对应目录
2025-11-10 14:58:16 [INFO] ✓ 应用旋转: 270°
2025-11-10 14:58:16 [INFO] ✓ 预览模式：图片缩放至 1280x1920，缩放比例: 0.34
2025-11-10 14:58:19 [INFO] Logo 文件不存在: assets/logos/nikon.png
2025-11-10 14:58:19 [INFO] 请将 Nikon 的 Logo 放置到对应目录
2025-11-10 14:58:20 [INFO] ✓ 应用旋转: 270°
2025-11-10 14:58:20 [INFO] ✓ 预览模式：图片缩放至 1280x1920，缩放比例: 0.34
2025-11-10 14:58:23 [INFO] Logo 文件不存在: assets/logos/nikon.png
2025-11-10 14:58:23 [INFO] 请将 Nikon 的 Logo 放置到对应目录
2025-11-10 14:58:29 [INFO] ✓ 应用旋转: 270°
2025-11-10 14:58:29 [INFO] ✓ 预览模式：图片缩放至 1280x1920，缩放比例: 0.34
2025-11-10 14:58:29 [INFO] Logo 文件不存在: assets/logos/nikon.png
2025-11-10 14:58:29 [INFO] 请将 Nikon 的 Logo 放置到对应目录
2025-11-10 14:58:42 [INFO] ✓ 应用旋转: 270°
2025-11-10 14:58:43 [INFO] ✓ 预览模式：图片缩放至 1280x1920，缩放比例: 0.34
2025-11-10 14:58:43 [INFO] Logo 文件不存在: assets/logos/nikon.png
2025-11-10 14:58:43 [INFO] 请将 Nikon 的 Logo 放置到对应目录
2025-11-10 14:58:43 [INFO] ✓ 应用旋转: 270°
2025-11-10 14:58:43 [INFO] ✓ 预览模式：图片缩放至 1280x1920，缩放比例: 0.34
2025-11-10 14:58:44 [INFO] Logo 文件不存在: assets/logos/nikon.png
2025-11-10 14:58:44 [INFO] 请将 Nikon 的 Logo 放置到对应目录
2025-11-10 14:58:44 [INFO] ✓ 应用旋转: 270°
2025-11-10 14:58:44 [INFO] ✓ 预览模式：图片缩放至 1280x1920，缩放比例: 0.34
2025-11-10 14:58:44 [INFO] Logo 文件不存在: assets/logos/nikon.png
2025-11-10 14:58:44 [INFO] 请将 Nikon 的 Logo 放置到对应目录
2025-11-10 14:58:44 [INFO] ✓ 应用旋转: 270°
2025-11-10 14:58:45 [INFO] ✓ 预览模式：图片缩放至 1280x1920，缩放比例: 0.34
2025-11-10 14:58:45 [INFO] Logo 文件不存在: assets/logos/nikon.png
2025-11-10 14:58:45 [INFO] 请将 Nikon 的 Logo 放置到对应目录
2025-11-10 14:58:45 [INFO] ✓ 应用旋转: 270°
2025-11-10 14:58:45 [INFO] ✓ 预览模式：图片缩放至 1280x1920，缩放比例: 0.34
2025-11-10 14:58:45 [INFO] Logo 文件不存在: assets/logos/nikon.png
2025-11-10 14:58:45 [INFO] 请将 Nikon 的 Logo 放置到对应目录
2025-11-10 14:58:46 [INFO] ✓ 应用旋转: 270°
2025-11-10 14:58:46 [INFO] ✓ 预览模式：图片缩放至 1280x1920，缩放比例: 0.34
2025-11-10 14:58:46 [INFO] Logo 文件不存在: assets/logos/nikon.png
2025-11-10 14:58:46 [INFO] 请将 Nikon 的 Logo 放置到对应目录
2025-11-10 14:58:46 [INFO] ✓ 应用旋转: 270°
2025-11-10 14:58:46 [INFO] ✓ 预览模式：图片缩放至 1280x1920，缩放比例: 0.34
2025-11-10 14:58:47 [INFO] Logo 文件不存在: assets/logos/nikon.png
2025-11-10 14:58:47 [INFO] 请将 Nikon 的 Logo 放置到对应目录
2025-11-10 14:58:47 [INFO] ✓ 应用旋转: 270°
2025-11-10 14:58:47 [INFO] ✓ 预览模式：图片缩放至 1280x1920，缩放比例: 0.34
2025-11-10 14:58:47 [INFO] Logo 文件不存在: assets/logos/nikon.png
2025-11-10 14:58:47 [INFO] 请将 Nikon 的 Logo 放置到对应目录
2025-11-10 14:58:47 [INFO] ✓ 应用旋转: 270°
2025-11-10 14:58:48 [INFO] ✓ 预览模式：图片缩放至 1280x1920，缩放比例: 0.34
2025-11-10 14:58:48 [INFO] Logo 文件不存在: assets/logos/nikon.png
2025-11-10 14:58:48 [INFO] 请将 Nikon 的 Logo 放置到对应目录
2025-11-10 14:58:48 [INFO] ✓ 应用旋转: 270°
2025-11-10 14:58:48 [INFO] ✓ 预览模式：图片缩放至 1280x1920，缩放比例: 0.34
2025-11-10 14:58:48 [INFO] Logo 文件不存在: assets/logos/nikon.png
2025-11-10 14:58:48 [INFO] 请将 Nikon 的 Logo 放置到对应目录
2025-11-10 14:58:49 [INFO] ✓ 应用旋转: 270°
2025-11-10 14:58:49 [INFO] ✓ 预览模式：图片缩放至 1280x1920，缩放比例: 0.34
2025-11-10 14:58:49 [INFO] Logo 文件不存在: assets/logos/nikon.png
2025-11-10 14:58:49 [INFO] 请将 Nikon 的 Logo 放置到对应目录
2025-11-10 14:58:49 [INFO] ✓ 应用旋转: 270°
2025-11-10 14:58:49 [INFO] ✓ 预览模式：图片缩放至 1280x1920，缩放比例: 0.34
2025-11-10 14:58:50 [INFO] Logo 文件不存在: assets/logos/nikon.png
2025-11-10 14:58:50 [INFO] 请将 Nikon 的 Logo 放置到对应目录
2025-11-10 14:58:50 [INFO] ✓ 应用旋转: 270°
2025-11-10 14:58:50 [INFO] ✓ 预览模式：图片缩放至 1280x1920，缩放比例: 0.34
2025-11-10 14:58:50 [INFO] Logo 文件不存在: assets/logos/nikon.png
2025-11-10 14:58:50 [INFO] 请将 Nikon 的 Logo 放置到对应目录
2025-11-10 14:58:50 [INFO] [拖动调试] QPixmap显示: 586x840
2025-11-10 14:58:50 [INFO] [拖动调试] 预览画布: 1485x2126
2025-11-10 14:58:50 [INFO] [拖动调试] 实际图片: 3712x5568
2025-11-10 14:58:50 [INFO] [拖动调试] 原始画布: 4310x6167
2025-11-10 14:58:50 [INFO] [拖动调试] 实际缩放比例: 0.344548 x 0.344738
2025-11-10 14:58:50 [INFO] [拖动调试] 预览缩放比例: 0.344828
2025-11-10 14:58:50 [INFO] [拖动调试] 拖动距离(屏幕像素): dx=-4.0, dy=5.0
2025-11-10 14:58:50 [INFO] [拖动调试] 拖动距离(预览画布): dx=-10.1, dy=12.7
2025-11-10 14:58:50 [INFO] [拖动调试] 拖动距离(原始画布): dx=-29.4, dy=36.7
2025-11-10 14:58:50 [INFO] ✓ 应用旋转: 270°
2025-11-10 14:58:51 [INFO] ✓ 预览模式：图片缩放至 1280x1920，缩放比例: 0.34
2025-11-10 14:58:51 [INFO] Logo 文件不存在: assets/logos/nikon.png
2025-11-10 14:58:51 [INFO] 请将 Nikon 的 Logo 放置到对应目录
2025-11-10 14:58:54 [INFO] ✓ 应用旋转: 270°
2025-11-10 14:58:54 [INFO] ✓ 预览模式：图片缩放至 1280x1920，缩放比例: 0.34
2025-11-10 14:58:54 [INFO] Logo 文件不存在: assets/logos/nikon.png
2025-11-10 14:58:54 [INFO] 请将 Nikon 的 Logo 放置到对应目录
2025-11-10 14:58:55 [INFO] ✓ 应用旋转: 270°
2025-11-10 14:58:56 [INFO] ✓ 预览模式：图片缩放至 1280x1920，缩放比例: 0.34
2025-11-10 14:58:56 [INFO] Logo 文件不存在: assets/logos/nikon.png
2025-11-10 14:58:56 [INFO] 请将 Nikon 的 Logo 放置到对应目录
2025-11-10 14:58:56 [INFO] ✓ 应用旋转: 270°
2025-11-10 14:58:56 [INFO] ✓ 预览模式：图片缩放至 1280x1920，缩放比例: 0.34
2025-11-10 14:58:56 [INFO] Logo 文件不存在: assets/logos/nikon.png
2025-11-10 14:58:56 [INFO] 请将 Nikon 的 Logo 放置到对应目录
2025-11-10 14:58:57 [INFO] ✓ 应用旋转: 270°
2025-11-10 14:58:57 [INFO] ✓ 预览模式：图片缩放至 1280x1920，缩放比例: 0.34
2025-11-10 14:58:57 [INFO] Logo 文件不存在: assets/logos/nikon.png
2025-11-10 14:58:57 [INFO] 请将 Nikon 的 Logo 放置到对应目录
2025-11-10 14:58:58 [INFO] ✓ 应用旋转: 270°
2025-11-10 14:58:58 [INFO] ✓ 预览模式：图片缩放至 1280x1920，缩放比例: 0.34
2025-11-10 14:58:58 [INFO] Logo 文件不存在: assets/logos/nikon.png
2025-11-10 14:58:58 [INFO] 请将 Nikon 的 Logo 放置到对应目录
2025-11-10 14:58:58 [INFO] ✓ 应用旋转: 270°
2025-11-10 14:58:58 [INFO] ✓ 预览模式：图片缩放至 1280x1920，缩放比例: 0.34
2025-11-10 14:58:59 [INFO] Logo 文件不存在: assets/logos/nikon.png
2025-11-10 14:58:59 [INFO] 请将 Nikon 的 Logo 放置到对应目录
2025-11-10 14:58:59 [INFO] ✓ 应用旋转: 270°
2025-11-10 14:58:59 [INFO] ✓ 预览模式：图片缩放至 1280x1920，缩放比例: 0.34
2025-11-10 14:58:59 [INFO] Logo 文件不存在: assets/logos/nikon.png
2025-11-10 14:58:59 [INFO] 请将 Nikon 的 Logo 放置到对应目录
2025-11-10 14:58:59 [INFO] ✓ 应用旋转: 270°
2025-11-10 14:59:00 [INFO] ✓ 预览模式：图片缩放至 1280x1920，缩放比例: 0.34
2025-11-10 14:59:00 [INFO] Logo 文件不存在: assets/logos/nikon.png
2025-11-10 14:59:00 [INFO] 请将 Nikon 的 Logo 放置到对应目录
2025-11-10 14:59:00 [INFO] ✓ 应用旋转: 270°
2025-11-10 14:59:00 [INFO] ✓ 预览模式：图片缩放至 1280x1920，缩放比例: 0.34
2025-11-10 14:59:00 [INFO] Logo 文件不存在: assets/logos/nikon.png
2025-11-10 14:59:00 [INFO] 请将 Nikon 的 Logo 放置到对应目录
2025-11-10 14:59:01 [INFO] ✓ 应用旋转: 270°
2025-11-10 14:59:01 [INFO] ✓ 预览模式：图片缩放至 1280x1920，缩放比例: 0.34
2025-11-10 14:59:01 [INFO] Logo 文件不存在: assets/logos/nikon.png
2025-11-10 14:59:01 [INFO] 请将 Nikon 的 Logo 放置到对应目录
2025-11-10 14:59:01 [INFO] ✓ 应用旋转: 270°
2025-11-10 14:59:01 [INFO] ✓ 预览模式：图片缩放至 1280x1920，缩放比例: 0.34
2025-11-10 14:59:02 [INFO] Logo 文件不存在: assets/logos/nikon.png
2025-11-10 14:59:02 [INFO] 请将 Nikon 的 Logo 放置到对应目录
2025-11-10 14:59:02 [INFO] ✓ 应用旋转: 270°
2025-11-10 14:59:02 [INFO] ✓ 预览模式：图片缩放至 1280x1920，缩放比例: 0.34
2025-11-10 14:59:02 [INFO] Logo 文件不存在: assets/logos/nikon.png
2025-11-10 14:59:02 [INFO] 请将 Nikon 的 Logo 放置到对应目录
2025-11-10 14:59:02 [INFO] ✓ 应用旋转: 270°
2025-11-10 14:59:03 [INFO] ✓ 预览模式：图片缩放至 1280x1920，缩放比例: 0.34
2025-11-10 14:59:03 [INFO] Logo 文件不存在: assets/logos/nikon.png
2025-11-10 14:59:03 [INFO] 请将 Nikon 的 Logo 放置到对应目录
2025-11-10 14:59:03 [INFO] ✓ 应用旋转: 270°
2025-11-10 14:59:03 [INFO] ✓ 预览模式：图片缩放至 1280x1920，缩放比例: 0.34
2025-11-10 14:59:03 [INFO] Logo 文件不存在: assets/logos/nikon.png
2025-11-10 14:59:03 [INFO] 请将 Nikon 的 Logo 放置到对应目录
2025-11-10 14:59:04 [INFO] ✓ 应用旋转: 270°
2025-11-10 14:59:04 [INFO] ✓ 预览模式：图片缩放至 1280x1920，缩放比例: 0.34
2025-11-10 14:59:04 [INFO] Logo 文件不存在: assets/logos/nikon.png
2025-11-10 14:59:04 [INFO] 请将 Nikon 的 Logo 放置到对应目录
2025-11-10 14:59:04 [INFO] ✓ 应用旋转: 270°
2025-11-10 14:59:04 [INFO] ✓ 预览模式：图片缩放至 1280x1920，缩放比例: 0.34
2025-11-10 14:59:05 [INFO] Logo 文件不存在: assets/logos/nikon.png
2025-11-10 14:59:05 [INFO] 请将 Nikon 的 Logo 放置到对应目录
2025-11-10 14:59:05 [INFO] ✓ 应用旋转: 270°
2025-11-10 14:59:05 [INFO] ✓ 预览模式：图片缩放至 1280x1920，缩放比例: 0.34
2025-11-10 14:59:05 [INFO] Logo 文件不存在: assets/logos/nikon.png
2025-11-10 14:59:05 [INFO] 请将 Nikon 的 Logo 放置到对应目录
2025-11-10 14:59:05 [INFO] ✓ 应用旋转: 270°
2025-11-10 14:59:06 [INFO] ✓ 预览模式：图片缩放至 1280x1920，缩放比例: 0.34
2025-11-10 14:59:06 [INFO] Logo 文件不存在: assets/logos/nikon.png
2025-11-10 14:59:06 [INFO] 请将 Nikon 的 Logo 放置到对应目录
2025-11-10 14:59:06 [INFO] ✓ 应用旋转: 270°
2025-11-10 14:59:06 [INFO] ✓ 预览模式：图片缩放至 1280x1920，缩放比例: 0.34
2025-11-10 14:59:06 [INFO] Logo 文件不存在: assets/logos/nikon.png
2025-11-10 14:59:06 [INFO] 请将 Nikon 的 Logo 放置到对应目录
