2025-11-10 14:43:57 [INFO] 日志系统初始化完成，日志文件: log\watermark_tool_20251110_144357.log
2025-11-10 14:43:57 [INFO] ============================================================
2025-11-10 14:43:57 [INFO] 照片水印生成工具 v1.0
2025-11-10 14:43:57 [INFO] ============================================================
2025-11-10 14:43:57 [INFO] 日志文件: log\watermark_tool_20251110_144357.log
2025-11-10 14:43:57 [INFO] ============================================================
2025-11-10 14:43:57 [INFO] 启动应用...
2025-11-10 14:43:57 [INFO] 正在初始化GUI...
2025-11-10 14:43:57 [INFO] ============================================================
2025-11-10 14:43:57 [INFO] 初始化字体系统...
2025-11-10 14:43:57 [INFO] ============================================================
2025-11-10 14:43:57 [INFO] ✓ Qt文本编解码器: UTF-8
2025-11-10 14:43:57 [INFO] ✓ 加载字体: 黑体 → SimHei
2025-11-10 14:43:57 [INFO] 
设置字体替换规则（强制使用: SimHei）
2025-11-10 14:43:57 [INFO] ✓ 应用字体: SimHei
2025-11-10 14:43:57 [INFO] ============================================================
2025-11-10 14:43:57 [INFO] 正在创建主窗口...
2025-11-10 14:43:57 [INFO] 正在加载模板...
2025-11-10 14:43:57 [INFO] 成功加载 1 个模板
2025-11-10 14:43:57 [INFO] 正在初始化界面...
2025-11-10 14:43:57 [INFO] 界面初始化完成！
2025-11-10 14:44:02 [INFO] ✓ 预览模式：图片缩放至 1920x1280，缩放比例: 0.34
2025-11-10 14:44:02 [INFO] Logo 文件不存在: assets/logos/nikon.png
2025-11-10 14:44:02 [INFO] 请将 Nikon 的 Logo 放置到对应目录
2025-11-10 14:44:05 [INFO] ✓ 应用旋转: 270°
2025-11-10 14:44:05 [INFO] ✓ 预览模式：图片缩放至 1280x1920，缩放比例: 0.34
2025-11-10 14:44:05 [INFO] Logo 文件不存在: assets/logos/nikon.png
2025-11-10 14:44:05 [INFO] 请将 Nikon 的 Logo 放置到对应目录
2025-11-10 14:44:10 [INFO] ✓ 应用旋转: 270°
2025-11-10 14:44:10 [INFO] ✓ 预览模式：图片缩放至 1280x1920，缩放比例: 0.34
2025-11-10 14:44:10 [INFO] Logo 文件不存在: assets/logos/nikon.png
2025-11-10 14:44:10 [INFO] 请将 Nikon 的 Logo 放置到对应目录
2025-11-10 14:44:14 [INFO] ✓ 应用旋转: 270°
2025-11-10 14:44:14 [INFO] ✓ 预览模式：图片缩放至 1280x1920，缩放比例: 0.34
2025-11-10 14:44:14 [INFO] Logo 文件不存在: assets/logos/nikon.png
2025-11-10 14:44:14 [INFO] 请将 Nikon 的 Logo 放置到对应目录
2025-11-10 14:44:14 [INFO] ✓ 应用旋转: 270°
2025-11-10 14:44:14 [INFO] ✓ 预览模式：图片缩放至 1280x1920，缩放比例: 0.34
2025-11-10 14:44:15 [INFO] Logo 文件不存在: assets/logos/nikon.png
2025-11-10 14:44:15 [INFO] 请将 Nikon 的 Logo 放置到对应目录
2025-11-10 14:44:18 [INFO] ✓ 应用旋转: 270°
2025-11-10 14:44:18 [INFO] ✓ 预览模式：图片缩放至 1280x1920，缩放比例: 0.34
2025-11-10 14:44:19 [INFO] Logo 文件不存在: assets/logos/nikon.png
2025-11-10 14:44:19 [INFO] 请将 Nikon 的 Logo 放置到对应目录
2025-11-10 14:44:25 [INFO] ✓ 应用旋转: 270°
2025-11-10 14:44:25 [INFO] ✓ 预览模式：图片缩放至 1280x1920，缩放比例: 0.34
2025-11-10 14:44:25 [INFO] Logo 文件不存在: assets/logos/nikon.png
2025-11-10 14:44:25 [INFO] 请将 Nikon 的 Logo 放置到对应目录
2025-11-10 14:44:25 [INFO] ✓ 应用旋转: 270°
2025-11-10 14:44:26 [INFO] ✓ 预览模式：图片缩放至 1280x1920，缩放比例: 0.34
2025-11-10 14:44:26 [INFO] Logo 文件不存在: assets/logos/nikon.png
2025-11-10 14:44:26 [INFO] 请将 Nikon 的 Logo 放置到对应目录
2025-11-10 14:44:26 [INFO] ✓ 应用旋转: 270°
2025-11-10 14:44:27 [INFO] ✓ 预览模式：图片缩放至 1280x1920，缩放比例: 0.34
2025-11-10 14:44:27 [INFO] Logo 文件不存在: assets/logos/nikon.png
2025-11-10 14:44:27 [INFO] 请将 Nikon 的 Logo 放置到对应目录
2025-11-10 14:44:28 [INFO] [拖动调试] QPixmap显示: 409x586
2025-11-10 14:44:28 [INFO] [拖动调试] 预览画布: 1486x2126
2025-11-10 14:44:28 [INFO] [拖动调试] 实际图片: 3712x5568
2025-11-10 14:44:28 [INFO] [拖动调试] 原始画布: 4312x6167
2025-11-10 14:44:28 [INFO] [拖动调试] 实际缩放比例: 0.344620 x 0.344738
2025-11-10 14:44:28 [INFO] [拖动调试] 预览缩放比例: 0.344828
2025-11-10 14:44:28 [INFO] [拖动调试] 拖动距离(屏幕像素): dx=1.0, dy=0.0
2025-11-10 14:44:28 [INFO] [拖动调试] 拖动距离(预览画布): dx=3.6, dy=0.0
2025-11-10 14:44:28 [INFO] [拖动调试] 拖动距离(原始画布): dx=10.5, dy=0.0
2025-11-10 14:44:28 [INFO] ✓ 应用旋转: 270°
2025-11-10 14:44:28 [INFO] ✓ 预览模式：图片缩放至 1280x1920，缩放比例: 0.34
2025-11-10 14:44:28 [INFO] Logo 文件不存在: assets/logos/nikon.png
2025-11-10 14:44:28 [INFO] 请将 Nikon 的 Logo 放置到对应目录
2025-11-10 14:44:28 [INFO] [拖动调试] QPixmap显示: 409x586
2025-11-10 14:44:28 [INFO] [拖动调试] 预览画布: 1486x2126
2025-11-10 14:44:28 [INFO] [拖动调试] 实际图片: 3712x5568
2025-11-10 14:44:28 [INFO] [拖动调试] 原始画布: 4312x6167
2025-11-10 14:44:28 [INFO] [拖动调试] 实际缩放比例: 0.344620 x 0.344738
2025-11-10 14:44:28 [INFO] [拖动调试] 预览缩放比例: 0.344828
2025-11-10 14:44:28 [INFO] [拖动调试] 拖动距离(屏幕像素): dx=269.0, dy=17.0
2025-11-10 14:44:28 [INFO] [拖动调试] 拖动距离(预览画布): dx=977.3, dy=61.7
2025-11-10 14:44:28 [INFO] [拖动调试] 拖动距离(原始画布): dx=2836.0, dy=178.9
2025-11-10 14:44:29 [INFO] ✓ 应用旋转: 270°
2025-11-10 14:44:29 [INFO] ✓ 预览模式：图片缩放至 1280x1920，缩放比例: 0.34
2025-11-10 14:44:29 [INFO] Logo 文件不存在: assets/logos/nikon.png
2025-11-10 14:44:29 [INFO] 请将 Nikon 的 Logo 放置到对应目录
2025-11-10 14:44:29 [INFO] [拖动调试] QPixmap显示: 409x586
2025-11-10 14:44:29 [INFO] [拖动调试] 预览画布: 1486x2126
2025-11-10 14:44:29 [INFO] [拖动调试] 实际图片: 3712x5568
2025-11-10 14:44:29 [INFO] [拖动调试] 原始画布: 4312x6167
2025-11-10 14:44:29 [INFO] [拖动调试] 实际缩放比例: 0.344620 x 0.344738
2025-11-10 14:44:29 [INFO] [拖动调试] 预览缩放比例: 0.344828
2025-11-10 14:44:29 [INFO] [拖动调试] 拖动距离(屏幕像素): dx=274.0, dy=12.0
2025-11-10 14:44:29 [INFO] [拖动调试] 拖动距离(预览画布): dx=995.5, dy=43.5
2025-11-10 14:44:29 [INFO] [拖动调试] 拖动距离(原始画布): dx=2888.7, dy=126.3
2025-11-10 14:44:29 [INFO] ✓ 应用旋转: 270°
2025-11-10 14:44:29 [INFO] ✓ 预览模式：图片缩放至 1280x1920，缩放比例: 0.34
2025-11-10 14:44:30 [INFO] Logo 文件不存在: assets/logos/nikon.png
2025-11-10 14:44:30 [INFO] 请将 Nikon 的 Logo 放置到对应目录
2025-11-10 14:44:30 [INFO] [拖动调试] QPixmap显示: 409x586
2025-11-10 14:44:30 [INFO] [拖动调试] 预览画布: 1486x2126
2025-11-10 14:44:30 [INFO] [拖动调试] 实际图片: 3712x5568
2025-11-10 14:44:30 [INFO] [拖动调试] 原始画布: 4312x6167
2025-11-10 14:44:30 [INFO] [拖动调试] 实际缩放比例: 0.344620 x 0.344738
2025-11-10 14:44:30 [INFO] [拖动调试] 预览缩放比例: 0.344828
2025-11-10 14:44:30 [INFO] [拖动调试] 拖动距离(屏幕像素): dx=271.0, dy=6.0
2025-11-10 14:44:30 [INFO] [拖动调试] 拖动距离(预览画布): dx=984.6, dy=21.8
2025-11-10 14:44:30 [INFO] [拖动调试] 拖动距离(原始画布): dx=2857.1, dy=63.1
2025-11-10 14:44:30 [INFO] ✓ 应用旋转: 270°
2025-11-10 14:44:30 [INFO] ✓ 预览模式：图片缩放至 1280x1920，缩放比例: 0.34
2025-11-10 14:44:30 [INFO] Logo 文件不存在: assets/logos/nikon.png
2025-11-10 14:44:30 [INFO] 请将 Nikon 的 Logo 放置到对应目录
2025-11-10 14:44:30 [INFO] [拖动调试] QPixmap显示: 409x586
2025-11-10 14:44:30 [INFO] [拖动调试] 预览画布: 1486x2126
2025-11-10 14:44:30 [INFO] [拖动调试] 实际图片: 3712x5568
2025-11-10 14:44:30 [INFO] [拖动调试] 原始画布: 4312x6167
2025-11-10 14:44:30 [INFO] [拖动调试] 实际缩放比例: 0.344620 x 0.344738
2025-11-10 14:44:30 [INFO] [拖动调试] 预览缩放比例: 0.344828
2025-11-10 14:44:30 [INFO] [拖动调试] 拖动距离(屏幕像素): dx=269.0, dy=-1.0
2025-11-10 14:44:30 [INFO] [拖动调试] 拖动距离(预览画布): dx=977.3, dy=-3.6
2025-11-10 14:44:30 [INFO] [拖动调试] 拖动距离(原始画布): dx=2836.0, dy=-10.5
2025-11-10 14:44:30 [INFO] ✓ 应用旋转: 270°
2025-11-10 14:44:31 [INFO] ✓ 预览模式：图片缩放至 1280x1920，缩放比例: 0.34
2025-11-10 14:44:31 [INFO] Logo 文件不存在: assets/logos/nikon.png
2025-11-10 14:44:31 [INFO] 请将 Nikon 的 Logo 放置到对应目录
2025-11-10 14:44:31 [INFO] [拖动调试] QPixmap显示: 409x586
2025-11-10 14:44:31 [INFO] [拖动调试] 预览画布: 1486x2126
2025-11-10 14:44:31 [INFO] [拖动调试] 实际图片: 3712x5568
2025-11-10 14:44:31 [INFO] [拖动调试] 原始画布: 4312x6167
2025-11-10 14:44:31 [INFO] [拖动调试] 实际缩放比例: 0.344620 x 0.344738
2025-11-10 14:44:31 [INFO] [拖动调试] 预览缩放比例: 0.344828
2025-11-10 14:44:31 [INFO] [拖动调试] 拖动距离(屏幕像素): dx=268.0, dy=-3.0
2025-11-10 14:44:31 [INFO] [拖动调试] 拖动距离(预览画布): dx=973.7, dy=-10.9
2025-11-10 14:44:31 [INFO] [拖动调试] 拖动距离(原始画布): dx=2825.5, dy=-31.6
2025-11-10 14:44:31 [INFO] ✓ 应用旋转: 270°
2025-11-10 14:44:31 [INFO] ✓ 预览模式：图片缩放至 1280x1920，缩放比例: 0.34
2025-11-10 14:44:31 [INFO] Logo 文件不存在: assets/logos/nikon.png
2025-11-10 14:44:31 [INFO] 请将 Nikon 的 Logo 放置到对应目录
2025-11-10 14:44:31 [INFO] [拖动调试] QPixmap显示: 409x586
2025-11-10 14:44:31 [INFO] [拖动调试] 预览画布: 1486x2126
2025-11-10 14:44:31 [INFO] [拖动调试] 实际图片: 3712x5568
2025-11-10 14:44:31 [INFO] [拖动调试] 原始画布: 4312x6167
2025-11-10 14:44:31 [INFO] [拖动调试] 实际缩放比例: 0.344620 x 0.344738
2025-11-10 14:44:31 [INFO] [拖动调试] 预览缩放比例: 0.344828
2025-11-10 14:44:31 [INFO] [拖动调试] 拖动距离(屏幕像素): dx=268.0, dy=-5.0
2025-11-10 14:44:31 [INFO] [拖动调试] 拖动距离(预览画布): dx=973.7, dy=-18.1
2025-11-10 14:44:31 [INFO] [拖动调试] 拖动距离(原始画布): dx=2825.5, dy=-52.6
2025-11-10 14:44:32 [INFO] ✓ 应用旋转: 270°
2025-11-10 14:44:32 [INFO] ✓ 预览模式：图片缩放至 1280x1920，缩放比例: 0.34
2025-11-10 14:44:32 [INFO] Logo 文件不存在: assets/logos/nikon.png
2025-11-10 14:44:32 [INFO] 请将 Nikon 的 Logo 放置到对应目录
2025-11-10 14:44:32 [INFO] [拖动调试] QPixmap显示: 409x586
2025-11-10 14:44:32 [INFO] [拖动调试] 预览画布: 1486x2126
2025-11-10 14:44:32 [INFO] [拖动调试] 实际图片: 3712x5568
2025-11-10 14:44:32 [INFO] [拖动调试] 原始画布: 4312x6167
2025-11-10 14:44:32 [INFO] [拖动调试] 实际缩放比例: 0.344620 x 0.344738
2025-11-10 14:44:32 [INFO] [拖动调试] 预览缩放比例: 0.344828
2025-11-10 14:44:32 [INFO] [拖动调试] 拖动距离(屏幕像素): dx=268.0, dy=0.0
2025-11-10 14:44:32 [INFO] [拖动调试] 拖动距离(预览画布): dx=973.7, dy=0.0
2025-11-10 14:44:32 [INFO] [拖动调试] 拖动距离(原始画布): dx=2825.5, dy=0.0
2025-11-10 14:44:32 [INFO] ✓ 应用旋转: 270°
2025-11-10 14:44:32 [INFO] ✓ 预览模式：图片缩放至 1280x1920，缩放比例: 0.34
2025-11-10 14:44:33 [INFO] Logo 文件不存在: assets/logos/nikon.png
2025-11-10 14:44:33 [INFO] 请将 Nikon 的 Logo 放置到对应目录
2025-11-10 14:44:33 [INFO] [拖动调试] QPixmap显示: 409x586
2025-11-10 14:44:33 [INFO] [拖动调试] 预览画布: 1486x2126
2025-11-10 14:44:33 [INFO] [拖动调试] 实际图片: 3712x5568
2025-11-10 14:44:33 [INFO] [拖动调试] 原始画布: 4312x6167
2025-11-10 14:44:33 [INFO] [拖动调试] 实际缩放比例: 0.344620 x 0.344738
2025-11-10 14:44:33 [INFO] [拖动调试] 预览缩放比例: 0.344828
2025-11-10 14:44:33 [INFO] [拖动调试] 拖动距离(屏幕像素): dx=268.0, dy=1.0
2025-11-10 14:44:33 [INFO] [拖动调试] 拖动距离(预览画布): dx=973.7, dy=3.6
2025-11-10 14:44:33 [INFO] [拖动调试] 拖动距离(原始画布): dx=2825.5, dy=10.5
2025-11-10 14:44:33 [INFO] ✓ 应用旋转: 270°
2025-11-10 14:44:33 [INFO] ✓ 预览模式：图片缩放至 1280x1920，缩放比例: 0.34
2025-11-10 14:44:33 [INFO] Logo 文件不存在: assets/logos/nikon.png
2025-11-10 14:44:33 [INFO] 请将 Nikon 的 Logo 放置到对应目录
2025-11-10 14:44:33 [INFO] [拖动调试] QPixmap显示: 409x586
2025-11-10 14:44:33 [INFO] [拖动调试] 预览画布: 1486x2126
2025-11-10 14:44:33 [INFO] [拖动调试] 实际图片: 3712x5568
2025-11-10 14:44:33 [INFO] [拖动调试] 原始画布: 4312x6167
2025-11-10 14:44:33 [INFO] [拖动调试] 实际缩放比例: 0.344620 x 0.344738
2025-11-10 14:44:33 [INFO] [拖动调试] 预览缩放比例: 0.344828
2025-11-10 14:44:33 [INFO] [拖动调试] 拖动距离(屏幕像素): dx=269.0, dy=3.0
2025-11-10 14:44:33 [INFO] [拖动调试] 拖动距离(预览画布): dx=977.3, dy=10.9
2025-11-10 14:44:33 [INFO] [拖动调试] 拖动距离(原始画布): dx=2836.0, dy=31.6
2025-11-10 14:44:33 [INFO] ✓ 应用旋转: 270°
2025-11-10 14:44:34 [INFO] ✓ 预览模式：图片缩放至 1280x1920，缩放比例: 0.34
2025-11-10 14:44:34 [INFO] Logo 文件不存在: assets/logos/nikon.png
2025-11-10 14:44:34 [INFO] 请将 Nikon 的 Logo 放置到对应目录
2025-11-10 14:44:34 [INFO] [拖动调试] QPixmap显示: 409x586
2025-11-10 14:44:34 [INFO] [拖动调试] 预览画布: 1486x2126
2025-11-10 14:44:34 [INFO] [拖动调试] 实际图片: 3712x5568
2025-11-10 14:44:34 [INFO] [拖动调试] 原始画布: 4312x6167
2025-11-10 14:44:34 [INFO] [拖动调试] 实际缩放比例: 0.344620 x 0.344738
2025-11-10 14:44:34 [INFO] [拖动调试] 预览缩放比例: 0.344828
2025-11-10 14:44:34 [INFO] [拖动调试] 拖动距离(屏幕像素): dx=269.0, dy=2.0
2025-11-10 14:44:34 [INFO] [拖动调试] 拖动距离(预览画布): dx=977.3, dy=7.3
2025-11-10 14:44:34 [INFO] [拖动调试] 拖动距离(原始画布): dx=2836.0, dy=21.0
2025-11-10 14:44:34 [INFO] ✓ 应用旋转: 270°
2025-11-10 14:44:34 [INFO] ✓ 预览模式：图片缩放至 1280x1920，缩放比例: 0.34
2025-11-10 14:44:34 [INFO] Logo 文件不存在: assets/logos/nikon.png
2025-11-10 14:44:34 [INFO] 请将 Nikon 的 Logo 放置到对应目录
2025-11-10 14:44:34 [INFO] [拖动调试] QPixmap显示: 409x586
2025-11-10 14:44:34 [INFO] [拖动调试] 预览画布: 1486x2126
2025-11-10 14:44:34 [INFO] [拖动调试] 实际图片: 3712x5568
2025-11-10 14:44:34 [INFO] [拖动调试] 原始画布: 4312x6167
2025-11-10 14:44:34 [INFO] [拖动调试] 实际缩放比例: 0.344620 x 0.344738
2025-11-10 14:44:34 [INFO] [拖动调试] 预览缩放比例: 0.344828
2025-11-10 14:44:34 [INFO] [拖动调试] 拖动距离(屏幕像素): dx=269.0, dy=1.0
2025-11-10 14:44:34 [INFO] [拖动调试] 拖动距离(预览画布): dx=977.3, dy=3.6
2025-11-10 14:44:34 [INFO] [拖动调试] 拖动距离(原始画布): dx=2836.0, dy=10.5
2025-11-10 14:44:35 [INFO] ✓ 应用旋转: 270°
2025-11-10 14:44:35 [INFO] ✓ 预览模式：图片缩放至 1280x1920，缩放比例: 0.34
2025-11-10 14:44:35 [INFO] Logo 文件不存在: assets/logos/nikon.png
2025-11-10 14:44:35 [INFO] 请将 Nikon 的 Logo 放置到对应目录
2025-11-10 14:44:38 [INFO] [拖动调试] QPixmap显示: 409x586
2025-11-10 14:44:38 [INFO] [拖动调试] 预览画布: 1486x2126
2025-11-10 14:44:38 [INFO] [拖动调试] 实际图片: 3712x5568
2025-11-10 14:44:38 [INFO] [拖动调试] 原始画布: 4312x6167
2025-11-10 14:44:38 [INFO] [拖动调试] 实际缩放比例: 0.344620 x 0.344738
2025-11-10 14:44:38 [INFO] [拖动调试] 预览缩放比例: 0.344828
2025-11-10 14:44:38 [INFO] [拖动调试] 拖动距离(屏幕像素): dx=-1.0, dy=0.0
2025-11-10 14:44:38 [INFO] [拖动调试] 拖动距离(预览画布): dx=-3.6, dy=0.0
2025-11-10 14:44:38 [INFO] [拖动调试] 拖动距离(原始画布): dx=-10.5, dy=0.0
2025-11-10 14:44:38 [INFO] ✓ 应用旋转: 270°
2025-11-10 14:44:38 [INFO] ✓ 预览模式：图片缩放至 1280x1920，缩放比例: 0.34
2025-11-10 14:44:39 [INFO] Logo 文件不存在: assets/logos/nikon.png
2025-11-10 14:44:39 [INFO] 请将 Nikon 的 Logo 放置到对应目录
2025-11-10 14:44:39 [INFO] [拖动调试] QPixmap显示: 409x586
2025-11-10 14:44:39 [INFO] [拖动调试] 预览画布: 1486x2126
2025-11-10 14:44:39 [INFO] [拖动调试] 实际图片: 3712x5568
2025-11-10 14:44:39 [INFO] [拖动调试] 原始画布: 4312x6167
2025-11-10 14:44:39 [INFO] [拖动调试] 实际缩放比例: 0.344620 x 0.344738
2025-11-10 14:44:39 [INFO] [拖动调试] 预览缩放比例: 0.344828
2025-11-10 14:44:39 [INFO] [拖动调试] 拖动距离(屏幕像素): dx=-1.0, dy=-1.0
2025-11-10 14:44:39 [INFO] [拖动调试] 拖动距离(预览画布): dx=-3.6, dy=-3.6
2025-11-10 14:44:39 [INFO] [拖动调试] 拖动距离(原始画布): dx=-10.5, dy=-10.5
2025-11-10 14:44:39 [INFO] ✓ 应用旋转: 270°
2025-11-10 14:44:39 [INFO] ✓ 预览模式：图片缩放至 1280x1920，缩放比例: 0.34
2025-11-10 14:44:39 [INFO] Logo 文件不存在: assets/logos/nikon.png
2025-11-10 14:44:39 [INFO] 请将 Nikon 的 Logo 放置到对应目录
2025-11-10 14:44:42 [INFO] [拖动调试] QPixmap显示: 409x586
2025-11-10 14:44:42 [INFO] [拖动调试] 预览画布: 1486x2126
2025-11-10 14:44:42 [INFO] [拖动调试] 实际图片: 3712x5568
2025-11-10 14:44:42 [INFO] [拖动调试] 原始画布: 4312x6167
2025-11-10 14:44:42 [INFO] [拖动调试] 实际缩放比例: 0.344620 x 0.344738
2025-11-10 14:44:42 [INFO] [拖动调试] 预览缩放比例: 0.344828
2025-11-10 14:44:42 [INFO] [拖动调试] 拖动距离(屏幕像素): dx=0.0, dy=-1.0
2025-11-10 14:44:42 [INFO] [拖动调试] 拖动距离(预览画布): dx=0.0, dy=-3.6
2025-11-10 14:44:42 [INFO] [拖动调试] 拖动距离(原始画布): dx=0.0, dy=-10.5
2025-11-10 14:44:42 [INFO] ✓ 应用旋转: 270°
2025-11-10 14:44:42 [INFO] ✓ 预览模式：图片缩放至 1280x1920，缩放比例: 0.34
2025-11-10 14:44:43 [INFO] Logo 文件不存在: assets/logos/nikon.png
2025-11-10 14:44:43 [INFO] 请将 Nikon 的 Logo 放置到对应目录
2025-11-10 14:44:43 [INFO] [拖动调试] QPixmap显示: 409x586
2025-11-10 14:44:43 [INFO] [拖动调试] 预览画布: 1486x2126
2025-11-10 14:44:43 [INFO] [拖动调试] 实际图片: 3712x5568
2025-11-10 14:44:43 [INFO] [拖动调试] 原始画布: 4312x6167
2025-11-10 14:44:43 [INFO] [拖动调试] 实际缩放比例: 0.344620 x 0.344738
2025-11-10 14:44:43 [INFO] [拖动调试] 预览缩放比例: 0.344828
2025-11-10 14:44:43 [INFO] [拖动调试] 拖动距离(屏幕像素): dx=1.0, dy=-4.0
2025-11-10 14:44:43 [INFO] [拖动调试] 拖动距离(预览画布): dx=3.6, dy=-14.5
2025-11-10 14:44:43 [INFO] [拖动调试] 拖动距离(原始画布): dx=10.5, dy=-42.1
2025-11-10 14:44:43 [INFO] ✓ 应用旋转: 270°
2025-11-10 14:44:43 [INFO] ✓ 预览模式：图片缩放至 1280x1920，缩放比例: 0.34
2025-11-10 14:44:43 [INFO] Logo 文件不存在: assets/logos/nikon.png
2025-11-10 14:44:43 [INFO] 请将 Nikon 的 Logo 放置到对应目录
2025-11-10 14:44:46 [INFO] [拖动调试] QPixmap显示: 409x586
2025-11-10 14:44:46 [INFO] [拖动调试] 预览画布: 1486x2126
2025-11-10 14:44:46 [INFO] [拖动调试] 实际图片: 3712x5568
2025-11-10 14:44:46 [INFO] [拖动调试] 原始画布: 4312x6167
2025-11-10 14:44:46 [INFO] [拖动调试] 实际缩放比例: 0.344620 x 0.344738
2025-11-10 14:44:46 [INFO] [拖动调试] 预览缩放比例: 0.344828
2025-11-10 14:44:46 [INFO] [拖动调试] 拖动距离(屏幕像素): dx=0.0, dy=1.0
2025-11-10 14:44:46 [INFO] [拖动调试] 拖动距离(预览画布): dx=0.0, dy=3.6
2025-11-10 14:44:46 [INFO] [拖动调试] 拖动距离(原始画布): dx=0.0, dy=10.5
2025-11-10 14:44:46 [INFO] ✓ 应用旋转: 270°
2025-11-10 14:44:46 [INFO] ✓ 预览模式：图片缩放至 1280x1920，缩放比例: 0.34
2025-11-10 14:44:46 [INFO] Logo 文件不存在: assets/logos/nikon.png
2025-11-10 14:44:46 [INFO] 请将 Nikon 的 Logo 放置到对应目录
2025-11-10 14:44:47 [INFO] [拖动调试] QPixmap显示: 409x586
2025-11-10 14:44:47 [INFO] [拖动调试] 预览画布: 1486x2126
2025-11-10 14:44:47 [INFO] [拖动调试] 实际图片: 3712x5568
2025-11-10 14:44:47 [INFO] [拖动调试] 原始画布: 4312x6167
2025-11-10 14:44:47 [INFO] [拖动调试] 实际缩放比例: 0.344620 x 0.344738
2025-11-10 14:44:47 [INFO] [拖动调试] 预览缩放比例: 0.344828
2025-11-10 14:44:47 [INFO] [拖动调试] 拖动距离(屏幕像素): dx=0.0, dy=3.0
2025-11-10 14:44:47 [INFO] [拖动调试] 拖动距离(预览画布): dx=0.0, dy=10.9
2025-11-10 14:44:47 [INFO] [拖动调试] 拖动距离(原始画布): dx=0.0, dy=31.6
2025-11-10 14:44:47 [INFO] ✓ 应用旋转: 270°
2025-11-10 14:44:47 [INFO] ✓ 预览模式：图片缩放至 1280x1920，缩放比例: 0.34
2025-11-10 14:44:47 [INFO] Logo 文件不存在: assets/logos/nikon.png
2025-11-10 14:44:47 [INFO] 请将 Nikon 的 Logo 放置到对应目录
2025-11-10 14:44:49 [INFO] [拖动调试] QPixmap显示: 409x586
2025-11-10 14:44:49 [INFO] [拖动调试] 预览画布: 1486x2126
2025-11-10 14:44:49 [INFO] [拖动调试] 实际图片: 3712x5568
2025-11-10 14:44:49 [INFO] [拖动调试] 原始画布: 4312x6167
2025-11-10 14:44:49 [INFO] [拖动调试] 实际缩放比例: 0.344620 x 0.344738
2025-11-10 14:44:49 [INFO] [拖动调试] 预览缩放比例: 0.344828
2025-11-10 14:44:49 [INFO] [拖动调试] 拖动距离(屏幕像素): dx=0.0, dy=-1.0
2025-11-10 14:44:49 [INFO] [拖动调试] 拖动距离(预览画布): dx=0.0, dy=-3.6
2025-11-10 14:44:49 [INFO] [拖动调试] 拖动距离(原始画布): dx=0.0, dy=-10.5
2025-11-10 14:44:49 [INFO] ✓ 应用旋转: 270°
2025-11-10 14:44:49 [INFO] ✓ 预览模式：图片缩放至 1280x1920，缩放比例: 0.34
2025-11-10 14:44:49 [INFO] Logo 文件不存在: assets/logos/nikon.png
2025-11-10 14:44:49 [INFO] 请将 Nikon 的 Logo 放置到对应目录
2025-11-10 14:44:55 [INFO] ✓ 应用旋转: 270°
2025-11-10 14:44:55 [INFO] ✓ 预览模式：图片缩放至 1280x1920，缩放比例: 0.34
2025-11-10 14:44:58 [INFO] Logo 文件不存在: assets/logos/nikon.png
2025-11-10 14:44:58 [INFO] 请将 Nikon 的 Logo 放置到对应目录
2025-11-10 14:45:02 [INFO] ✓ 应用旋转: 270°
2025-11-10 14:45:02 [INFO] ✓ 预览模式：图片缩放至 1280x1920，缩放比例: 0.34
2025-11-10 14:45:02 [INFO] Logo 文件不存在: assets/logos/nikon.png
2025-11-10 14:45:02 [INFO] 请将 Nikon 的 Logo 放置到对应目录
