2025-11-10 18:19:55 [INFO] 日志系统初始化完成，日志文件: log\watermark_tool_20251110_181955.log
2025-11-10 18:19:55 [INFO] ============================================================
2025-11-10 18:19:55 [INFO] 照片水印生成工具 v1.0
2025-11-10 18:19:55 [INFO] ============================================================
2025-11-10 18:19:55 [INFO] 日志文件: log\watermark_tool_20251110_181955.log
2025-11-10 18:19:55 [INFO] ============================================================
2025-11-10 18:19:55 [INFO] 启动应用...
2025-11-10 18:19:55 [INFO] 正在初始化GUI...
2025-11-10 18:19:55 [INFO] ============================================================
2025-11-10 18:19:55 [INFO] 初始化字体系统...
2025-11-10 18:19:55 [INFO] ============================================================
2025-11-10 18:19:55 [INFO] ✓ Qt文本编解码器: UTF-8
2025-11-10 18:19:55 [INFO] ✓ 加载字体: 黑体 → SimHei
2025-11-10 18:19:55 [INFO] 
设置字体替换规则（强制使用: SimHei）
2025-11-10 18:19:55 [INFO] ✓ 应用字体: SimHei
2025-11-10 18:19:55 [INFO] ============================================================
2025-11-10 18:19:55 [INFO] 正在创建主窗口...
2025-11-10 18:19:55 [INFO] 正在加载模板...
2025-11-10 18:19:55 [INFO] 成功加载 1 个模板
2025-11-10 18:19:55 [INFO] 正在初始化界面...
2025-11-10 18:19:55 [INFO] 界面初始化完成！
2025-11-10 18:21:44 [INFO] ✓ 预览模式：图片缩放至 1920x1280，缩放比例: 0.34
2025-11-10 18:21:45 [INFO] Logo 文件不存在: assets/logos/nikon.png
2025-11-10 18:21:45 [INFO] 请将 Nikon 的 Logo 放置到对应目录
2025-11-10 18:21:47 [INFO] ✓ 应用旋转: 270°
2025-11-10 18:21:47 [INFO] ✓ 预览模式：图片缩放至 1280x1920，缩放比例: 0.34
2025-11-10 18:21:47 [INFO] Logo 文件不存在: assets/logos/nikon.png
2025-11-10 18:21:47 [INFO] 请将 Nikon 的 Logo 放置到对应目录
2025-11-10 18:21:55 [INFO] ✓ 应用旋转: 270°
2025-11-10 18:21:55 [INFO] ✓ 预览模式：图片缩放至 1280x1920，缩放比例: 0.34
2025-11-10 18:21:55 [INFO] ✓ 应用旋转: 270°
2025-11-10 18:21:55 [INFO] Logo 文件不存在: assets/logos/nikon.png
2025-11-10 18:21:55 [INFO] 请将 Nikon 的 Logo 放置到对应目录
2025-11-10 18:21:55 [INFO] ✓ 预览模式：图片缩放至 1280x1920，缩放比例: 0.34
2025-11-10 18:21:56 [INFO] Logo 文件不存在: assets/logos/nikon.png
2025-11-10 18:21:56 [INFO] 请将 Nikon 的 Logo 放置到对应目录
2025-11-10 18:23:10 [INFO] ✓ 应用旋转: 270°
2025-11-10 18:23:11 [INFO] ✓ 预览模式：图片缩放至 1280x1920，缩放比例: 0.34
2025-11-10 18:23:11 [INFO] Logo 文件不存在: assets/logos/nikon.png
2025-11-10 18:23:11 [INFO] 请将 Nikon 的 Logo 放置到对应目录
2025-11-10 18:23:11 [INFO] [拖动调试] QPixmap显示: 672x960
2025-11-10 18:23:11 [INFO] [拖动调试] 预览画布: 1486x2122
2025-11-10 18:23:11 [INFO] [拖动调试] 实际图片: 3712x5568
2025-11-10 18:23:11 [INFO] [拖动调试] 原始画布: 4312x6156
2025-11-10 18:23:11 [INFO] [拖动调试] 实际缩放比例: 0.344620 x 0.344704
2025-11-10 18:23:11 [INFO] [拖动调试] 预览缩放比例: 0.344828
2025-11-10 18:23:11 [INFO] [拖动调试] 拖动距离(屏幕像素): dx=95.0, dy=75.0
2025-11-10 18:23:11 [INFO] [拖动调试] 拖动距离(预览画布): dx=210.1, dy=165.8
2025-11-10 18:23:11 [INFO] [拖动调试] 拖动距离(原始画布): dx=609.6, dy=480.9
2025-11-10 18:23:11 [INFO] ✓ 应用旋转: 270°
2025-11-10 18:23:11 [INFO] ✓ 预览模式：图片缩放至 1280x1920，缩放比例: 0.34
2025-11-10 18:23:11 [INFO] Logo 文件不存在: assets/logos/nikon.png
2025-11-10 18:23:11 [INFO] 请将 Nikon 的 Logo 放置到对应目录
2025-11-10 18:23:12 [INFO] [拖动调试] QPixmap显示: 672x960
2025-11-10 18:23:12 [INFO] [拖动调试] 预览画布: 1486x2122
2025-11-10 18:23:12 [INFO] [拖动调试] 实际图片: 3712x5568
2025-11-10 18:23:12 [INFO] [拖动调试] 原始画布: 4312x6156
2025-11-10 18:23:12 [INFO] [拖动调试] 实际缩放比例: 0.344620 x 0.344704
2025-11-10 18:23:12 [INFO] [拖动调试] 预览缩放比例: 0.344828
2025-11-10 18:23:12 [INFO] [拖动调试] 拖动距离(屏幕像素): dx=90.0, dy=76.0
2025-11-10 18:23:12 [INFO] [拖动调试] 拖动距离(预览画布): dx=199.0, dy=168.0
2025-11-10 18:23:12 [INFO] [拖动调试] 拖动距离(原始画布): dx=577.5, dy=487.4
2025-11-10 18:23:12 [INFO] ✓ 应用旋转: 270°
2025-11-10 18:23:12 [INFO] ✓ 预览模式：图片缩放至 1280x1920，缩放比例: 0.34
2025-11-10 18:23:12 [INFO] Logo 文件不存在: assets/logos/nikon.png
2025-11-10 18:23:12 [INFO] 请将 Nikon 的 Logo 放置到对应目录
2025-11-10 18:23:27 [INFO] ✓ 应用旋转: 270°
2025-11-10 18:23:27 [INFO] ✓ 预览模式：图片缩放至 1280x1920，缩放比例: 0.34
2025-11-10 18:23:27 [INFO] Logo 文件不存在: assets/logos/nikon.png
2025-11-10 18:23:27 [INFO] 请将 Nikon 的 Logo 放置到对应目录
2025-11-10 18:23:27 [INFO] ✓ 应用旋转: 270°
2025-11-10 18:23:28 [INFO] ✓ 预览模式：图片缩放至 1280x1920，缩放比例: 0.34
2025-11-10 18:23:28 [INFO] Logo 文件不存在: assets/logos/nikon.png
2025-11-10 18:23:28 [INFO] 请将 Nikon 的 Logo 放置到对应目录
2025-11-10 18:23:33 [INFO] ✓ 应用旋转: 270°
2025-11-10 18:23:33 [INFO] ✓ 预览模式：图片缩放至 1280x1920，缩放比例: 0.34
2025-11-10 18:23:33 [INFO] Logo 文件不存在: assets/logos/nikon.png
2025-11-10 18:23:33 [INFO] 请将 Nikon 的 Logo 放置到对应目录
2025-11-10 18:23:33 [INFO] ✓ 应用旋转: 270°
2025-11-10 18:23:34 [INFO] ✓ 预览模式：图片缩放至 1280x1920，缩放比例: 0.34
2025-11-10 18:23:34 [INFO] Logo 文件不存在: assets/logos/nikon.png
2025-11-10 18:23:34 [INFO] 请将 Nikon 的 Logo 放置到对应目录
2025-11-10 18:23:34 [INFO] ✓ 应用旋转: 270°
2025-11-10 18:23:34 [INFO] ✓ 预览模式：图片缩放至 1280x1920，缩放比例: 0.34
2025-11-10 18:23:35 [INFO] Logo 文件不存在: assets/logos/nikon.png
2025-11-10 18:23:35 [INFO] 请将 Nikon 的 Logo 放置到对应目录
2025-11-10 18:23:39 [INFO] ✓ 应用旋转: 270°
2025-11-10 18:23:39 [INFO] ✓ 预览模式：图片缩放至 1280x1920，缩放比例: 0.34
2025-11-10 18:23:39 [INFO] Logo 文件不存在: assets/logos/nikon.png
2025-11-10 18:23:39 [INFO] 请将 Nikon 的 Logo 放置到对应目录
2025-11-10 18:23:40 [INFO] ✓ 应用旋转: 270°
2025-11-10 18:23:40 [INFO] ✓ 预览模式：图片缩放至 1280x1920，缩放比例: 0.34
2025-11-10 18:23:40 [INFO] Logo 文件不存在: assets/logos/nikon.png
2025-11-10 18:23:40 [INFO] 请将 Nikon 的 Logo 放置到对应目录
2025-11-10 18:23:42 [INFO] [拖动调试] QPixmap显示: 429x614
2025-11-10 18:23:42 [INFO] [拖动调试] 预览画布: 1486x2122
2025-11-10 18:23:42 [INFO] [拖动调试] 实际图片: 3712x5568
2025-11-10 18:23:42 [INFO] [拖动调试] 原始画布: 4312x6156
2025-11-10 18:23:42 [INFO] [拖动调试] 实际缩放比例: 0.344620 x 0.344704
2025-11-10 18:23:42 [INFO] [拖动调试] 预览缩放比例: 0.344828
2025-11-10 18:23:42 [INFO] [拖动调试] 拖动距离(屏幕像素): dx=-1.0, dy=0.0
2025-11-10 18:23:42 [INFO] [拖动调试] 拖动距离(预览画布): dx=-3.5, dy=0.0
2025-11-10 18:23:42 [INFO] [拖动调试] 拖动距离(原始画布): dx=-10.1, dy=0.0
2025-11-10 18:23:42 [INFO] ✓ 应用旋转: 270°
2025-11-10 18:23:42 [INFO] ✓ 预览模式：图片缩放至 1280x1920，缩放比例: 0.34
2025-11-10 18:23:42 [INFO] Logo 文件不存在: assets/logos/nikon.png
2025-11-10 18:23:42 [INFO] 请将 Nikon 的 Logo 放置到对应目录
2025-11-10 18:23:42 [INFO] [拖动调试] QPixmap显示: 429x614
2025-11-10 18:23:42 [INFO] [拖动调试] 预览画布: 1486x2122
2025-11-10 18:23:42 [INFO] [拖动调试] 实际图片: 3712x5568
2025-11-10 18:23:42 [INFO] [拖动调试] 原始画布: 4312x6156
2025-11-10 18:23:42 [INFO] [拖动调试] 实际缩放比例: 0.344620 x 0.344704
2025-11-10 18:23:42 [INFO] [拖动调试] 预览缩放比例: 0.344828
2025-11-10 18:23:42 [INFO] [拖动调试] 拖动距离(屏幕像素): dx=-15.0, dy=0.0
2025-11-10 18:23:42 [INFO] [拖动调试] 拖动距离(预览画布): dx=-52.0, dy=0.0
2025-11-10 18:23:42 [INFO] [拖动调试] 拖动距离(原始画布): dx=-150.8, dy=0.0
2025-11-10 18:23:43 [INFO] ✓ 应用旋转: 270°
2025-11-10 18:23:43 [INFO] ✓ 预览模式：图片缩放至 1280x1920，缩放比例: 0.34
2025-11-10 18:23:43 [INFO] Logo 文件不存在: assets/logos/nikon.png
2025-11-10 18:23:43 [INFO] 请将 Nikon 的 Logo 放置到对应目录
2025-11-10 18:23:47 [INFO] [拖动调试] QPixmap显示: 429x614
2025-11-10 18:23:47 [INFO] [拖动调试] 预览画布: 1486x2122
2025-11-10 18:23:47 [INFO] [拖动调试] 实际图片: 3712x5568
2025-11-10 18:23:47 [INFO] [拖动调试] 原始画布: 4312x6156
2025-11-10 18:23:47 [INFO] [拖动调试] 实际缩放比例: 0.344620 x 0.344704
2025-11-10 18:23:47 [INFO] [拖动调试] 预览缩放比例: 0.344828
2025-11-10 18:23:47 [INFO] [拖动调试] 拖动距离(屏幕像素): dx=1.0, dy=0.0
2025-11-10 18:23:47 [INFO] [拖动调试] 拖动距离(预览画布): dx=3.5, dy=0.0
2025-11-10 18:23:47 [INFO] [拖动调试] 拖动距离(原始画布): dx=10.1, dy=0.0
2025-11-10 18:23:47 [INFO] ✓ 应用旋转: 270°
2025-11-10 18:23:47 [INFO] ✓ 预览模式：图片缩放至 1280x1920，缩放比例: 0.34
2025-11-10 18:23:47 [INFO] Logo 文件不存在: assets/logos/nikon.png
2025-11-10 18:23:47 [INFO] 请将 Nikon 的 Logo 放置到对应目录
2025-11-10 18:23:47 [INFO] [拖动调试] QPixmap显示: 429x614
2025-11-10 18:23:47 [INFO] [拖动调试] 预览画布: 1486x2122
2025-11-10 18:23:47 [INFO] [拖动调试] 实际图片: 3712x5568
2025-11-10 18:23:47 [INFO] [拖动调试] 原始画布: 4312x6156
2025-11-10 18:23:47 [INFO] [拖动调试] 实际缩放比例: 0.344620 x 0.344704
2025-11-10 18:23:47 [INFO] [拖动调试] 预览缩放比例: 0.344828
2025-11-10 18:23:47 [INFO] [拖动调试] 拖动距离(屏幕像素): dx=20.0, dy=0.0
2025-11-10 18:23:47 [INFO] [拖动调试] 拖动距离(预览画布): dx=69.3, dy=0.0
2025-11-10 18:23:47 [INFO] [拖动调试] 拖动距离(原始画布): dx=201.0, dy=0.0
2025-11-10 18:23:47 [INFO] ✓ 应用旋转: 270°
2025-11-10 18:23:48 [INFO] ✓ 预览模式：图片缩放至 1280x1920，缩放比例: 0.34
2025-11-10 18:23:48 [INFO] Logo 文件不存在: assets/logos/nikon.png
2025-11-10 18:23:48 [INFO] 请将 Nikon 的 Logo 放置到对应目录
2025-11-10 18:23:53 [INFO] [拖动调试] QPixmap显示: 429x614
2025-11-10 18:23:53 [INFO] [拖动调试] 预览画布: 1486x2122
2025-11-10 18:23:53 [INFO] [拖动调试] 实际图片: 3712x5568
2025-11-10 18:23:53 [INFO] [拖动调试] 原始画布: 4312x6156
2025-11-10 18:23:53 [INFO] [拖动调试] 实际缩放比例: 0.344620 x 0.344704
2025-11-10 18:23:53 [INFO] [拖动调试] 预览缩放比例: 0.344828
2025-11-10 18:23:53 [INFO] [拖动调试] 拖动距离(屏幕像素): dx=1.0, dy=0.0
2025-11-10 18:23:53 [INFO] [拖动调试] 拖动距离(预览画布): dx=3.5, dy=0.0
2025-11-10 18:23:53 [INFO] [拖动调试] 拖动距离(原始画布): dx=10.1, dy=0.0
2025-11-10 18:23:53 [INFO] ✓ 应用旋转: 270°
2025-11-10 18:23:53 [INFO] ✓ 预览模式：图片缩放至 1280x1920，缩放比例: 0.34
2025-11-10 18:23:53 [INFO] Logo 文件不存在: assets/logos/nikon.png
2025-11-10 18:23:53 [INFO] 请将 Nikon 的 Logo 放置到对应目录
2025-11-10 18:23:54 [INFO] [拖动调试] QPixmap显示: 429x614
2025-11-10 18:23:54 [INFO] [拖动调试] 预览画布: 1486x2122
2025-11-10 18:23:54 [INFO] [拖动调试] 实际图片: 3712x5568
2025-11-10 18:23:54 [INFO] [拖动调试] 原始画布: 4312x6156
2025-11-10 18:23:54 [INFO] [拖动调试] 实际缩放比例: 0.344620 x 0.344704
2025-11-10 18:23:54 [INFO] [拖动调试] 预览缩放比例: 0.344828
2025-11-10 18:23:54 [INFO] [拖动调试] 拖动距离(屏幕像素): dx=30.0, dy=6.0
2025-11-10 18:23:54 [INFO] [拖动调试] 拖动距离(预览画布): dx=103.9, dy=20.7
2025-11-10 18:23:54 [INFO] [拖动调试] 拖动距离(原始画布): dx=301.5, dy=60.2
2025-11-10 18:23:54 [INFO] ✓ 应用旋转: 270°
2025-11-10 18:23:54 [INFO] ✓ 预览模式：图片缩放至 1280x1920，缩放比例: 0.34
2025-11-10 18:23:54 [INFO] Logo 文件不存在: assets/logos/nikon.png
2025-11-10 18:23:54 [INFO] 请将 Nikon 的 Logo 放置到对应目录
2025-11-10 18:23:55 [INFO] [拖动调试] QPixmap显示: 429x614
2025-11-10 18:23:55 [INFO] [拖动调试] 预览画布: 1486x2122
2025-11-10 18:23:55 [INFO] [拖动调试] 实际图片: 3712x5568
2025-11-10 18:23:55 [INFO] [拖动调试] 原始画布: 4312x6156
2025-11-10 18:23:55 [INFO] [拖动调试] 实际缩放比例: 0.344620 x 0.344704
2025-11-10 18:23:55 [INFO] [拖动调试] 预览缩放比例: 0.344828
2025-11-10 18:23:55 [INFO] [拖动调试] 拖动距离(屏幕像素): dx=29.0, dy=6.0
2025-11-10 18:23:55 [INFO] [拖动调试] 拖动距离(预览画布): dx=100.5, dy=20.7
2025-11-10 18:23:55 [INFO] [拖动调试] 拖动距离(原始画布): dx=291.5, dy=60.2
2025-11-10 18:23:55 [INFO] ✓ 应用旋转: 270°
2025-11-10 18:23:55 [INFO] ✓ 预览模式：图片缩放至 1280x1920，缩放比例: 0.34
2025-11-10 18:23:55 [INFO] Logo 文件不存在: assets/logos/nikon.png
2025-11-10 18:23:55 [INFO] 请将 Nikon 的 Logo 放置到对应目录
2025-11-10 18:23:56 [INFO] [拖动调试] QPixmap显示: 429x614
2025-11-10 18:23:56 [INFO] [拖动调试] 预览画布: 1486x2122
2025-11-10 18:23:56 [INFO] [拖动调试] 实际图片: 3712x5568
2025-11-10 18:23:56 [INFO] [拖动调试] 原始画布: 4312x6156
2025-11-10 18:23:56 [INFO] [拖动调试] 实际缩放比例: 0.344620 x 0.344704
2025-11-10 18:23:56 [INFO] [拖动调试] 预览缩放比例: 0.344828
2025-11-10 18:23:56 [INFO] [拖动调试] 拖动距离(屏幕像素): dx=21.0, dy=0.0
2025-11-10 18:23:56 [INFO] [拖动调试] 拖动距离(预览画布): dx=72.7, dy=0.0
2025-11-10 18:23:56 [INFO] [拖动调试] 拖动距离(原始画布): dx=211.1, dy=0.0
2025-11-10 18:23:56 [INFO] ✓ 应用旋转: 270°
2025-11-10 18:23:56 [INFO] ✓ 预览模式：图片缩放至 1280x1920，缩放比例: 0.34
2025-11-10 18:23:56 [INFO] Logo 文件不存在: assets/logos/nikon.png
2025-11-10 18:23:56 [INFO] 请将 Nikon 的 Logo 放置到对应目录
2025-11-10 18:23:56 [INFO] [拖动调试] QPixmap显示: 429x614
2025-11-10 18:23:56 [INFO] [拖动调试] 预览画布: 1486x2122
2025-11-10 18:23:56 [INFO] [拖动调试] 实际图片: 3712x5568
2025-11-10 18:23:56 [INFO] [拖动调试] 原始画布: 4312x6156
2025-11-10 18:23:56 [INFO] [拖动调试] 实际缩放比例: 0.344620 x 0.344704
2025-11-10 18:23:56 [INFO] [拖动调试] 预览缩放比例: 0.344828
2025-11-10 18:23:56 [INFO] [拖动调试] 拖动距离(屏幕像素): dx=19.0, dy=-1.0
2025-11-10 18:23:56 [INFO] [拖动调试] 拖动距离(预览画布): dx=65.8, dy=-3.5
2025-11-10 18:23:56 [INFO] [拖动调试] 拖动距离(原始画布): dx=191.0, dy=-10.0
2025-11-10 18:23:56 [INFO] ✓ 应用旋转: 270°
2025-11-10 18:23:57 [INFO] ✓ 预览模式：图片缩放至 1280x1920，缩放比例: 0.34
2025-11-10 18:23:57 [INFO] Logo 文件不存在: assets/logos/nikon.png
2025-11-10 18:23:57 [INFO] 请将 Nikon 的 Logo 放置到对应目录
2025-11-10 18:23:57 [INFO] [拖动调试] QPixmap显示: 429x614
2025-11-10 18:23:57 [INFO] [拖动调试] 预览画布: 1486x2122
2025-11-10 18:23:57 [INFO] [拖动调试] 实际图片: 3712x5568
2025-11-10 18:23:57 [INFO] [拖动调试] 原始画布: 4312x6156
2025-11-10 18:23:57 [INFO] [拖动调试] 实际缩放比例: 0.344620 x 0.344704
2025-11-10 18:23:57 [INFO] [拖动调试] 预览缩放比例: 0.344828
2025-11-10 18:23:57 [INFO] [拖动调试] 拖动距离(屏幕像素): dx=17.0, dy=-1.0
2025-11-10 18:23:57 [INFO] [拖动调试] 拖动距离(预览画布): dx=58.9, dy=-3.5
2025-11-10 18:23:57 [INFO] [拖动调试] 拖动距离(原始画布): dx=170.9, dy=-10.0
2025-11-10 18:23:57 [INFO] ✓ 应用旋转: 270°
2025-11-10 18:23:57 [INFO] ✓ 预览模式：图片缩放至 1280x1920，缩放比例: 0.34
2025-11-10 18:23:57 [INFO] Logo 文件不存在: assets/logos/nikon.png
2025-11-10 18:23:57 [INFO] 请将 Nikon 的 Logo 放置到对应目录
2025-11-10 18:23:58 [INFO] [拖动调试] QPixmap显示: 429x614
2025-11-10 18:23:58 [INFO] [拖动调试] 预览画布: 1486x2122
2025-11-10 18:23:58 [INFO] [拖动调试] 实际图片: 3712x5568
2025-11-10 18:23:58 [INFO] [拖动调试] 原始画布: 4312x6156
2025-11-10 18:23:58 [INFO] [拖动调试] 实际缩放比例: 0.344620 x 0.344704
2025-11-10 18:23:58 [INFO] [拖动调试] 预览缩放比例: 0.344828
2025-11-10 18:23:58 [INFO] [拖动调试] 拖动距离(屏幕像素): dx=18.0, dy=2.0
2025-11-10 18:23:58 [INFO] [拖动调试] 拖动距离(预览画布): dx=62.3, dy=6.9
2025-11-10 18:23:58 [INFO] [拖动调试] 拖动距离(原始画布): dx=180.9, dy=20.1
2025-11-10 18:23:58 [INFO] ✓ 应用旋转: 270°
2025-11-10 18:23:58 [INFO] ✓ 预览模式：图片缩放至 1280x1920，缩放比例: 0.34
2025-11-10 18:23:58 [INFO] Logo 文件不存在: assets/logos/nikon.png
2025-11-10 18:23:58 [INFO] 请将 Nikon 的 Logo 放置到对应目录
2025-11-10 18:23:58 [INFO] [拖动调试] QPixmap显示: 429x614
2025-11-10 18:23:58 [INFO] [拖动调试] 预览画布: 1486x2122
2025-11-10 18:23:58 [INFO] [拖动调试] 实际图片: 3712x5568
2025-11-10 18:23:58 [INFO] [拖动调试] 原始画布: 4312x6156
2025-11-10 18:23:58 [INFO] [拖动调试] 实际缩放比例: 0.344620 x 0.344704
2025-11-10 18:23:58 [INFO] [拖动调试] 预览缩放比例: 0.344828
2025-11-10 18:23:58 [INFO] [拖动调试] 拖动距离(屏幕像素): dx=18.0, dy=3.0
2025-11-10 18:23:58 [INFO] [拖动调试] 拖动距离(预览画布): dx=62.3, dy=10.4
2025-11-10 18:23:58 [INFO] [拖动调试] 拖动距离(原始画布): dx=180.9, dy=30.1
2025-11-10 18:23:58 [INFO] ✓ 应用旋转: 270°
2025-11-10 18:23:59 [INFO] ✓ 预览模式：图片缩放至 1280x1920，缩放比例: 0.34
2025-11-10 18:23:59 [INFO] Logo 文件不存在: assets/logos/nikon.png
2025-11-10 18:23:59 [INFO] 请将 Nikon 的 Logo 放置到对应目录
2025-11-10 18:23:59 [INFO] [拖动调试] QPixmap显示: 429x614
2025-11-10 18:23:59 [INFO] [拖动调试] 预览画布: 1486x2122
2025-11-10 18:23:59 [INFO] [拖动调试] 实际图片: 3712x5568
2025-11-10 18:23:59 [INFO] [拖动调试] 原始画布: 4312x6156
2025-11-10 18:23:59 [INFO] [拖动调试] 实际缩放比例: 0.344620 x 0.344704
2025-11-10 18:23:59 [INFO] [拖动调试] 预览缩放比例: 0.344828
2025-11-10 18:23:59 [INFO] [拖动调试] 拖动距离(屏幕像素): dx=17.0, dy=2.0
2025-11-10 18:23:59 [INFO] [拖动调试] 拖动距离(预览画布): dx=58.9, dy=6.9
2025-11-10 18:23:59 [INFO] [拖动调试] 拖动距离(原始画布): dx=170.9, dy=20.1
2025-11-10 18:23:59 [INFO] ✓ 应用旋转: 270°
2025-11-10 18:23:59 [INFO] ✓ 预览模式：图片缩放至 1280x1920，缩放比例: 0.34
2025-11-10 18:24:00 [INFO] Logo 文件不存在: assets/logos/nikon.png
2025-11-10 18:24:00 [INFO] 请将 Nikon 的 Logo 放置到对应目录
2025-11-10 18:24:01 [INFO] [拖动调试] QPixmap显示: 429x614
2025-11-10 18:24:01 [INFO] [拖动调试] 预览画布: 1486x2122
2025-11-10 18:24:01 [INFO] [拖动调试] 实际图片: 3712x5568
2025-11-10 18:24:01 [INFO] [拖动调试] 原始画布: 4312x6156
2025-11-10 18:24:01 [INFO] [拖动调试] 实际缩放比例: 0.344620 x 0.344704
2025-11-10 18:24:01 [INFO] [拖动调试] 预览缩放比例: 0.344828
2025-11-10 18:24:01 [INFO] [拖动调试] 拖动距离(屏幕像素): dx=18.0, dy=2.0
2025-11-10 18:24:01 [INFO] [拖动调试] 拖动距离(预览画布): dx=62.3, dy=6.9
2025-11-10 18:24:01 [INFO] [拖动调试] 拖动距离(原始画布): dx=180.9, dy=20.1
2025-11-10 18:24:01 [INFO] ✓ 应用旋转: 270°
2025-11-10 18:24:02 [INFO] ✓ 预览模式：图片缩放至 1280x1920，缩放比例: 0.34
2025-11-10 18:24:02 [INFO] Logo 文件不存在: assets/logos/nikon.png
2025-11-10 18:24:02 [INFO] 请将 Nikon 的 Logo 放置到对应目录
2025-11-10 18:24:02 [INFO] [拖动调试] QPixmap显示: 429x614
2025-11-10 18:24:02 [INFO] [拖动调试] 预览画布: 1486x2122
2025-11-10 18:24:02 [INFO] [拖动调试] 实际图片: 3712x5568
2025-11-10 18:24:02 [INFO] [拖动调试] 原始画布: 4312x6156
2025-11-10 18:24:02 [INFO] [拖动调试] 实际缩放比例: 0.344620 x 0.344704
2025-11-10 18:24:02 [INFO] [拖动调试] 预览缩放比例: 0.344828
2025-11-10 18:24:02 [INFO] [拖动调试] 拖动距离(屏幕像素): dx=20.0, dy=2.0
2025-11-10 18:24:02 [INFO] [拖动调试] 拖动距离(预览画布): dx=69.3, dy=6.9
2025-11-10 18:24:02 [INFO] [拖动调试] 拖动距离(原始画布): dx=201.0, dy=20.1
2025-11-10 18:24:02 [INFO] ✓ 应用旋转: 270°
2025-11-10 18:24:02 [INFO] ✓ 预览模式：图片缩放至 1280x1920，缩放比例: 0.34
2025-11-10 18:24:02 [INFO] Logo 文件不存在: assets/logos/nikon.png
2025-11-10 18:24:02 [INFO] 请将 Nikon 的 Logo 放置到对应目录
2025-11-10 18:24:03 [INFO] [拖动调试] QPixmap显示: 429x614
2025-11-10 18:24:03 [INFO] [拖动调试] 预览画布: 1486x2122
2025-11-10 18:24:03 [INFO] [拖动调试] 实际图片: 3712x5568
2025-11-10 18:24:03 [INFO] [拖动调试] 原始画布: 4312x6156
2025-11-10 18:24:03 [INFO] [拖动调试] 实际缩放比例: 0.344620 x 0.344704
2025-11-10 18:24:03 [INFO] [拖动调试] 预览缩放比例: 0.344828
2025-11-10 18:24:03 [INFO] [拖动调试] 拖动距离(屏幕像素): dx=25.0, dy=2.0
2025-11-10 18:24:03 [INFO] [拖动调试] 拖动距离(预览画布): dx=86.6, dy=6.9
2025-11-10 18:24:03 [INFO] [拖动调试] 拖动距离(原始画布): dx=251.3, dy=20.1
2025-11-10 18:24:03 [INFO] ✓ 应用旋转: 270°
2025-11-10 18:24:03 [INFO] ✓ 预览模式：图片缩放至 1280x1920，缩放比例: 0.34
2025-11-10 18:24:03 [INFO] Logo 文件不存在: assets/logos/nikon.png
2025-11-10 18:24:03 [INFO] 请将 Nikon 的 Logo 放置到对应目录
2025-11-10 18:24:03 [INFO] [拖动调试] QPixmap显示: 429x614
2025-11-10 18:24:03 [INFO] [拖动调试] 预览画布: 1486x2122
2025-11-10 18:24:03 [INFO] [拖动调试] 实际图片: 3712x5568
2025-11-10 18:24:03 [INFO] [拖动调试] 原始画布: 4312x6156
2025-11-10 18:24:03 [INFO] [拖动调试] 实际缩放比例: 0.344620 x 0.344704
2025-11-10 18:24:03 [INFO] [拖动调试] 预览缩放比例: 0.344828
2025-11-10 18:24:03 [INFO] [拖动调试] 拖动距离(屏幕像素): dx=25.0, dy=1.0
2025-11-10 18:24:03 [INFO] [拖动调试] 拖动距离(预览画布): dx=86.6, dy=3.5
2025-11-10 18:24:03 [INFO] [拖动调试] 拖动距离(原始画布): dx=251.3, dy=10.0
2025-11-10 18:24:03 [INFO] ✓ 应用旋转: 270°
2025-11-10 18:24:04 [INFO] ✓ 预览模式：图片缩放至 1280x1920，缩放比例: 0.34
2025-11-10 18:24:04 [INFO] Logo 文件不存在: assets/logos/nikon.png
2025-11-10 18:24:04 [INFO] 请将 Nikon 的 Logo 放置到对应目录
2025-11-10 18:24:04 [INFO] [拖动调试] QPixmap显示: 429x614
2025-11-10 18:24:04 [INFO] [拖动调试] 预览画布: 1486x2122
2025-11-10 18:24:04 [INFO] [拖动调试] 实际图片: 3712x5568
2025-11-10 18:24:04 [INFO] [拖动调试] 原始画布: 4312x6156
2025-11-10 18:24:04 [INFO] [拖动调试] 实际缩放比例: 0.344620 x 0.344704
2025-11-10 18:24:04 [INFO] [拖动调试] 预览缩放比例: 0.344828
2025-11-10 18:24:04 [INFO] [拖动调试] 拖动距离(屏幕像素): dx=21.0, dy=1.0
2025-11-10 18:24:04 [INFO] [拖动调试] 拖动距离(预览画布): dx=72.7, dy=3.5
2025-11-10 18:24:04 [INFO] [拖动调试] 拖动距离(原始画布): dx=211.1, dy=10.0
2025-11-10 18:24:04 [INFO] ✓ 应用旋转: 270°
2025-11-10 18:24:04 [INFO] ✓ 预览模式：图片缩放至 1280x1920，缩放比例: 0.34
2025-11-10 18:24:05 [INFO] Logo 文件不存在: assets/logos/nikon.png
2025-11-10 18:24:05 [INFO] 请将 Nikon 的 Logo 放置到对应目录
2025-11-10 18:24:05 [INFO] [拖动调试] QPixmap显示: 429x614
2025-11-10 18:24:05 [INFO] [拖动调试] 预览画布: 1486x2122
2025-11-10 18:24:05 [INFO] [拖动调试] 实际图片: 3712x5568
2025-11-10 18:24:05 [INFO] [拖动调试] 原始画布: 4312x6156
2025-11-10 18:24:05 [INFO] [拖动调试] 实际缩放比例: 0.344620 x 0.344704
2025-11-10 18:24:05 [INFO] [拖动调试] 预览缩放比例: 0.344828
2025-11-10 18:24:05 [INFO] [拖动调试] 拖动距离(屏幕像素): dx=19.0, dy=1.0
2025-11-10 18:24:05 [INFO] [拖动调试] 拖动距离(预览画布): dx=65.8, dy=3.5
2025-11-10 18:24:05 [INFO] [拖动调试] 拖动距离(原始画布): dx=191.0, dy=10.0
2025-11-10 18:24:05 [INFO] ✓ 应用旋转: 270°
2025-11-10 18:24:05 [INFO] ✓ 预览模式：图片缩放至 1280x1920，缩放比例: 0.34
2025-11-10 18:24:05 [INFO] Logo 文件不存在: assets/logos/nikon.png
2025-11-10 18:24:05 [INFO] 请将 Nikon 的 Logo 放置到对应目录
2025-11-10 18:24:16 [INFO] ✓ 应用旋转: 270°
2025-11-10 18:24:16 [INFO] ✓ 预览模式：图片缩放至 1280x1920，缩放比例: 0.34
2025-11-10 18:24:16 [INFO] ✓ 应用旋转: 270°
2025-11-10 18:24:16 [INFO] Logo 文件不存在: assets/logos/nikon.png
2025-11-10 18:24:16 [INFO] 请将 Nikon 的 Logo 放置到对应目录
2025-11-10 18:24:16 [INFO] ✓ 预览模式：图片缩放至 1280x1920，缩放比例: 0.34
2025-11-10 18:24:16 [INFO] Logo 文件不存在: assets/logos/nikon.png
2025-11-10 18:24:16 [INFO] 请将 Nikon 的 Logo 放置到对应目录
2025-11-10 18:24:18 [INFO] ✓ 应用旋转: 270°
2025-11-10 18:24:19 [INFO] ✓ 预览模式：图片缩放至 1280x1920，缩放比例: 0.34
2025-11-10 18:24:19 [INFO] Logo 文件不存在: assets/logos/nikon.png
2025-11-10 18:24:19 [INFO] 请将 Nikon 的 Logo 放置到对应目录
2025-11-10 18:24:35 [INFO] ✓ 应用旋转: 270°
2025-11-10 18:24:35 [INFO] ✓ 预览模式：图片缩放至 1280x1920，缩放比例: 0.34
2025-11-10 18:24:35 [INFO] Logo 文件不存在: assets/logos/nikon.png
2025-11-10 18:24:35 [INFO] 请将 Nikon 的 Logo 放置到对应目录
2025-11-10 18:24:35 [INFO] ✓ 应用旋转: 270°
2025-11-10 18:24:35 [INFO] ✓ 预览模式：图片缩放至 1280x1920，缩放比例: 0.34
2025-11-10 18:24:36 [INFO] Logo 文件不存在: assets/logos/nikon.png
2025-11-10 18:24:36 [INFO] 请将 Nikon 的 Logo 放置到对应目录
2025-11-10 18:24:36 [INFO] ✓ 应用旋转: 270°
2025-11-10 18:24:36 [INFO] ✓ 预览模式：图片缩放至 1280x1920，缩放比例: 0.34
2025-11-10 18:24:36 [INFO] ✓ 应用旋转: 270°
2025-11-10 18:24:36 [INFO] Logo 文件不存在: assets/logos/nikon.png
2025-11-10 18:24:36 [INFO] 请将 Nikon 的 Logo 放置到对应目录
2025-11-10 18:24:36 [INFO] ✓ 预览模式：图片缩放至 1280x1920，缩放比例: 0.34
2025-11-10 18:24:37 [INFO] Logo 文件不存在: assets/logos/nikon.png
2025-11-10 18:24:37 [INFO] 请将 Nikon 的 Logo 放置到对应目录
2025-11-10 18:24:58 [INFO] ✓ 应用旋转: 270°
2025-11-10 18:24:58 [INFO] ✓ 预览模式：图片缩放至 1280x1920，缩放比例: 0.34
2025-11-10 18:24:58 [INFO] Logo 文件不存在: assets/logos/nikon.png
2025-11-10 18:24:58 [INFO] 请将 Nikon 的 Logo 放置到对应目录
2025-11-10 18:25:00 [INFO] [拖动调试] QPixmap显示: 429x614
2025-11-10 18:25:00 [INFO] [拖动调试] 预览画布: 1486x2122
2025-11-10 18:25:00 [INFO] [拖动调试] 实际图片: 3712x5568
2025-11-10 18:25:00 [INFO] [拖动调试] 原始画布: 4312x6156
2025-11-10 18:25:00 [INFO] [拖动调试] 实际缩放比例: 0.344620 x 0.344704
2025-11-10 18:25:00 [INFO] [拖动调试] 预览缩放比例: 0.344828
2025-11-10 18:25:00 [INFO] [拖动调试] 拖动距离(屏幕像素): dx=1.0, dy=0.0
2025-11-10 18:25:00 [INFO] [拖动调试] 拖动距离(预览画布): dx=3.5, dy=0.0
2025-11-10 18:25:00 [INFO] [拖动调试] 拖动距离(原始画布): dx=10.1, dy=0.0
2025-11-10 18:25:00 [INFO] ✓ 应用旋转: 270°
2025-11-10 18:25:00 [INFO] ✓ 预览模式：图片缩放至 1280x1920，缩放比例: 0.34
2025-11-10 18:25:00 [INFO] Logo 文件不存在: assets/logos/nikon.png
2025-11-10 18:25:00 [INFO] 请将 Nikon 的 Logo 放置到对应目录
2025-11-10 18:25:00 [INFO] [拖动调试] QPixmap显示: 429x614
2025-11-10 18:25:00 [INFO] [拖动调试] 预览画布: 1486x2122
2025-11-10 18:25:00 [INFO] [拖动调试] 实际图片: 3712x5568
2025-11-10 18:25:00 [INFO] [拖动调试] 原始画布: 4312x6156
2025-11-10 18:25:00 [INFO] [拖动调试] 实际缩放比例: 0.344620 x 0.344704
2025-11-10 18:25:00 [INFO] [拖动调试] 预览缩放比例: 0.344828
2025-11-10 18:25:00 [INFO] [拖动调试] 拖动距离(屏幕像素): dx=13.0, dy=-12.0
2025-11-10 18:25:00 [INFO] [拖动调试] 拖动距离(预览画布): dx=45.0, dy=-41.5
2025-11-10 18:25:00 [INFO] [拖动调试] 拖动距离(原始画布): dx=130.7, dy=-120.3
2025-11-10 18:25:00 [INFO] ✓ 应用旋转: 270°
2025-11-10 18:25:01 [INFO] ✓ 预览模式：图片缩放至 1280x1920，缩放比例: 0.34
2025-11-10 18:25:01 [INFO] Logo 文件不存在: assets/logos/nikon.png
2025-11-10 18:25:01 [INFO] 请将 Nikon 的 Logo 放置到对应目录
2025-11-10 18:25:02 [INFO] [拖动调试] QPixmap显示: 429x614
2025-11-10 18:25:02 [INFO] [拖动调试] 预览画布: 1486x2122
2025-11-10 18:25:02 [INFO] [拖动调试] 实际图片: 3712x5568
2025-11-10 18:25:02 [INFO] [拖动调试] 原始画布: 4312x6156
2025-11-10 18:25:02 [INFO] [拖动调试] 实际缩放比例: 0.344620 x 0.344704
2025-11-10 18:25:02 [INFO] [拖动调试] 预览缩放比例: 0.344828
2025-11-10 18:25:02 [INFO] [拖动调试] 拖动距离(屏幕像素): dx=-1.0, dy=0.0
2025-11-10 18:25:02 [INFO] [拖动调试] 拖动距离(预览画布): dx=-3.5, dy=0.0
2025-11-10 18:25:02 [INFO] [拖动调试] 拖动距离(原始画布): dx=-10.1, dy=0.0
2025-11-10 18:25:02 [INFO] ✓ 应用旋转: 270°
2025-11-10 18:25:02 [INFO] ✓ 预览模式：图片缩放至 1280x1920，缩放比例: 0.34
2025-11-10 18:25:03 [INFO] Logo 文件不存在: assets/logos/nikon.png
2025-11-10 18:25:03 [INFO] 请将 Nikon 的 Logo 放置到对应目录
2025-11-10 18:25:03 [INFO] [拖动调试] QPixmap显示: 429x614
2025-11-10 18:25:03 [INFO] [拖动调试] 预览画布: 1486x2122
2025-11-10 18:25:03 [INFO] [拖动调试] 实际图片: 3712x5568
2025-11-10 18:25:03 [INFO] [拖动调试] 原始画布: 4312x6156
2025-11-10 18:25:03 [INFO] [拖动调试] 实际缩放比例: 0.344620 x 0.344704
2025-11-10 18:25:03 [INFO] [拖动调试] 预览缩放比例: 0.344828
2025-11-10 18:25:03 [INFO] [拖动调试] 拖动距离(屏幕像素): dx=-8.0, dy=19.0
2025-11-10 18:25:03 [INFO] [拖动调试] 拖动距离(预览画布): dx=-27.7, dy=65.7
2025-11-10 18:25:03 [INFO] [拖动调试] 拖动距离(原始画布): dx=-80.4, dy=190.5
2025-11-10 18:25:03 [INFO] ✓ 应用旋转: 270°
2025-11-10 18:25:03 [INFO] ✓ 预览模式：图片缩放至 1280x1920，缩放比例: 0.34
2025-11-10 18:25:03 [INFO] Logo 文件不存在: assets/logos/nikon.png
2025-11-10 18:25:03 [INFO] 请将 Nikon 的 Logo 放置到对应目录
2025-11-10 18:25:04 [INFO] [拖动调试] QPixmap显示: 429x614
2025-11-10 18:25:04 [INFO] [拖动调试] 预览画布: 1486x2122
2025-11-10 18:25:04 [INFO] [拖动调试] 实际图片: 3712x5568
2025-11-10 18:25:04 [INFO] [拖动调试] 原始画布: 4312x6156
2025-11-10 18:25:04 [INFO] [拖动调试] 实际缩放比例: 0.344620 x 0.344704
2025-11-10 18:25:04 [INFO] [拖动调试] 预览缩放比例: 0.344828
2025-11-10 18:25:04 [INFO] [拖动调试] 拖动距离(屏幕像素): dx=-9.0, dy=21.0
2025-11-10 18:25:04 [INFO] [拖动调试] 拖动距离(预览画布): dx=-31.2, dy=72.6
2025-11-10 18:25:04 [INFO] [拖动调试] 拖动距离(原始画布): dx=-90.5, dy=210.5
2025-11-10 18:25:04 [INFO] ✓ 应用旋转: 270°
2025-11-10 18:25:04 [INFO] ✓ 预览模式：图片缩放至 1280x1920，缩放比例: 0.34
2025-11-10 18:25:04 [INFO] Logo 文件不存在: assets/logos/nikon.png
2025-11-10 18:25:04 [INFO] 请将 Nikon 的 Logo 放置到对应目录
2025-11-10 18:25:04 [INFO] [拖动调试] QPixmap显示: 429x614
2025-11-10 18:25:04 [INFO] [拖动调试] 预览画布: 1486x2122
2025-11-10 18:25:04 [INFO] [拖动调试] 实际图片: 3712x5568
2025-11-10 18:25:04 [INFO] [拖动调试] 原始画布: 4312x6156
2025-11-10 18:25:04 [INFO] [拖动调试] 实际缩放比例: 0.344620 x 0.344704
2025-11-10 18:25:04 [INFO] [拖动调试] 预览缩放比例: 0.344828
2025-11-10 18:25:04 [INFO] [拖动调试] 拖动距离(屏幕像素): dx=-14.0, dy=18.0
2025-11-10 18:25:04 [INFO] [拖动调试] 拖动距离(预览画布): dx=-48.5, dy=62.2
2025-11-10 18:25:04 [INFO] [拖动调试] 拖动距离(原始画布): dx=-140.7, dy=180.5
2025-11-10 18:25:04 [INFO] ✓ 应用旋转: 270°
2025-11-10 18:25:05 [INFO] ✓ 预览模式：图片缩放至 1280x1920，缩放比例: 0.34
2025-11-10 18:25:05 [INFO] Logo 文件不存在: assets/logos/nikon.png
2025-11-10 18:25:05 [INFO] 请将 Nikon 的 Logo 放置到对应目录
2025-11-10 18:25:05 [INFO] [拖动调试] QPixmap显示: 429x614
2025-11-10 18:25:05 [INFO] [拖动调试] 预览画布: 1486x2122
2025-11-10 18:25:05 [INFO] [拖动调试] 实际图片: 3712x5568
2025-11-10 18:25:05 [INFO] [拖动调试] 原始画布: 4312x6156
2025-11-10 18:25:05 [INFO] [拖动调试] 实际缩放比例: 0.344620 x 0.344704
2025-11-10 18:25:05 [INFO] [拖动调试] 预览缩放比例: 0.344828
2025-11-10 18:25:05 [INFO] [拖动调试] 拖动距离(屏幕像素): dx=-18.0, dy=13.0
2025-11-10 18:25:05 [INFO] [拖动调试] 拖动距离(预览画布): dx=-62.3, dy=44.9
2025-11-10 18:25:05 [INFO] [拖动调试] 拖动距离(原始画布): dx=-180.9, dy=130.3
2025-11-10 18:25:05 [INFO] ✓ 应用旋转: 270°
2025-11-10 18:25:05 [INFO] ✓ 预览模式：图片缩放至 1280x1920，缩放比例: 0.34
2025-11-10 18:25:05 [INFO] Logo 文件不存在: assets/logos/nikon.png
2025-11-10 18:25:05 [INFO] 请将 Nikon 的 Logo 放置到对应目录
2025-11-10 18:25:06 [INFO] [拖动调试] QPixmap显示: 429x614
2025-11-10 18:25:06 [INFO] [拖动调试] 预览画布: 1486x2122
2025-11-10 18:25:06 [INFO] [拖动调试] 实际图片: 3712x5568
2025-11-10 18:25:06 [INFO] [拖动调试] 原始画布: 4312x6156
2025-11-10 18:25:06 [INFO] [拖动调试] 实际缩放比例: 0.344620 x 0.344704
2025-11-10 18:25:06 [INFO] [拖动调试] 预览缩放比例: 0.344828
2025-11-10 18:25:06 [INFO] [拖动调试] 拖动距离(屏幕像素): dx=-17.0, dy=12.0
2025-11-10 18:25:06 [INFO] [拖动调试] 拖动距离(预览画布): dx=-58.9, dy=41.5
2025-11-10 18:25:06 [INFO] [拖动调试] 拖动距离(原始画布): dx=-170.9, dy=120.3
2025-11-10 18:25:06 [INFO] ✓ 应用旋转: 270°
2025-11-10 18:25:06 [INFO] ✓ 预览模式：图片缩放至 1280x1920，缩放比例: 0.34
2025-11-10 18:25:06 [INFO] Logo 文件不存在: assets/logos/nikon.png
2025-11-10 18:25:06 [INFO] 请将 Nikon 的 Logo 放置到对应目录
2025-11-10 18:25:06 [INFO] [拖动调试] QPixmap显示: 429x614
2025-11-10 18:25:06 [INFO] [拖动调试] 预览画布: 1486x2122
2025-11-10 18:25:06 [INFO] [拖动调试] 实际图片: 3712x5568
2025-11-10 18:25:06 [INFO] [拖动调试] 原始画布: 4312x6156
2025-11-10 18:25:06 [INFO] [拖动调试] 实际缩放比例: 0.344620 x 0.344704
2025-11-10 18:25:06 [INFO] [拖动调试] 预览缩放比例: 0.344828
2025-11-10 18:25:06 [INFO] [拖动调试] 拖动距离(屏幕像素): dx=-14.0, dy=11.0
2025-11-10 18:25:06 [INFO] [拖动调试] 拖动距离(预览画布): dx=-48.5, dy=38.0
2025-11-10 18:25:06 [INFO] [拖动调试] 拖动距离(原始画布): dx=-140.7, dy=110.3
2025-11-10 18:25:06 [INFO] ✓ 应用旋转: 270°
2025-11-10 18:25:07 [INFO] ✓ 预览模式：图片缩放至 1280x1920，缩放比例: 0.34
2025-11-10 18:25:07 [INFO] Logo 文件不存在: assets/logos/nikon.png
2025-11-10 18:25:07 [INFO] 请将 Nikon 的 Logo 放置到对应目录
2025-11-10 18:25:07 [INFO] [拖动调试] QPixmap显示: 429x614
2025-11-10 18:25:07 [INFO] [拖动调试] 预览画布: 1486x2122
2025-11-10 18:25:07 [INFO] [拖动调试] 实际图片: 3712x5568
2025-11-10 18:25:07 [INFO] [拖动调试] 原始画布: 4312x6156
2025-11-10 18:25:07 [INFO] [拖动调试] 实际缩放比例: 0.344620 x 0.344704
2025-11-10 18:25:07 [INFO] [拖动调试] 预览缩放比例: 0.344828
2025-11-10 18:25:07 [INFO] [拖动调试] 拖动距离(屏幕像素): dx=-10.0, dy=11.0
2025-11-10 18:25:07 [INFO] [拖动调试] 拖动距离(预览画布): dx=-34.6, dy=38.0
2025-11-10 18:25:07 [INFO] [拖动调试] 拖动距离(原始画布): dx=-100.5, dy=110.3
2025-11-10 18:25:07 [INFO] ✓ 应用旋转: 270°
2025-11-10 18:25:07 [INFO] ✓ 预览模式：图片缩放至 1280x1920，缩放比例: 0.34
2025-11-10 18:25:08 [INFO] Logo 文件不存在: assets/logos/nikon.png
2025-11-10 18:25:08 [INFO] 请将 Nikon 的 Logo 放置到对应目录
2025-11-10 18:25:08 [INFO] [拖动调试] QPixmap显示: 429x614
2025-11-10 18:25:08 [INFO] [拖动调试] 预览画布: 1486x2122
2025-11-10 18:25:08 [INFO] [拖动调试] 实际图片: 3712x5568
2025-11-10 18:25:08 [INFO] [拖动调试] 原始画布: 4312x6156
2025-11-10 18:25:08 [INFO] [拖动调试] 实际缩放比例: 0.344620 x 0.344704
2025-11-10 18:25:08 [INFO] [拖动调试] 预览缩放比例: 0.344828
2025-11-10 18:25:08 [INFO] [拖动调试] 拖动距离(屏幕像素): dx=-9.0, dy=11.0
2025-11-10 18:25:08 [INFO] [拖动调试] 拖动距离(预览画布): dx=-31.2, dy=38.0
2025-11-10 18:25:08 [INFO] [拖动调试] 拖动距离(原始画布): dx=-90.5, dy=110.3
2025-11-10 18:25:08 [INFO] ✓ 应用旋转: 270°
2025-11-10 18:25:08 [INFO] ✓ 预览模式：图片缩放至 1280x1920，缩放比例: 0.34
2025-11-10 18:25:08 [INFO] Logo 文件不存在: assets/logos/nikon.png
2025-11-10 18:25:08 [INFO] 请将 Nikon 的 Logo 放置到对应目录
2025-11-10 18:25:08 [INFO] [拖动调试] QPixmap显示: 429x614
2025-11-10 18:25:08 [INFO] [拖动调试] 预览画布: 1486x2122
2025-11-10 18:25:08 [INFO] [拖动调试] 实际图片: 3712x5568
2025-11-10 18:25:08 [INFO] [拖动调试] 原始画布: 4312x6156
2025-11-10 18:25:08 [INFO] [拖动调试] 实际缩放比例: 0.344620 x 0.344704
2025-11-10 18:25:08 [INFO] [拖动调试] 预览缩放比例: 0.344828
2025-11-10 18:25:08 [INFO] [拖动调试] 拖动距离(屏幕像素): dx=-8.0, dy=8.0
2025-11-10 18:25:08 [INFO] [拖动调试] 拖动距离(预览画布): dx=-27.7, dy=27.6
2025-11-10 18:25:08 [INFO] [拖动调试] 拖动距离(原始画布): dx=-80.4, dy=80.2
2025-11-10 18:25:09 [INFO] ✓ 应用旋转: 270°
2025-11-10 18:25:09 [INFO] ✓ 预览模式：图片缩放至 1280x1920，缩放比例: 0.34
2025-11-10 18:25:09 [INFO] Logo 文件不存在: assets/logos/nikon.png
2025-11-10 18:25:09 [INFO] 请将 Nikon 的 Logo 放置到对应目录
2025-11-10 18:25:09 [INFO] [拖动调试] QPixmap显示: 429x614
2025-11-10 18:25:09 [INFO] [拖动调试] 预览画布: 1486x2122
2025-11-10 18:25:09 [INFO] [拖动调试] 实际图片: 3712x5568
2025-11-10 18:25:09 [INFO] [拖动调试] 原始画布: 4312x6156
2025-11-10 18:25:09 [INFO] [拖动调试] 实际缩放比例: 0.344620 x 0.344704
2025-11-10 18:25:09 [INFO] [拖动调试] 预览缩放比例: 0.344828
2025-11-10 18:25:09 [INFO] [拖动调试] 拖动距离(屏幕像素): dx=-9.0, dy=8.0
2025-11-10 18:25:09 [INFO] [拖动调试] 拖动距离(预览画布): dx=-31.2, dy=27.6
2025-11-10 18:25:09 [INFO] [拖动调试] 拖动距离(原始画布): dx=-90.5, dy=80.2
2025-11-10 18:25:09 [INFO] ✓ 应用旋转: 270°
2025-11-10 18:25:09 [INFO] ✓ 预览模式：图片缩放至 1280x1920，缩放比例: 0.34
2025-11-10 18:25:10 [INFO] Logo 文件不存在: assets/logos/nikon.png
2025-11-10 18:25:10 [INFO] 请将 Nikon 的 Logo 放置到对应目录
2025-11-10 18:25:10 [INFO] [拖动调试] QPixmap显示: 429x614
2025-11-10 18:25:10 [INFO] [拖动调试] 预览画布: 1486x2122
2025-11-10 18:25:10 [INFO] [拖动调试] 实际图片: 3712x5568
2025-11-10 18:25:10 [INFO] [拖动调试] 原始画布: 4312x6156
2025-11-10 18:25:10 [INFO] [拖动调试] 实际缩放比例: 0.344620 x 0.344704
2025-11-10 18:25:10 [INFO] [拖动调试] 预览缩放比例: 0.344828
2025-11-10 18:25:10 [INFO] [拖动调试] 拖动距离(屏幕像素): dx=-15.0, dy=8.0
2025-11-10 18:25:10 [INFO] [拖动调试] 拖动距离(预览画布): dx=-52.0, dy=27.6
2025-11-10 18:25:10 [INFO] [拖动调试] 拖动距离(原始画布): dx=-150.8, dy=80.2
2025-11-10 18:25:10 [INFO] ✓ 应用旋转: 270°
2025-11-10 18:25:10 [INFO] ✓ 预览模式：图片缩放至 1280x1920，缩放比例: 0.34
2025-11-10 18:25:10 [INFO] Logo 文件不存在: assets/logos/nikon.png
2025-11-10 18:25:10 [INFO] 请将 Nikon 的 Logo 放置到对应目录
2025-11-10 18:25:10 [INFO] [拖动调试] QPixmap显示: 429x614
2025-11-10 18:25:10 [INFO] [拖动调试] 预览画布: 1486x2122
2025-11-10 18:25:10 [INFO] [拖动调试] 实际图片: 3712x5568
2025-11-10 18:25:10 [INFO] [拖动调试] 原始画布: 4312x6156
2025-11-10 18:25:10 [INFO] [拖动调试] 实际缩放比例: 0.344620 x 0.344704
2025-11-10 18:25:10 [INFO] [拖动调试] 预览缩放比例: 0.344828
2025-11-10 18:25:10 [INFO] [拖动调试] 拖动距离(屏幕像素): dx=-19.0, dy=9.0
2025-11-10 18:25:10 [INFO] [拖动调试] 拖动距离(预览画布): dx=-65.8, dy=31.1
2025-11-10 18:25:10 [INFO] [拖动调试] 拖动距离(原始画布): dx=-191.0, dy=90.2
2025-11-10 18:25:11 [INFO] ✓ 应用旋转: 270°
2025-11-10 18:25:11 [INFO] ✓ 预览模式：图片缩放至 1280x1920，缩放比例: 0.34
2025-11-10 18:25:11 [INFO] Logo 文件不存在: assets/logos/nikon.png
2025-11-10 18:25:11 [INFO] 请将 Nikon 的 Logo 放置到对应目录
2025-11-10 18:25:11 [INFO] [拖动调试] QPixmap显示: 429x614
2025-11-10 18:25:11 [INFO] [拖动调试] 预览画布: 1486x2122
2025-11-10 18:25:11 [INFO] [拖动调试] 实际图片: 3712x5568
2025-11-10 18:25:11 [INFO] [拖动调试] 原始画布: 4312x6156
2025-11-10 18:25:11 [INFO] [拖动调试] 实际缩放比例: 0.344620 x 0.344704
2025-11-10 18:25:11 [INFO] [拖动调试] 预览缩放比例: 0.344828
2025-11-10 18:25:11 [INFO] [拖动调试] 拖动距离(屏幕像素): dx=-17.0, dy=10.0
2025-11-10 18:25:11 [INFO] [拖动调试] 拖动距离(预览画布): dx=-58.9, dy=34.6
2025-11-10 18:25:11 [INFO] [拖动调试] 拖动距离(原始画布): dx=-170.9, dy=100.3
2025-11-10 18:25:11 [INFO] ✓ 应用旋转: 270°
2025-11-10 18:25:11 [INFO] ✓ 预览模式：图片缩放至 1280x1920，缩放比例: 0.34
2025-11-10 18:25:12 [INFO] Logo 文件不存在: assets/logos/nikon.png
2025-11-10 18:25:12 [INFO] 请将 Nikon 的 Logo 放置到对应目录
2025-11-10 18:25:12 [INFO] [拖动调试] QPixmap显示: 429x614
2025-11-10 18:25:12 [INFO] [拖动调试] 预览画布: 1486x2122
2025-11-10 18:25:12 [INFO] [拖动调试] 实际图片: 3712x5568
2025-11-10 18:25:12 [INFO] [拖动调试] 原始画布: 4312x6156
2025-11-10 18:25:12 [INFO] [拖动调试] 实际缩放比例: 0.344620 x 0.344704
2025-11-10 18:25:12 [INFO] [拖动调试] 预览缩放比例: 0.344828
2025-11-10 18:25:12 [INFO] [拖动调试] 拖动距离(屏幕像素): dx=-15.0, dy=10.0
2025-11-10 18:25:12 [INFO] [拖动调试] 拖动距离(预览画布): dx=-52.0, dy=34.6
2025-11-10 18:25:12 [INFO] [拖动调试] 拖动距离(原始画布): dx=-150.8, dy=100.3
2025-11-10 18:25:12 [INFO] ✓ 应用旋转: 270°
2025-11-10 18:25:12 [INFO] ✓ 预览模式：图片缩放至 1280x1920，缩放比例: 0.34
2025-11-10 18:25:12 [INFO] Logo 文件不存在: assets/logos/nikon.png
2025-11-10 18:25:12 [INFO] 请将 Nikon 的 Logo 放置到对应目录
2025-11-10 18:25:12 [INFO] [拖动调试] QPixmap显示: 429x614
2025-11-10 18:25:12 [INFO] [拖动调试] 预览画布: 1486x2122
2025-11-10 18:25:12 [INFO] [拖动调试] 实际图片: 3712x5568
2025-11-10 18:25:12 [INFO] [拖动调试] 原始画布: 4312x6156
2025-11-10 18:25:13 [INFO] [拖动调试] 实际缩放比例: 0.344620 x 0.344704
2025-11-10 18:25:13 [INFO] [拖动调试] 预览缩放比例: 0.344828
2025-11-10 18:25:13 [INFO] [拖动调试] 拖动距离(屏幕像素): dx=-13.0, dy=10.0
2025-11-10 18:25:13 [INFO] [拖动调试] 拖动距离(预览画布): dx=-45.0, dy=34.6
2025-11-10 18:25:13 [INFO] [拖动调试] 拖动距离(原始画布): dx=-130.7, dy=100.3
2025-11-10 18:25:13 [INFO] ✓ 应用旋转: 270°
2025-11-10 18:25:13 [INFO] ✓ 预览模式：图片缩放至 1280x1920，缩放比例: 0.34
2025-11-10 18:25:13 [INFO] Logo 文件不存在: assets/logos/nikon.png
2025-11-10 18:25:13 [INFO] 请将 Nikon 的 Logo 放置到对应目录
