2025-11-10 18:48:20 [INFO] 日志系统初始化完成，日志文件: log\watermark_tool_20251110_184820.log
2025-11-10 18:48:20 [INFO] ============================================================
2025-11-10 18:48:20 [INFO] 照片水印生成工具 v1.0
2025-11-10 18:48:20 [INFO] ============================================================
2025-11-10 18:48:20 [INFO] 日志文件: log\watermark_tool_20251110_184820.log
2025-11-10 18:48:20 [INFO] ============================================================
2025-11-10 18:48:20 [INFO] 启动应用...
2025-11-10 18:48:20 [INFO] 正在初始化GUI...
2025-11-10 18:48:20 [INFO] ============================================================
2025-11-10 18:48:20 [INFO] 初始化字体系统...
2025-11-10 18:48:20 [INFO] ============================================================
2025-11-10 18:48:20 [INFO] ✓ Qt文本编解码器: UTF-8
2025-11-10 18:48:20 [INFO] ✓ 加载字体: 黑体 → SimHei
2025-11-10 18:48:20 [INFO] 
设置字体替换规则（强制使用: SimHei）
2025-11-10 18:48:20 [INFO] ✓ 应用字体: SimHei
2025-11-10 18:48:20 [INFO] ============================================================
2025-11-10 18:48:20 [INFO] 正在创建主窗口...
2025-11-10 18:48:20 [INFO] 正在加载模板...
2025-11-10 18:48:20 [INFO] 成功加载 4 个模板
2025-11-10 18:48:20 [INFO] 正在初始化界面...
2025-11-10 18:48:20 [INFO] 界面初始化完成！
2025-11-10 18:48:25 [INFO] ✓ 预览模式：图片缩放至 1920x1280，缩放比例: 0.34
2025-11-10 18:48:25 [INFO] Logo 文件不存在: assets/logos/nikon.png
2025-11-10 18:48:25 [INFO] 请将 Nikon 的 Logo 放置到对应目录
2025-11-10 18:48:27 [INFO] ✓ 应用旋转: 270°
2025-11-10 18:48:27 [INFO] ✓ 预览模式：图片缩放至 1280x1920，缩放比例: 0.34
2025-11-10 18:48:27 [INFO] Logo 文件不存在: assets/logos/nikon.png
2025-11-10 18:48:27 [INFO] 请将 Nikon 的 Logo 放置到对应目录
2025-11-10 18:48:28 [INFO] ✓ 应用旋转: 180°
2025-11-10 18:48:28 [INFO] ✓ 预览模式：图片缩放至 1920x1280，缩放比例: 0.34
2025-11-10 18:48:28 [INFO] Logo 文件不存在: assets/logos/nikon.png
2025-11-10 18:48:28 [INFO] 请将 Nikon 的 Logo 放置到对应目录
2025-11-10 18:48:35 [INFO] ✓ 应用旋转: 180°
2025-11-10 18:48:35 [INFO] ✓ 预览模式：图片缩放至 1920x1280，缩放比例: 0.34
2025-11-10 18:48:37 [INFO] ✓ 应用旋转: 180°
2025-11-10 18:48:37 [INFO] ✓ 预览模式：图片缩放至 1920x1280，缩放比例: 0.34
2025-11-10 18:48:37 [INFO] Logo 文件不存在: assets/logos/nikon.png
2025-11-10 18:48:37 [INFO] 请将 Nikon 的 Logo 放置到对应目录
2025-11-10 18:48:41 [INFO] ✓ 应用旋转: 90°
2025-11-10 18:48:41 [INFO] ✓ 预览模式：图片缩放至 1280x1920，缩放比例: 0.34
2025-11-10 18:48:41 [INFO] Logo 文件不存在: assets/logos/nikon.png
2025-11-10 18:48:41 [INFO] 请将 Nikon 的 Logo 放置到对应目录
2025-11-10 18:48:42 [INFO] ✓ 预览模式：图片缩放至 1920x1280，缩放比例: 0.34
2025-11-10 18:48:42 [INFO] Logo 文件不存在: assets/logos/nikon.png
2025-11-10 18:48:42 [INFO] 请将 Nikon 的 Logo 放置到对应目录
2025-11-10 18:48:59 [INFO] ✓ 预览模式：图片缩放至 1920x1280，缩放比例: 0.34
2025-11-10 18:48:59 [INFO] Logo 文件不存在: assets/logos/nikon.png
2025-11-10 18:48:59 [INFO] 请将 Nikon 的 Logo 放置到对应目录
2025-11-10 18:49:06 [INFO] ✓ 预览模式：图片缩放至 1920x1280，缩放比例: 0.34
2025-11-10 18:49:10 [INFO] ✓ 预览模式：图片缩放至 1920x1280，缩放比例: 0.34
2025-11-10 18:49:10 [INFO] Logo 文件不存在: assets/logos/nikon.png
2025-11-10 18:49:10 [INFO] 请将 Nikon 的 Logo 放置到对应目录
2025-11-10 18:49:12 [INFO] ✓ 预览模式：图片缩放至 1920x1280，缩放比例: 0.34
2025-11-10 18:49:12 [INFO] Logo 文件不存在: assets/logos/nikon.png
2025-11-10 18:49:12 [INFO] 请将 Nikon 的 Logo 放置到对应目录
2025-11-10 18:49:12 [INFO] [拖动调试] QPixmap显示: 946x656
2025-11-10 18:49:12 [INFO] [拖动调试] 预览画布: 1974x1369
2025-11-10 18:49:12 [INFO] [拖动调试] 实际图片: 5568x3712
2025-11-10 18:49:12 [INFO] [拖动调试] 原始画布: 5728x3972
2025-11-10 18:49:12 [INFO] [拖动调试] 实际缩放比例: 0.344623 x 0.344663
2025-11-10 18:49:12 [INFO] [拖动调试] 预览缩放比例: 0.344828
2025-11-10 18:49:12 [INFO] [拖动调试] 拖动距离(屏幕像素): dx=-10.0, dy=10.0
2025-11-10 18:49:12 [INFO] [拖动调试] 拖动距离(预览画布): dx=-20.9, dy=20.9
2025-11-10 18:49:12 [INFO] [拖动调试] 拖动距离(原始画布): dx=-60.5, dy=60.5
2025-11-10 18:49:13 [INFO] ✓ 预览模式：图片缩放至 1920x1280，缩放比例: 0.34
2025-11-10 18:49:13 [INFO] Logo 文件不存在: assets/logos/nikon.png
2025-11-10 18:49:13 [INFO] 请将 Nikon 的 Logo 放置到对应目录
2025-11-10 18:49:13 [INFO] [拖动调试] QPixmap显示: 946x656
2025-11-10 18:49:13 [INFO] [拖动调试] 预览画布: 1974x1369
2025-11-10 18:49:13 [INFO] [拖动调试] 实际图片: 5568x3712
2025-11-10 18:49:13 [INFO] [拖动调试] 原始画布: 5728x3972
2025-11-10 18:49:13 [INFO] [拖动调试] 实际缩放比例: 0.344623 x 0.344663
2025-11-10 18:49:13 [INFO] [拖动调试] 预览缩放比例: 0.344828
2025-11-10 18:49:13 [INFO] [拖动调试] 拖动距离(屏幕像素): dx=-45.0, dy=8.0
2025-11-10 18:49:13 [INFO] [拖动调试] 拖动距离(预览画布): dx=-93.9, dy=16.7
2025-11-10 18:49:13 [INFO] [拖动调试] 拖动距离(原始画布): dx=-272.5, dy=48.4
2025-11-10 18:49:13 [INFO] ✓ 预览模式：图片缩放至 1920x1280，缩放比例: 0.34
2025-11-10 18:49:13 [INFO] Logo 文件不存在: assets/logos/nikon.png
2025-11-10 18:49:13 [INFO] 请将 Nikon 的 Logo 放置到对应目录
2025-11-10 18:49:13 [INFO] [拖动调试] QPixmap显示: 946x656
2025-11-10 18:49:13 [INFO] [拖动调试] 预览画布: 1974x1369
2025-11-10 18:49:13 [INFO] [拖动调试] 实际图片: 5568x3712
2025-11-10 18:49:13 [INFO] [拖动调试] 原始画布: 5728x3972
2025-11-10 18:49:13 [INFO] [拖动调试] 实际缩放比例: 0.344623 x 0.344663
2025-11-10 18:49:13 [INFO] [拖动调试] 预览缩放比例: 0.344828
2025-11-10 18:49:13 [INFO] [拖动调试] 拖动距离(屏幕像素): dx=-47.0, dy=5.0
2025-11-10 18:49:13 [INFO] [拖动调试] 拖动距离(预览画布): dx=-98.1, dy=10.4
2025-11-10 18:49:13 [INFO] [拖动调试] 拖动距离(原始画布): dx=-284.6, dy=30.3
2025-11-10 18:49:13 [INFO] ✓ 预览模式：图片缩放至 1920x1280，缩放比例: 0.34
2025-11-10 18:49:13 [INFO] Logo 文件不存在: assets/logos/nikon.png
2025-11-10 18:49:13 [INFO] 请将 Nikon 的 Logo 放置到对应目录
2025-11-10 18:49:13 [INFO] [拖动调试] QPixmap显示: 946x656
2025-11-10 18:49:13 [INFO] [拖动调试] 预览画布: 1974x1369
2025-11-10 18:49:13 [INFO] [拖动调试] 实际图片: 5568x3712
2025-11-10 18:49:13 [INFO] [拖动调试] 原始画布: 5728x3972
2025-11-10 18:49:13 [INFO] [拖动调试] 实际缩放比例: 0.344623 x 0.344663
2025-11-10 18:49:13 [INFO] [拖动调试] 预览缩放比例: 0.344828
2025-11-10 18:49:13 [INFO] [拖动调试] 拖动距离(屏幕像素): dx=-29.0, dy=-1.0
2025-11-10 18:49:13 [INFO] [拖动调试] 拖动距离(预览画布): dx=-60.5, dy=-2.1
2025-11-10 18:49:13 [INFO] [拖动调试] 拖动距离(原始画布): dx=-175.6, dy=-6.1
2025-11-10 18:49:14 [INFO] ✓ 预览模式：图片缩放至 1920x1280，缩放比例: 0.34
2025-11-10 18:49:14 [INFO] Logo 文件不存在: assets/logos/nikon.png
2025-11-10 18:49:14 [INFO] 请将 Nikon 的 Logo 放置到对应目录
2025-11-10 18:49:14 [INFO] [拖动调试] QPixmap显示: 946x656
2025-11-10 18:49:14 [INFO] [拖动调试] 预览画布: 1974x1369
2025-11-10 18:49:14 [INFO] [拖动调试] 实际图片: 5568x3712
2025-11-10 18:49:14 [INFO] [拖动调试] 原始画布: 5728x3972
2025-11-10 18:49:14 [INFO] [拖动调试] 实际缩放比例: 0.344623 x 0.344663
2025-11-10 18:49:14 [INFO] [拖动调试] 预览缩放比例: 0.344828
2025-11-10 18:49:14 [INFO] [拖动调试] 拖动距离(屏幕像素): dx=-16.0, dy=-1.0
2025-11-10 18:49:14 [INFO] [拖动调试] 拖动距离(预览画布): dx=-33.4, dy=-2.1
2025-11-10 18:49:14 [INFO] [拖动调试] 拖动距离(原始画布): dx=-96.9, dy=-6.1
2025-11-10 18:49:14 [INFO] ✓ 预览模式：图片缩放至 1920x1280，缩放比例: 0.34
2025-11-10 18:49:14 [INFO] Logo 文件不存在: assets/logos/nikon.png
2025-11-10 18:49:14 [INFO] 请将 Nikon 的 Logo 放置到对应目录
2025-11-10 18:49:28 [INFO] ✓ 预览模式：图片缩放至 1920x1280，缩放比例: 0.34
2025-11-10 18:49:28 [INFO] Logo 文件不存在: assets/logos/nikon.png
2025-11-10 18:49:28 [INFO] 请将 Nikon 的 Logo 放置到对应目录
2025-11-10 18:49:30 [INFO] ✓ 预览模式：图片缩放至 1920x1280，缩放比例: 0.34
2025-11-10 18:49:30 [INFO] Logo 文件不存在: assets/logos/nikon.png
2025-11-10 18:49:30 [INFO] 请将 Nikon 的 Logo 放置到对应目录
2025-11-10 18:49:43 [INFO] ✓ 预览模式：图片缩放至 1920x1280，缩放比例: 0.34
2025-11-10 18:49:44 [INFO] Logo 文件不存在: assets/logos/nikon.png
2025-11-10 18:49:44 [INFO] 请将 Nikon 的 Logo 放置到对应目录
2025-11-10 18:49:47 [INFO] ✓ 预览模式：图片缩放至 1920x1280，缩放比例: 0.34
2025-11-10 18:49:47 [INFO] Logo 文件不存在: assets/logos/nikon.png
2025-11-10 18:49:47 [INFO] 请将 Nikon 的 Logo 放置到对应目录
2025-11-10 18:49:53 [INFO] ✓ 预览模式：图片缩放至 1920x1280，缩放比例: 0.34
2025-11-10 18:49:53 [INFO] Logo 文件不存在: assets/logos/nikon.png
2025-11-10 18:49:53 [INFO] 请将 Nikon 的 Logo 放置到对应目录
2025-11-10 18:49:57 [INFO] 模板保存成功
2025-11-10 18:59:49 [INFO] 程序已关闭
2025-11-10 18:59:49 [INFO] 程序已关闭
