2025-11-10 14:19:26 [INFO] 日志系统初始化完成，日志文件: log\watermark_tool_20251110_141926.log
2025-11-10 14:19:26 [INFO] ============================================================
2025-11-10 14:19:26 [INFO] 照片水印生成工具 v1.0
2025-11-10 14:19:26 [INFO] ============================================================
2025-11-10 14:19:26 [INFO] 日志文件: log\watermark_tool_20251110_141926.log
2025-11-10 14:19:26 [INFO] ============================================================
2025-11-10 14:19:26 [INFO] 启动应用...
2025-11-10 14:19:26 [INFO] 正在初始化GUI...
2025-11-10 14:19:26 [INFO] ============================================================
2025-11-10 14:19:26 [INFO] 初始化字体系统...
2025-11-10 14:19:26 [INFO] ============================================================
2025-11-10 14:19:26 [INFO] ✓ Qt文本编解码器: UTF-8
2025-11-10 14:19:26 [INFO] ✓ 加载字体: 黑体 → SimHei
2025-11-10 14:19:26 [INFO] 
设置字体替换规则（强制使用: SimHei）
2025-11-10 14:19:26 [INFO] ✓ 应用字体: SimHei
2025-11-10 14:19:26 [INFO] ============================================================
2025-11-10 14:19:26 [INFO] 正在创建主窗口...
2025-11-10 14:19:26 [INFO] 正在加载模板...
2025-11-10 14:19:26 [INFO] 成功加载 1 个模板
2025-11-10 14:19:26 [INFO] 正在初始化界面...
2025-11-10 14:19:27 [INFO] 界面初始化完成！
2025-11-10 14:19:32 [INFO] ✓ 预览模式：图片缩放至 1920x1280，缩放比例: 0.34
2025-11-10 14:19:32 [INFO] Logo 文件不存在: assets/logos/nikon.png
2025-11-10 14:19:32 [INFO] 请将 Nikon 的 Logo 放置到对应目录
2025-11-10 14:19:35 [INFO] ✓ 应用旋转: 270°
2025-11-10 14:19:35 [INFO] ✓ 预览模式：图片缩放至 1280x1920，缩放比例: 0.34
2025-11-10 14:19:35 [INFO] Logo 文件不存在: assets/logos/nikon.png
2025-11-10 14:19:35 [INFO] 请将 Nikon 的 Logo 放置到对应目录
2025-11-10 14:19:41 [INFO] [拖动调试] QPixmap显示: 1407x2170
2025-11-10 14:19:41 [INFO] [拖动调试] 预览画布: 1292x1992
2025-11-10 14:19:41 [INFO] [拖动调试] 实际图片: 3712x5568
2025-11-10 14:19:41 [INFO] [拖动调试] 原始画布: 3752x5780
2025-11-10 14:19:41 [INFO] [拖动调试] 实际缩放比例: 0.344350 x 0.344637
2025-11-10 14:19:41 [INFO] [拖动调试] 预览缩放比例: 0.344828
2025-11-10 14:19:41 [INFO] [拖动调试] 拖动距离(屏幕像素): dx=1.0, dy=1.0
2025-11-10 14:19:41 [INFO] [拖动调试] 拖动距离(预览画布): dx=0.9, dy=0.9
2025-11-10 14:19:41 [INFO] [拖动调试] 拖动距离(原始画布): dx=2.7, dy=2.7
2025-11-10 14:19:41 [INFO] ✓ 应用旋转: 270°
2025-11-10 14:19:42 [INFO] ✓ 预览模式：图片缩放至 1280x1920，缩放比例: 0.34
2025-11-10 14:19:42 [INFO] Logo 文件不存在: assets/logos/nikon.png
2025-11-10 14:19:42 [INFO] 请将 Nikon 的 Logo 放置到对应目录
2025-11-10 14:19:42 [INFO] [拖动调试] QPixmap显示: 1407x2170
2025-11-10 14:19:42 [INFO] [拖动调试] 预览画布: 1292x1992
2025-11-10 14:19:42 [INFO] [拖动调试] 实际图片: 3712x5568
2025-11-10 14:19:42 [INFO] [拖动调试] 原始画布: 3752x5780
2025-11-10 14:19:42 [INFO] [拖动调试] 实际缩放比例: 0.344350 x 0.344637
2025-11-10 14:19:42 [INFO] [拖动调试] 预览缩放比例: 0.344828
2025-11-10 14:19:42 [INFO] [拖动调试] 拖动距离(屏幕像素): dx=243.0, dy=2.0
2025-11-10 14:19:42 [INFO] [拖动调试] 拖动距离(预览画布): dx=223.1, dy=1.8
2025-11-10 14:19:42 [INFO] [拖动调试] 拖动距离(原始画布): dx=648.0, dy=5.3
2025-11-10 14:19:42 [INFO] ✓ 应用旋转: 270°
2025-11-10 14:19:42 [INFO] ✓ 预览模式：图片缩放至 1280x1920，缩放比例: 0.34
2025-11-10 14:19:42 [INFO] Logo 文件不存在: assets/logos/nikon.png
2025-11-10 14:19:42 [INFO] 请将 Nikon 的 Logo 放置到对应目录
2025-11-10 14:19:42 [INFO] [拖动调试] QPixmap显示: 1407x2170
2025-11-10 14:19:42 [INFO] [拖动调试] 预览画布: 1292x1992
2025-11-10 14:19:42 [INFO] [拖动调试] 实际图片: 3712x5568
2025-11-10 14:19:42 [INFO] [拖动调试] 原始画布: 3752x5780
2025-11-10 14:19:42 [INFO] [拖动调试] 实际缩放比例: 0.344350 x 0.344637
2025-11-10 14:19:42 [INFO] [拖动调试] 预览缩放比例: 0.344828
2025-11-10 14:19:42 [INFO] [拖动调试] 拖动距离(屏幕像素): dx=246.0, dy=2.0
2025-11-10 14:19:42 [INFO] [拖动调试] 拖动距离(预览画布): dx=225.9, dy=1.8
2025-11-10 14:19:42 [INFO] [拖动调试] 拖动距离(原始画布): dx=656.0, dy=5.3
2025-11-10 14:19:42 [INFO] ✓ 应用旋转: 270°
2025-11-10 14:19:42 [INFO] ✓ 预览模式：图片缩放至 1280x1920，缩放比例: 0.34
2025-11-10 14:19:42 [INFO] Logo 文件不存在: assets/logos/nikon.png
2025-11-10 14:19:42 [INFO] 请将 Nikon 的 Logo 放置到对应目录
2025-11-10 14:19:42 [INFO] [拖动调试] QPixmap显示: 1407x2170
2025-11-10 14:19:42 [INFO] [拖动调试] 预览画布: 1292x1992
2025-11-10 14:19:42 [INFO] [拖动调试] 实际图片: 3712x5568
2025-11-10 14:19:42 [INFO] [拖动调试] 原始画布: 3752x5780
2025-11-10 14:19:42 [INFO] [拖动调试] 实际缩放比例: 0.344350 x 0.344637
2025-11-10 14:19:42 [INFO] [拖动调试] 预览缩放比例: 0.344828
2025-11-10 14:19:42 [INFO] [拖动调试] 拖动距离(屏幕像素): dx=313.0, dy=12.0
2025-11-10 14:19:42 [INFO] [拖动调试] 拖动距离(预览画布): dx=287.4, dy=11.0
2025-11-10 14:19:42 [INFO] [拖动调试] 拖动距离(原始画布): dx=834.7, dy=32.0
2025-11-10 14:19:43 [INFO] ✓ 应用旋转: 270°
2025-11-10 14:19:43 [INFO] ✓ 预览模式：图片缩放至 1280x1920，缩放比例: 0.34
2025-11-10 14:19:43 [INFO] Logo 文件不存在: assets/logos/nikon.png
2025-11-10 14:19:43 [INFO] 请将 Nikon 的 Logo 放置到对应目录
2025-11-10 14:19:44 [INFO] [拖动调试] QPixmap显示: 1407x2170
2025-11-10 14:19:44 [INFO] [拖动调试] 预览画布: 1292x1992
2025-11-10 14:19:44 [INFO] [拖动调试] 实际图片: 3712x5568
2025-11-10 14:19:44 [INFO] [拖动调试] 原始画布: 3752x5780
2025-11-10 14:19:44 [INFO] [拖动调试] 实际缩放比例: 0.344350 x 0.344637
2025-11-10 14:19:44 [INFO] [拖动调试] 预览缩放比例: 0.344828
2025-11-10 14:19:44 [INFO] [拖动调试] 拖动距离(屏幕像素): dx=1.0, dy=0.0
2025-11-10 14:19:44 [INFO] [拖动调试] 拖动距离(预览画布): dx=0.9, dy=0.0
2025-11-10 14:19:44 [INFO] [拖动调试] 拖动距离(原始画布): dx=2.7, dy=0.0
2025-11-10 14:19:45 [INFO] ✓ 应用旋转: 270°
2025-11-10 14:19:45 [INFO] ✓ 预览模式：图片缩放至 1280x1920，缩放比例: 0.34
2025-11-10 14:19:45 [INFO] Logo 文件不存在: assets/logos/nikon.png
2025-11-10 14:19:45 [INFO] 请将 Nikon 的 Logo 放置到对应目录
2025-11-10 14:19:45 [INFO] [拖动调试] QPixmap显示: 1407x2170
2025-11-10 14:19:45 [INFO] [拖动调试] 预览画布: 1292x1992
2025-11-10 14:19:45 [INFO] [拖动调试] 实际图片: 3712x5568
2025-11-10 14:19:45 [INFO] [拖动调试] 原始画布: 3752x5780
2025-11-10 14:19:45 [INFO] [拖动调试] 实际缩放比例: 0.344350 x 0.344637
2025-11-10 14:19:45 [INFO] [拖动调试] 预览缩放比例: 0.344828
2025-11-10 14:19:45 [INFO] [拖动调试] 拖动距离(屏幕像素): dx=344.0, dy=8.0
2025-11-10 14:19:45 [INFO] [拖动调试] 拖动距离(预览画布): dx=315.9, dy=7.3
2025-11-10 14:19:45 [INFO] [拖动调试] 拖动距离(原始画布): dx=917.3, dy=21.3
2025-11-10 14:19:45 [INFO] ✓ 应用旋转: 270°
2025-11-10 14:19:45 [INFO] ✓ 预览模式：图片缩放至 1280x1920，缩放比例: 0.34
2025-11-10 14:19:45 [INFO] Logo 文件不存在: assets/logos/nikon.png
2025-11-10 14:19:45 [INFO] 请将 Nikon 的 Logo 放置到对应目录
2025-11-10 14:19:45 [INFO] [拖动调试] QPixmap显示: 1407x2170
2025-11-10 14:19:45 [INFO] [拖动调试] 预览画布: 1292x1992
2025-11-10 14:19:45 [INFO] [拖动调试] 实际图片: 3712x5568
2025-11-10 14:19:45 [INFO] [拖动调试] 原始画布: 3752x5780
2025-11-10 14:19:45 [INFO] [拖动调试] 实际缩放比例: 0.344350 x 0.344637
2025-11-10 14:19:45 [INFO] [拖动调试] 预览缩放比例: 0.344828
2025-11-10 14:19:45 [INFO] [拖动调试] 拖动距离(屏幕像素): dx=321.0, dy=12.0
2025-11-10 14:19:45 [INFO] [拖动调试] 拖动距离(预览画布): dx=294.8, dy=11.0
2025-11-10 14:19:45 [INFO] [拖动调试] 拖动距离(原始画布): dx=856.0, dy=32.0
2025-11-10 14:19:45 [INFO] ✓ 应用旋转: 270°
2025-11-10 14:19:46 [INFO] ✓ 预览模式：图片缩放至 1280x1920，缩放比例: 0.34
2025-11-10 14:19:46 [INFO] Logo 文件不存在: assets/logos/nikon.png
2025-11-10 14:19:46 [INFO] 请将 Nikon 的 Logo 放置到对应目录
2025-11-10 14:19:46 [INFO] [拖动调试] QPixmap显示: 1407x2170
2025-11-10 14:19:46 [INFO] [拖动调试] 预览画布: 1292x1992
2025-11-10 14:19:46 [INFO] [拖动调试] 实际图片: 3712x5568
2025-11-10 14:19:46 [INFO] [拖动调试] 原始画布: 3752x5780
2025-11-10 14:19:46 [INFO] [拖动调试] 实际缩放比例: 0.344350 x 0.344637
2025-11-10 14:19:46 [INFO] [拖动调试] 预览缩放比例: 0.344828
2025-11-10 14:19:46 [INFO] [拖动调试] 拖动距离(屏幕像素): dx=317.0, dy=14.0
2025-11-10 14:19:46 [INFO] [拖动调试] 拖动距离(预览画布): dx=291.1, dy=12.9
2025-11-10 14:19:46 [INFO] [拖动调试] 拖动距离(原始画布): dx=845.3, dy=37.3
2025-11-10 14:19:46 [INFO] ✓ 应用旋转: 270°
2025-11-10 14:19:46 [INFO] ✓ 预览模式：图片缩放至 1280x1920，缩放比例: 0.34
2025-11-10 14:19:46 [INFO] Logo 文件不存在: assets/logos/nikon.png
2025-11-10 14:19:46 [INFO] 请将 Nikon 的 Logo 放置到对应目录
2025-11-10 14:19:46 [INFO] [拖动调试] QPixmap显示: 1407x2170
2025-11-10 14:19:46 [INFO] [拖动调试] 预览画布: 1292x1992
2025-11-10 14:19:46 [INFO] [拖动调试] 实际图片: 3712x5568
2025-11-10 14:19:46 [INFO] [拖动调试] 原始画布: 3752x5780
2025-11-10 14:19:46 [INFO] [拖动调试] 实际缩放比例: 0.344350 x 0.344637
2025-11-10 14:19:46 [INFO] [拖动调试] 预览缩放比例: 0.344828
2025-11-10 14:19:46 [INFO] [拖动调试] 拖动距离(屏幕像素): dx=310.0, dy=14.0
2025-11-10 14:19:46 [INFO] [拖动调试] 拖动距离(预览画布): dx=284.7, dy=12.9
2025-11-10 14:19:46 [INFO] [拖动调试] 拖动距离(原始画布): dx=826.7, dy=37.3
2025-11-10 14:19:46 [INFO] ✓ 应用旋转: 270°
2025-11-10 14:19:46 [INFO] ✓ 预览模式：图片缩放至 1280x1920，缩放比例: 0.34
2025-11-10 14:19:46 [INFO] Logo 文件不存在: assets/logos/nikon.png
2025-11-10 14:19:46 [INFO] 请将 Nikon 的 Logo 放置到对应目录
2025-11-10 14:19:55 [INFO] ✓ 应用旋转: 270°
2025-11-10 14:19:55 [INFO] ✓ 预览模式：图片缩放至 1280x1920，缩放比例: 0.34
2025-11-10 14:19:55 [INFO] Logo 文件不存在: assets/logos/nikon.png
2025-11-10 14:19:55 [INFO] 请将 Nikon 的 Logo 放置到对应目录
2025-11-10 14:19:55 [INFO] ✓ 应用旋转: 270°
2025-11-10 14:19:55 [INFO] ✓ 预览模式：图片缩放至 1280x1920，缩放比例: 0.34
2025-11-10 14:19:55 [INFO] Logo 文件不存在: assets/logos/nikon.png
2025-11-10 14:19:55 [INFO] 请将 Nikon 的 Logo 放置到对应目录
2025-11-10 14:19:57 [INFO] ✓ 应用旋转: 270°
2025-11-10 14:19:57 [INFO] ✓ 预览模式：图片缩放至 1280x1920，缩放比例: 0.34
2025-11-10 14:19:57 [INFO] Logo 文件不存在: assets/logos/nikon.png
2025-11-10 14:19:57 [INFO] 请将 Nikon 的 Logo 放置到对应目录
2025-11-10 14:19:58 [INFO] ✓ 应用旋转: 270°
2025-11-10 14:19:58 [INFO] ✓ 预览模式：图片缩放至 1280x1920，缩放比例: 0.34
2025-11-10 14:19:58 [INFO] Logo 文件不存在: assets/logos/nikon.png
2025-11-10 14:19:58 [INFO] 请将 Nikon 的 Logo 放置到对应目录
2025-11-10 14:19:59 [INFO] ✓ 应用旋转: 270°
2025-11-10 14:19:59 [INFO] ✓ 预览模式：图片缩放至 1280x1920，缩放比例: 0.34
2025-11-10 14:19:59 [INFO] Logo 文件不存在: assets/logos/nikon.png
2025-11-10 14:19:59 [INFO] 请将 Nikon 的 Logo 放置到对应目录
2025-11-10 14:19:59 [INFO] ✓ 应用旋转: 270°
2025-11-10 14:19:59 [INFO] ✓ 预览模式：图片缩放至 1280x1920，缩放比例: 0.34
2025-11-10 14:19:59 [INFO] Logo 文件不存在: assets/logos/nikon.png
2025-11-10 14:19:59 [INFO] 请将 Nikon 的 Logo 放置到对应目录
2025-11-10 14:20:00 [INFO] ✓ 应用旋转: 270°
2025-11-10 14:20:00 [INFO] ✓ 预览模式：图片缩放至 1280x1920，缩放比例: 0.34
2025-11-10 14:20:00 [INFO] Logo 文件不存在: assets/logos/nikon.png
2025-11-10 14:20:00 [INFO] 请将 Nikon 的 Logo 放置到对应目录
2025-11-10 14:20:03 [INFO] ✓ 应用旋转: 270°
2025-11-10 14:20:03 [INFO] ✓ 预览模式：图片缩放至 1280x1920，缩放比例: 0.34
2025-11-10 14:20:03 [INFO] Logo 文件不存在: assets/logos/nikon.png
2025-11-10 14:20:03 [INFO] 请将 Nikon 的 Logo 放置到对应目录
2025-11-10 14:20:21 [INFO] ✓ 应用旋转: 270°
2025-11-10 14:20:22 [INFO] ✓ 预览模式：图片缩放至 1280x1920，缩放比例: 0.34
2025-11-10 14:20:22 [INFO] Logo 文件不存在: assets/logos/nikon.png
2025-11-10 14:20:22 [INFO] 请将 Nikon 的 Logo 放置到对应目录
2025-11-10 14:20:22 [INFO] ✓ 应用旋转: 270°
2025-11-10 14:20:23 [INFO] ✓ 预览模式：图片缩放至 1280x1920，缩放比例: 0.34
2025-11-10 14:20:23 [INFO] Logo 文件不存在: assets/logos/nikon.png
2025-11-10 14:20:23 [INFO] 请将 Nikon 的 Logo 放置到对应目录
2025-11-10 14:20:23 [INFO] ✓ 应用旋转: 270°
2025-11-10 14:20:23 [INFO] ✓ 预览模式：图片缩放至 1280x1920，缩放比例: 0.34
2025-11-10 14:20:23 [INFO] Logo 文件不存在: assets/logos/nikon.png
2025-11-10 14:20:23 [INFO] 请将 Nikon 的 Logo 放置到对应目录
2025-11-10 14:20:24 [INFO] ✓ 应用旋转: 270°
2025-11-10 14:20:24 [INFO] ✓ 预览模式：图片缩放至 1280x1920，缩放比例: 0.34
2025-11-10 14:20:24 [INFO] Logo 文件不存在: assets/logos/nikon.png
2025-11-10 14:20:24 [INFO] 请将 Nikon 的 Logo 放置到对应目录
2025-11-10 14:20:25 [INFO] ✓ 应用旋转: 270°
2025-11-10 14:20:25 [INFO] ✓ 预览模式：图片缩放至 1280x1920，缩放比例: 0.34
2025-11-10 14:20:25 [INFO] Logo 文件不存在: assets/logos/nikon.png
2025-11-10 14:20:25 [INFO] 请将 Nikon 的 Logo 放置到对应目录
2025-11-10 14:20:25 [INFO] ✓ 应用旋转: 270°
2025-11-10 14:20:25 [INFO] ✓ 预览模式：图片缩放至 1280x1920，缩放比例: 0.34
2025-11-10 14:20:25 [INFO] Logo 文件不存在: assets/logos/nikon.png
2025-11-10 14:20:25 [INFO] 请将 Nikon 的 Logo 放置到对应目录
2025-11-10 14:20:26 [INFO] ✓ 应用旋转: 270°
2025-11-10 14:20:26 [INFO] ✓ 预览模式：图片缩放至 1280x1920，缩放比例: 0.34
2025-11-10 14:20:26 [INFO] Logo 文件不存在: assets/logos/nikon.png
2025-11-10 14:20:26 [INFO] 请将 Nikon 的 Logo 放置到对应目录
2025-11-10 14:20:26 [INFO] ✓ 应用旋转: 270°
2025-11-10 14:20:27 [INFO] ✓ 预览模式：图片缩放至 1280x1920，缩放比例: 0.34
2025-11-10 14:20:27 [INFO] Logo 文件不存在: assets/logos/nikon.png
2025-11-10 14:20:27 [INFO] 请将 Nikon 的 Logo 放置到对应目录
2025-11-10 14:20:27 [INFO] ✓ 应用旋转: 270°
2025-11-10 14:20:27 [INFO] ✓ 预览模式：图片缩放至 1280x1920，缩放比例: 0.34
2025-11-10 14:20:27 [INFO] Logo 文件不存在: assets/logos/nikon.png
2025-11-10 14:20:27 [INFO] 请将 Nikon 的 Logo 放置到对应目录
2025-11-10 14:20:28 [INFO] ✓ 应用旋转: 270°
2025-11-10 14:20:28 [INFO] ✓ 预览模式：图片缩放至 1280x1920，缩放比例: 0.34
2025-11-10 14:20:28 [INFO] Logo 文件不存在: assets/logos/nikon.png
2025-11-10 14:20:28 [INFO] 请将 Nikon 的 Logo 放置到对应目录
2025-11-10 14:20:28 [INFO] ✓ 应用旋转: 270°
2025-11-10 14:20:28 [INFO] ✓ 预览模式：图片缩放至 1280x1920，缩放比例: 0.34
2025-11-10 14:20:28 [INFO] Logo 文件不存在: assets/logos/nikon.png
2025-11-10 14:20:28 [INFO] 请将 Nikon 的 Logo 放置到对应目录
2025-11-10 14:20:28 [INFO] ✓ 应用旋转: 270°
2025-11-10 14:20:29 [INFO] ✓ 预览模式：图片缩放至 1280x1920，缩放比例: 0.34
2025-11-10 14:20:29 [INFO] Logo 文件不存在: assets/logos/nikon.png
2025-11-10 14:20:29 [INFO] 请将 Nikon 的 Logo 放置到对应目录
2025-11-10 14:20:30 [INFO] ✓ 应用旋转: 270°
2025-11-10 14:20:30 [INFO] ✓ 预览模式：图片缩放至 1280x1920，缩放比例: 0.34
2025-11-10 14:20:30 [INFO] Logo 文件不存在: assets/logos/nikon.png
2025-11-10 14:20:30 [INFO] 请将 Nikon 的 Logo 放置到对应目录
2025-11-10 14:20:32 [INFO] ✓ 应用旋转: 270°
2025-11-10 14:20:32 [INFO] ✓ 预览模式：图片缩放至 1280x1920，缩放比例: 0.34
2025-11-10 14:20:32 [INFO] Logo 文件不存在: assets/logos/nikon.png
2025-11-10 14:20:32 [INFO] 请将 Nikon 的 Logo 放置到对应目录
2025-11-10 14:20:34 [INFO] ✓ 应用旋转: 270°
2025-11-10 14:20:34 [INFO] ✓ 预览模式：图片缩放至 1280x1920，缩放比例: 0.34
2025-11-10 14:20:34 [INFO] Logo 文件不存在: assets/logos/nikon.png
2025-11-10 14:20:34 [INFO] 请将 Nikon 的 Logo 放置到对应目录
2025-11-10 14:20:40 [INFO] ✓ 应用旋转: 270°
2025-11-10 14:20:40 [INFO] ✓ 预览模式：图片缩放至 1280x1920，缩放比例: 0.34
2025-11-10 14:20:40 [INFO] Logo 文件不存在: assets/logos/nikon.png
2025-11-10 14:20:40 [INFO] 请将 Nikon 的 Logo 放置到对应目录
2025-11-10 14:20:41 [INFO] ✓ 应用旋转: 270°
2025-11-10 14:20:41 [INFO] ✓ 预览模式：图片缩放至 1280x1920，缩放比例: 0.34
2025-11-10 14:20:41 [INFO] Logo 文件不存在: assets/logos/nikon.png
2025-11-10 14:20:41 [INFO] 请将 Nikon 的 Logo 放置到对应目录
2025-11-10 14:20:58 [INFO] ✓ 应用旋转: 270°
2025-11-10 14:20:58 [INFO] ✓ 预览模式：图片缩放至 1280x1920，缩放比例: 0.34
2025-11-10 14:20:58 [INFO] Logo 文件不存在: assets/logos/nikon.png
2025-11-10 14:20:58 [INFO] 请将 Nikon 的 Logo 放置到对应目录
2025-11-10 14:21:05 [INFO] ✓ 应用旋转: 270°
2025-11-10 14:21:05 [INFO] ✓ 预览模式：图片缩放至 1280x1920，缩放比例: 0.34
2025-11-10 14:21:05 [INFO] Logo 文件不存在: assets/logos/nikon.png
2025-11-10 14:21:05 [INFO] 请将 Nikon 的 Logo 放置到对应目录
2025-11-10 14:21:08 [INFO] ✓ 应用旋转: 270°
2025-11-10 14:21:09 [INFO] ✓ 预览模式：图片缩放至 1280x1920，缩放比例: 0.34
2025-11-10 14:21:09 [INFO] Logo 文件不存在: assets/logos/nikon.png
2025-11-10 14:21:09 [INFO] 请将 Nikon 的 Logo 放置到对应目录
2025-11-10 14:21:12 [INFO] ✓ 应用旋转: 270°
2025-11-10 14:21:12 [INFO] ✓ 预览模式：图片缩放至 1280x1920，缩放比例: 0.34
2025-11-10 14:21:12 [INFO] Logo 文件不存在: assets/logos/nikon.png
2025-11-10 14:21:12 [INFO] 请将 Nikon 的 Logo 放置到对应目录
2025-11-10 14:21:13 [INFO] ✓ 应用旋转: 270°
2025-11-10 14:21:13 [INFO] ✓ 预览模式：图片缩放至 1280x1920，缩放比例: 0.34
2025-11-10 14:21:13 [INFO] Logo 文件不存在: assets/logos/nikon.png
2025-11-10 14:21:13 [INFO] 请将 Nikon 的 Logo 放置到对应目录
2025-11-10 14:21:13 [INFO] ✓ 应用旋转: 270°
2025-11-10 14:21:13 [INFO] ✓ 预览模式：图片缩放至 1280x1920，缩放比例: 0.34
2025-11-10 14:21:13 [INFO] Logo 文件不存在: assets/logos/nikon.png
2025-11-10 14:21:13 [INFO] 请将 Nikon 的 Logo 放置到对应目录
2025-11-10 14:21:13 [INFO] ✓ 应用旋转: 270°
2025-11-10 14:21:14 [INFO] ✓ 预览模式：图片缩放至 1280x1920，缩放比例: 0.34
2025-11-10 14:21:14 [INFO] Logo 文件不存在: assets/logos/nikon.png
2025-11-10 14:21:14 [INFO] 请将 Nikon 的 Logo 放置到对应目录
2025-11-10 14:21:16 [INFO] ✓ 应用旋转: 270°
2025-11-10 14:21:16 [INFO] ✓ 预览模式：图片缩放至 1280x1920，缩放比例: 0.34
2025-11-10 14:21:16 [INFO] Logo 文件不存在: assets/logos/nikon.png
2025-11-10 14:21:16 [INFO] 请将 Nikon 的 Logo 放置到对应目录
2025-11-10 14:21:16 [INFO] ✓ 应用旋转: 270°
2025-11-10 14:21:17 [INFO] ✓ 预览模式：图片缩放至 1280x1920，缩放比例: 0.34
2025-11-10 14:21:17 [INFO] Logo 文件不存在: assets/logos/nikon.png
2025-11-10 14:21:17 [INFO] 请将 Nikon 的 Logo 放置到对应目录
2025-11-10 14:21:17 [INFO] ✓ 应用旋转: 270°
2025-11-10 14:21:17 [INFO] ✓ 预览模式：图片缩放至 1280x1920，缩放比例: 0.34
2025-11-10 14:21:17 [INFO] Logo 文件不存在: assets/logos/nikon.png
2025-11-10 14:21:17 [INFO] 请将 Nikon 的 Logo 放置到对应目录
2025-11-10 14:21:17 [INFO] ✓ 应用旋转: 270°
2025-11-10 14:21:17 [INFO] ✓ 预览模式：图片缩放至 1280x1920，缩放比例: 0.34
2025-11-10 14:21:17 [INFO] Logo 文件不存在: assets/logos/nikon.png
2025-11-10 14:21:17 [INFO] 请将 Nikon 的 Logo 放置到对应目录
2025-11-10 14:21:18 [INFO] ✓ 应用旋转: 270°
2025-11-10 14:21:18 [INFO] ✓ 预览模式：图片缩放至 1280x1920，缩放比例: 0.34
2025-11-10 14:21:18 [INFO] Logo 文件不存在: assets/logos/nikon.png
2025-11-10 14:21:18 [INFO] 请将 Nikon 的 Logo 放置到对应目录
2025-11-10 14:21:18 [INFO] ✓ 应用旋转: 270°
2025-11-10 14:21:18 [INFO] ✓ 预览模式：图片缩放至 1280x1920，缩放比例: 0.34
2025-11-10 14:21:18 [INFO] Logo 文件不存在: assets/logos/nikon.png
2025-11-10 14:21:18 [INFO] 请将 Nikon 的 Logo 放置到对应目录
2025-11-10 14:21:19 [INFO] ✓ 应用旋转: 270°
2025-11-10 14:21:19 [INFO] ✓ 预览模式：图片缩放至 1280x1920，缩放比例: 0.34
2025-11-10 14:21:19 [INFO] Logo 文件不存在: assets/logos/nikon.png
2025-11-10 14:21:19 [INFO] 请将 Nikon 的 Logo 放置到对应目录
2025-11-10 14:21:19 [INFO] ✓ 应用旋转: 270°
2025-11-10 14:21:19 [INFO] ✓ 预览模式：图片缩放至 1280x1920，缩放比例: 0.34
2025-11-10 14:21:19 [INFO] Logo 文件不存在: assets/logos/nikon.png
2025-11-10 14:21:19 [INFO] 请将 Nikon 的 Logo 放置到对应目录
2025-11-10 14:21:20 [INFO] ✓ 应用旋转: 270°
2025-11-10 14:21:20 [INFO] ✓ 预览模式：图片缩放至 1280x1920，缩放比例: 0.34
2025-11-10 14:21:20 [INFO] Logo 文件不存在: assets/logos/nikon.png
2025-11-10 14:21:20 [INFO] 请将 Nikon 的 Logo 放置到对应目录
2025-11-10 14:21:20 [INFO] ✓ 应用旋转: 270°
2025-11-10 14:21:20 [INFO] ✓ 预览模式：图片缩放至 1280x1920，缩放比例: 0.34
2025-11-10 14:21:20 [INFO] Logo 文件不存在: assets/logos/nikon.png
2025-11-10 14:21:20 [INFO] 请将 Nikon 的 Logo 放置到对应目录
2025-11-10 14:21:20 [INFO] ✓ 应用旋转: 270°
2025-11-10 14:21:21 [INFO] ✓ 预览模式：图片缩放至 1280x1920，缩放比例: 0.34
2025-11-10 14:21:21 [INFO] Logo 文件不存在: assets/logos/nikon.png
2025-11-10 14:21:21 [INFO] 请将 Nikon 的 Logo 放置到对应目录
2025-11-10 14:21:21 [INFO] ✓ 应用旋转: 270°
2025-11-10 14:21:21 [INFO] ✓ 预览模式：图片缩放至 1280x1920，缩放比例: 0.34
2025-11-10 14:21:21 [INFO] Logo 文件不存在: assets/logos/nikon.png
2025-11-10 14:21:21 [INFO] 请将 Nikon 的 Logo 放置到对应目录
2025-11-10 14:21:21 [INFO] ✓ 应用旋转: 270°
2025-11-10 14:21:21 [INFO] ✓ 预览模式：图片缩放至 1280x1920，缩放比例: 0.34
2025-11-10 14:21:21 [INFO] Logo 文件不存在: assets/logos/nikon.png
2025-11-10 14:21:21 [INFO] 请将 Nikon 的 Logo 放置到对应目录
2025-11-10 14:21:22 [INFO] ✓ 应用旋转: 270°
2025-11-10 14:21:22 [INFO] ✓ 预览模式：图片缩放至 1280x1920，缩放比例: 0.34
2025-11-10 14:21:22 [INFO] Logo 文件不存在: assets/logos/nikon.png
2025-11-10 14:21:22 [INFO] 请将 Nikon 的 Logo 放置到对应目录
2025-11-10 14:21:22 [INFO] ✓ 应用旋转: 270°
2025-11-10 14:21:22 [INFO] ✓ 预览模式：图片缩放至 1280x1920，缩放比例: 0.34
2025-11-10 14:21:22 [INFO] Logo 文件不存在: assets/logos/nikon.png
2025-11-10 14:21:22 [INFO] 请将 Nikon 的 Logo 放置到对应目录
2025-11-10 14:21:22 [INFO] ✓ 应用旋转: 270°
2025-11-10 14:21:23 [INFO] ✓ 预览模式：图片缩放至 1280x1920，缩放比例: 0.34
2025-11-10 14:21:23 [INFO] Logo 文件不存在: assets/logos/nikon.png
2025-11-10 14:21:23 [INFO] 请将 Nikon 的 Logo 放置到对应目录
2025-11-10 14:21:23 [INFO] ✓ 应用旋转: 270°
2025-11-10 14:21:23 [INFO] ✓ 预览模式：图片缩放至 1280x1920，缩放比例: 0.34
2025-11-10 14:21:23 [INFO] Logo 文件不存在: assets/logos/nikon.png
2025-11-10 14:21:23 [INFO] 请将 Nikon 的 Logo 放置到对应目录
2025-11-10 14:21:23 [INFO] ✓ 应用旋转: 270°
2025-11-10 14:21:23 [INFO] ✓ 预览模式：图片缩放至 1280x1920，缩放比例: 0.34
2025-11-10 14:21:23 [INFO] Logo 文件不存在: assets/logos/nikon.png
2025-11-10 14:21:23 [INFO] 请将 Nikon 的 Logo 放置到对应目录
2025-11-10 14:21:26 [INFO] ✓ 应用旋转: 270°
2025-11-10 14:21:26 [INFO] ✓ 预览模式：图片缩放至 1280x1920，缩放比例: 0.34
2025-11-10 14:21:26 [INFO] Logo 文件不存在: assets/logos/nikon.png
2025-11-10 14:21:26 [INFO] 请将 Nikon 的 Logo 放置到对应目录
2025-11-10 14:21:26 [INFO] ✓ 应用旋转: 270°
2025-11-10 14:21:26 [INFO] ✓ 预览模式：图片缩放至 1280x1920，缩放比例: 0.34
2025-11-10 14:21:26 [INFO] Logo 文件不存在: assets/logos/nikon.png
2025-11-10 14:21:26 [INFO] 请将 Nikon 的 Logo 放置到对应目录
2025-11-10 14:21:32 [INFO] ✓ 应用旋转: 270°
2025-11-10 14:21:32 [INFO] ✓ 预览模式：图片缩放至 1280x1920，缩放比例: 0.34
2025-11-10 14:21:32 [INFO] Logo 文件不存在: assets/logos/nikon.png
2025-11-10 14:21:32 [INFO] 请将 Nikon 的 Logo 放置到对应目录
2025-11-10 14:21:34 [INFO] ✓ 应用旋转: 270°
2025-11-10 14:21:34 [INFO] ✓ 预览模式：图片缩放至 1280x1920，缩放比例: 0.34
2025-11-10 14:21:34 [INFO] Logo 文件不存在: assets/logos/nikon.png
2025-11-10 14:21:34 [INFO] 请将 Nikon 的 Logo 放置到对应目录
2025-11-10 14:21:56 [INFO] ✓ 应用旋转: 270°
2025-11-10 14:21:56 [INFO] ✓ 预览模式：图片缩放至 1280x1920，缩放比例: 0.34
2025-11-10 14:21:56 [INFO] Logo 文件不存在: assets/logos/nikon.png
2025-11-10 14:21:56 [INFO] 请将 Nikon 的 Logo 放置到对应目录
2025-11-10 14:21:59 [INFO] ✓ 应用旋转: 270°
2025-11-10 14:21:59 [INFO] ✓ 预览模式：图片缩放至 1280x1920，缩放比例: 0.34
2025-11-10 14:21:59 [INFO] Logo 文件不存在: assets/logos/nikon.png
2025-11-10 14:21:59 [INFO] 请将 Nikon 的 Logo 放置到对应目录
2025-11-10 14:22:00 [INFO] ✓ 应用旋转: 270°
2025-11-10 14:22:00 [INFO] ✓ 预览模式：图片缩放至 1280x1920，缩放比例: 0.34
2025-11-10 14:22:00 [INFO] Logo 文件不存在: assets/logos/nikon.png
2025-11-10 14:22:00 [INFO] 请将 Nikon 的 Logo 放置到对应目录
2025-11-10 14:22:00 [INFO] ✓ 应用旋转: 270°
2025-11-10 14:22:01 [INFO] ✓ 预览模式：图片缩放至 1280x1920，缩放比例: 0.34
2025-11-10 14:22:01 [INFO] Logo 文件不存在: assets/logos/nikon.png
2025-11-10 14:22:01 [INFO] 请将 Nikon 的 Logo 放置到对应目录
2025-11-10 14:22:04 [INFO] ✓ 应用旋转: 270°
2025-11-10 14:22:04 [INFO] ✓ 预览模式：图片缩放至 1280x1920，缩放比例: 0.34
2025-11-10 14:22:05 [INFO] Logo 文件不存在: assets/logos/nikon.png
2025-11-10 14:22:05 [INFO] 请将 Nikon 的 Logo 放置到对应目录
2025-11-10 14:22:08 [INFO] ✓ 应用旋转: 270°
2025-11-10 14:22:08 [INFO] ✓ 预览模式：图片缩放至 1280x1920，缩放比例: 0.34
2025-11-10 14:22:08 [INFO] Logo 文件不存在: assets/logos/nikon.png
2025-11-10 14:22:08 [INFO] 请将 Nikon 的 Logo 放置到对应目录
2025-11-10 14:22:11 [INFO] [拖动调试] QPixmap显示: 582x834
2025-11-10 14:22:11 [INFO] [拖动调试] 预览画布: 1486x2126
2025-11-10 14:22:11 [INFO] [拖动调试] 实际图片: 3712x5568
2025-11-10 14:22:11 [INFO] [拖动调试] 原始画布: 4312x6168
2025-11-10 14:22:11 [INFO] [拖动调试] 实际缩放比例: 0.344620 x 0.344682
2025-11-10 14:22:11 [INFO] [拖动调试] 预览缩放比例: 0.344828
2025-11-10 14:22:11 [INFO] [拖动调试] 拖动距离(屏幕像素): dx=1.0, dy=0.0
2025-11-10 14:22:11 [INFO] [拖动调试] 拖动距离(预览画布): dx=2.6, dy=0.0
2025-11-10 14:22:11 [INFO] [拖动调试] 拖动距离(原始画布): dx=7.4, dy=0.0
2025-11-10 14:22:11 [INFO] ✓ 应用旋转: 270°
2025-11-10 14:22:11 [INFO] ✓ 预览模式：图片缩放至 1280x1920，缩放比例: 0.34
2025-11-10 14:22:11 [INFO] Logo 文件不存在: assets/logos/nikon.png
2025-11-10 14:22:11 [INFO] 请将 Nikon 的 Logo 放置到对应目录
2025-11-10 14:22:11 [INFO] [拖动调试] QPixmap显示: 582x834
2025-11-10 14:22:11 [INFO] [拖动调试] 预览画布: 1486x2126
2025-11-10 14:22:11 [INFO] [拖动调试] 实际图片: 3712x5568
2025-11-10 14:22:11 [INFO] [拖动调试] 原始画布: 4312x6168
2025-11-10 14:22:11 [INFO] [拖动调试] 实际缩放比例: 0.344620 x 0.344682
2025-11-10 14:22:11 [INFO] [拖动调试] 预览缩放比例: 0.344828
2025-11-10 14:22:11 [INFO] [拖动调试] 拖动距离(屏幕像素): dx=71.0, dy=4.0
2025-11-10 14:22:11 [INFO] [拖动调试] 拖动距离(预览画布): dx=181.3, dy=10.2
2025-11-10 14:22:11 [INFO] [拖动调试] 拖动距离(原始画布): dx=526.0, dy=29.6
2025-11-10 14:22:11 [INFO] ✓ 应用旋转: 270°
2025-11-10 14:22:12 [INFO] ✓ 预览模式：图片缩放至 1280x1920，缩放比例: 0.34
2025-11-10 14:22:12 [INFO] Logo 文件不存在: assets/logos/nikon.png
2025-11-10 14:22:12 [INFO] 请将 Nikon 的 Logo 放置到对应目录
2025-11-10 14:22:12 [INFO] [拖动调试] QPixmap显示: 582x834
2025-11-10 14:22:12 [INFO] [拖动调试] 预览画布: 1486x2126
2025-11-10 14:22:12 [INFO] [拖动调试] 实际图片: 3712x5568
2025-11-10 14:22:12 [INFO] [拖动调试] 原始画布: 4312x6168
2025-11-10 14:22:12 [INFO] [拖动调试] 实际缩放比例: 0.344620 x 0.344682
2025-11-10 14:22:12 [INFO] [拖动调试] 预览缩放比例: 0.344828
2025-11-10 14:22:12 [INFO] [拖动调试] 拖动距离(屏幕像素): dx=75.0, dy=4.0
2025-11-10 14:22:12 [INFO] [拖动调试] 拖动距离(预览画布): dx=191.5, dy=10.2
2025-11-10 14:22:12 [INFO] [拖动调试] 拖动距离(原始画布): dx=555.7, dy=29.6
2025-11-10 14:22:12 [INFO] ✓ 应用旋转: 270°
2025-11-10 14:22:12 [INFO] ✓ 预览模式：图片缩放至 1280x1920，缩放比例: 0.34
2025-11-10 14:22:12 [INFO] Logo 文件不存在: assets/logos/nikon.png
2025-11-10 14:22:12 [INFO] 请将 Nikon 的 Logo 放置到对应目录
2025-11-10 14:22:13 [INFO] [拖动调试] QPixmap显示: 582x834
2025-11-10 14:22:13 [INFO] [拖动调试] 预览画布: 1486x2126
2025-11-10 14:22:13 [INFO] [拖动调试] 实际图片: 3712x5568
2025-11-10 14:22:13 [INFO] [拖动调试] 原始画布: 4312x6168
2025-11-10 14:22:13 [INFO] [拖动调试] 实际缩放比例: 0.344620 x 0.344682
2025-11-10 14:22:13 [INFO] [拖动调试] 预览缩放比例: 0.344828
2025-11-10 14:22:13 [INFO] [拖动调试] 拖动距离(屏幕像素): dx=73.0, dy=4.0
2025-11-10 14:22:13 [INFO] [拖动调试] 拖动距离(预览画布): dx=186.4, dy=10.2
2025-11-10 14:22:13 [INFO] [拖动调试] 拖动距离(原始画布): dx=540.9, dy=29.6
2025-11-10 14:22:13 [INFO] ✓ 应用旋转: 270°
2025-11-10 14:22:13 [INFO] ✓ 预览模式：图片缩放至 1280x1920，缩放比例: 0.34
2025-11-10 14:22:13 [INFO] Logo 文件不存在: assets/logos/nikon.png
2025-11-10 14:22:13 [INFO] 请将 Nikon 的 Logo 放置到对应目录
2025-11-10 14:22:15 [INFO] [拖动调试] QPixmap显示: 582x834
2025-11-10 14:22:15 [INFO] [拖动调试] 预览画布: 1486x2126
2025-11-10 14:22:15 [INFO] [拖动调试] 实际图片: 3712x5568
2025-11-10 14:22:15 [INFO] [拖动调试] 原始画布: 4312x6168
2025-11-10 14:22:15 [INFO] [拖动调试] 实际缩放比例: 0.344620 x 0.344682
2025-11-10 14:22:15 [INFO] [拖动调试] 预览缩放比例: 0.344828
2025-11-10 14:22:15 [INFO] [拖动调试] 拖动距离(屏幕像素): dx=1.0, dy=0.0
2025-11-10 14:22:15 [INFO] [拖动调试] 拖动距离(预览画布): dx=2.6, dy=0.0
2025-11-10 14:22:15 [INFO] [拖动调试] 拖动距离(原始画布): dx=7.4, dy=0.0
2025-11-10 14:22:15 [INFO] ✓ 应用旋转: 270°
2025-11-10 14:22:15 [INFO] ✓ 预览模式：图片缩放至 1280x1920，缩放比例: 0.34
2025-11-10 14:22:15 [INFO] Logo 文件不存在: assets/logos/nikon.png
2025-11-10 14:22:15 [INFO] 请将 Nikon 的 Logo 放置到对应目录
2025-11-10 14:22:15 [INFO] [拖动调试] QPixmap显示: 582x834
2025-11-10 14:22:15 [INFO] [拖动调试] 预览画布: 1486x2126
2025-11-10 14:22:15 [INFO] [拖动调试] 实际图片: 3712x5568
2025-11-10 14:22:15 [INFO] [拖动调试] 原始画布: 4312x6168
2025-11-10 14:22:15 [INFO] [拖动调试] 实际缩放比例: 0.344620 x 0.344682
2025-11-10 14:22:15 [INFO] [拖动调试] 预览缩放比例: 0.344828
2025-11-10 14:22:15 [INFO] [拖动调试] 拖动距离(屏幕像素): dx=43.0, dy=0.0
2025-11-10 14:22:15 [INFO] [拖动调试] 拖动距离(预览画布): dx=109.8, dy=0.0
2025-11-10 14:22:15 [INFO] [拖动调试] 拖动距离(原始画布): dx=318.6, dy=0.0
2025-11-10 14:22:16 [INFO] ✓ 应用旋转: 270°
2025-11-10 14:22:16 [INFO] ✓ 预览模式：图片缩放至 1280x1920，缩放比例: 0.34
2025-11-10 14:22:16 [INFO] Logo 文件不存在: assets/logos/nikon.png
2025-11-10 14:22:16 [INFO] 请将 Nikon 的 Logo 放置到对应目录
2025-11-10 14:22:17 [INFO] [拖动调试] QPixmap显示: 582x834
2025-11-10 14:22:17 [INFO] [拖动调试] 预览画布: 1486x2126
2025-11-10 14:22:17 [INFO] [拖动调试] 实际图片: 3712x5568
2025-11-10 14:22:17 [INFO] [拖动调试] 原始画布: 4312x6168
2025-11-10 14:22:17 [INFO] [拖动调试] 实际缩放比例: 0.344620 x 0.344682
2025-11-10 14:22:17 [INFO] [拖动调试] 预览缩放比例: 0.344828
2025-11-10 14:22:17 [INFO] [拖动调试] 拖动距离(屏幕像素): dx=42.0, dy=0.0
2025-11-10 14:22:17 [INFO] [拖动调试] 拖动距离(预览画布): dx=107.2, dy=0.0
2025-11-10 14:22:17 [INFO] [拖动调试] 拖动距离(原始画布): dx=311.2, dy=0.0
2025-11-10 14:22:17 [INFO] ✓ 应用旋转: 270°
2025-11-10 14:22:17 [INFO] ✓ 预览模式：图片缩放至 1280x1920，缩放比例: 0.34
2025-11-10 14:22:17 [INFO] Logo 文件不存在: assets/logos/nikon.png
2025-11-10 14:22:17 [INFO] 请将 Nikon 的 Logo 放置到对应目录
2025-11-10 14:22:17 [INFO] [拖动调试] QPixmap显示: 582x834
2025-11-10 14:22:17 [INFO] [拖动调试] 预览画布: 1486x2126
2025-11-10 14:22:17 [INFO] [拖动调试] 实际图片: 3712x5568
2025-11-10 14:22:17 [INFO] [拖动调试] 原始画布: 4312x6168
2025-11-10 14:22:17 [INFO] [拖动调试] 实际缩放比例: 0.344620 x 0.344682
2025-11-10 14:22:17 [INFO] [拖动调试] 预览缩放比例: 0.344828
2025-11-10 14:22:17 [INFO] [拖动调试] 拖动距离(屏幕像素): dx=41.0, dy=0.0
2025-11-10 14:22:17 [INFO] [拖动调试] 拖动距离(预览画布): dx=104.7, dy=0.0
2025-11-10 14:22:17 [INFO] [拖动调试] 拖动距离(原始画布): dx=303.8, dy=0.0
2025-11-10 14:22:17 [INFO] ✓ 应用旋转: 270°
2025-11-10 14:22:18 [INFO] ✓ 预览模式：图片缩放至 1280x1920，缩放比例: 0.34
2025-11-10 14:22:18 [INFO] Logo 文件不存在: assets/logos/nikon.png
2025-11-10 14:22:18 [INFO] 请将 Nikon 的 Logo 放置到对应目录
2025-11-10 14:23:01 [INFO] ✓ 应用旋转: 270°
2025-11-10 14:23:01 [INFO] ✓ 预览模式：图片缩放至 1280x1920，缩放比例: 0.34
2025-11-10 14:23:02 [INFO] Logo 文件不存在: assets/logos/nikon.png
2025-11-10 14:23:02 [INFO] 请将 Nikon 的 Logo 放置到对应目录
2025-11-10 14:23:06 [INFO] ✓ 应用旋转: 270°
2025-11-10 14:23:06 [INFO] ✓ 预览模式：图片缩放至 1280x1920，缩放比例: 0.34
2025-11-10 14:23:06 [INFO] Logo 文件不存在: assets/logos/nikon.png
2025-11-10 14:23:06 [INFO] 请将 Nikon 的 Logo 放置到对应目录
2025-11-10 14:23:10 [INFO] ✓ 应用旋转: 270°
2025-11-10 14:23:10 [INFO] ✓ 预览模式：图片缩放至 1280x1920，缩放比例: 0.34
2025-11-10 14:23:11 [INFO] Logo 文件不存在: assets/logos/nikon.png
2025-11-10 14:23:11 [INFO] 请将 Nikon 的 Logo 放置到对应目录
2025-11-10 14:23:11 [INFO] ✓ 应用旋转: 270°
2025-11-10 14:23:11 [INFO] ✓ 预览模式：图片缩放至 1280x1920，缩放比例: 0.34
2025-11-10 14:23:11 [INFO] Logo 文件不存在: assets/logos/nikon.png
2025-11-10 14:23:11 [INFO] 请将 Nikon 的 Logo 放置到对应目录
2025-11-10 14:23:20 [INFO] ✓ 应用旋转: 270°
2025-11-10 14:23:21 [INFO] ✓ 预览模式：图片缩放至 1280x1920，缩放比例: 0.34
2025-11-10 14:23:21 [INFO] Logo 文件不存在: assets/logos/nikon.png
2025-11-10 14:23:21 [INFO] 请将 Nikon 的 Logo 放置到对应目录
2025-11-10 14:23:21 [INFO] ✓ 应用旋转: 270°
2025-11-10 14:23:21 [INFO] ✓ 预览模式：图片缩放至 1280x1920，缩放比例: 0.34
2025-11-10 14:23:21 [INFO] Logo 文件不存在: assets/logos/nikon.png
2025-11-10 14:23:21 [INFO] 请将 Nikon 的 Logo 放置到对应目录
2025-11-10 14:23:26 [INFO] ✓ 应用旋转: 270°
2025-11-10 14:23:26 [INFO] ✓ 预览模式：图片缩放至 1280x1920，缩放比例: 0.34
2025-11-10 14:23:27 [INFO] Logo 文件不存在: assets/logos/nikon.png
2025-11-10 14:23:27 [INFO] 请将 Nikon 的 Logo 放置到对应目录
2025-11-10 14:23:43 [INFO] [拖动调试] QPixmap显示: 582x834
2025-11-10 14:23:43 [INFO] [拖动调试] 预览画布: 1486x2126
2025-11-10 14:23:43 [INFO] [拖动调试] 实际图片: 3712x5568
2025-11-10 14:23:43 [INFO] [拖动调试] 原始画布: 4312x6168
2025-11-10 14:23:43 [INFO] [拖动调试] 实际缩放比例: 0.344620 x 0.344682
2025-11-10 14:23:43 [INFO] [拖动调试] 预览缩放比例: 0.344828
2025-11-10 14:23:43 [INFO] [拖动调试] 拖动距离(屏幕像素): dx=1.0, dy=0.0
2025-11-10 14:23:43 [INFO] [拖动调试] 拖动距离(预览画布): dx=2.6, dy=0.0
2025-11-10 14:23:43 [INFO] [拖动调试] 拖动距离(原始画布): dx=7.4, dy=0.0
2025-11-10 14:23:43 [INFO] ✓ 应用旋转: 270°
2025-11-10 14:23:43 [INFO] ✓ 预览模式：图片缩放至 1280x1920，缩放比例: 0.34
2025-11-10 14:23:43 [INFO] Logo 文件不存在: assets/logos/nikon.png
2025-11-10 14:23:43 [INFO] 请将 Nikon 的 Logo 放置到对应目录
2025-11-10 14:23:43 [INFO] [拖动调试] QPixmap显示: 582x834
2025-11-10 14:23:43 [INFO] [拖动调试] 预览画布: 1486x2126
2025-11-10 14:23:43 [INFO] [拖动调试] 实际图片: 3712x5568
2025-11-10 14:23:43 [INFO] [拖动调试] 原始画布: 4312x6168
2025-11-10 14:23:43 [INFO] [拖动调试] 实际缩放比例: 0.344620 x 0.344682
2025-11-10 14:23:43 [INFO] [拖动调试] 预览缩放比例: 0.344828
2025-11-10 14:23:43 [INFO] [拖动调试] 拖动距离(屏幕像素): dx=21.0, dy=13.0
2025-11-10 14:23:43 [INFO] [拖动调试] 拖动距离(预览画布): dx=53.6, dy=33.1
2025-11-10 14:23:43 [INFO] [拖动调试] 拖动距离(原始画布): dx=155.6, dy=96.1
2025-11-10 14:23:43 [INFO] ✓ 应用旋转: 270°
2025-11-10 14:23:44 [INFO] ✓ 预览模式：图片缩放至 1280x1920，缩放比例: 0.34
2025-11-10 14:23:44 [INFO] Logo 文件不存在: assets/logos/nikon.png
2025-11-10 14:23:44 [INFO] 请将 Nikon 的 Logo 放置到对应目录
2025-11-10 14:23:44 [INFO] [拖动调试] QPixmap显示: 582x834
2025-11-10 14:23:44 [INFO] [拖动调试] 预览画布: 1486x2126
2025-11-10 14:23:44 [INFO] [拖动调试] 实际图片: 3712x5568
2025-11-10 14:23:44 [INFO] [拖动调试] 原始画布: 4312x6168
2025-11-10 14:23:44 [INFO] [拖动调试] 实际缩放比例: 0.344620 x 0.344682
2025-11-10 14:23:44 [INFO] [拖动调试] 预览缩放比例: 0.344828
2025-11-10 14:23:44 [INFO] [拖动调试] 拖动距离(屏幕像素): dx=50.0, dy=11.0
2025-11-10 14:23:44 [INFO] [拖动调试] 拖动距离(预览画布): dx=127.7, dy=28.0
2025-11-10 14:23:44 [INFO] [拖动调试] 拖动距离(原始画布): dx=370.4, dy=81.4
2025-11-10 14:23:44 [INFO] ✓ 应用旋转: 270°
2025-11-10 14:23:44 [INFO] ✓ 预览模式：图片缩放至 1280x1920，缩放比例: 0.34
2025-11-10 14:23:44 [INFO] Logo 文件不存在: assets/logos/nikon.png
2025-11-10 14:23:44 [INFO] 请将 Nikon 的 Logo 放置到对应目录
2025-11-10 14:23:44 [INFO] [拖动调试] QPixmap显示: 582x834
2025-11-10 14:23:44 [INFO] [拖动调试] 预览画布: 1486x2126
2025-11-10 14:23:44 [INFO] [拖动调试] 实际图片: 3712x5568
2025-11-10 14:23:44 [INFO] [拖动调试] 原始画布: 4312x6168
2025-11-10 14:23:44 [INFO] [拖动调试] 实际缩放比例: 0.344620 x 0.344682
2025-11-10 14:23:44 [INFO] [拖动调试] 预览缩放比例: 0.344828
2025-11-10 14:23:44 [INFO] [拖动调试] 拖动距离(屏幕像素): dx=68.0, dy=7.0
2025-11-10 14:23:44 [INFO] [拖动调试] 拖动距离(预览画布): dx=173.6, dy=17.8
2025-11-10 14:23:44 [INFO] [拖动调试] 拖动距离(原始画布): dx=503.8, dy=51.8
2025-11-10 14:23:45 [INFO] ✓ 应用旋转: 270°
2025-11-10 14:23:45 [INFO] ✓ 预览模式：图片缩放至 1280x1920，缩放比例: 0.34
2025-11-10 14:23:45 [INFO] Logo 文件不存在: assets/logos/nikon.png
2025-11-10 14:23:45 [INFO] 请将 Nikon 的 Logo 放置到对应目录
2025-11-10 14:23:45 [INFO] [拖动调试] QPixmap显示: 582x834
2025-11-10 14:23:45 [INFO] [拖动调试] 预览画布: 1486x2126
2025-11-10 14:23:45 [INFO] [拖动调试] 实际图片: 3712x5568
2025-11-10 14:23:45 [INFO] [拖动调试] 原始画布: 4312x6168
2025-11-10 14:23:45 [INFO] [拖动调试] 实际缩放比例: 0.344620 x 0.344682
2025-11-10 14:23:45 [INFO] [拖动调试] 预览缩放比例: 0.344828
2025-11-10 14:23:45 [INFO] [拖动调试] 拖动距离(屏幕像素): dx=69.0, dy=7.0
2025-11-10 14:23:45 [INFO] [拖动调试] 拖动距离(预览画布): dx=176.2, dy=17.8
2025-11-10 14:23:45 [INFO] [拖动调试] 拖动距离(原始画布): dx=511.2, dy=51.8
2025-11-10 14:23:45 [INFO] ✓ 应用旋转: 270°
2025-11-10 14:23:45 [INFO] ✓ 预览模式：图片缩放至 1280x1920，缩放比例: 0.34
2025-11-10 14:23:46 [INFO] Logo 文件不存在: assets/logos/nikon.png
2025-11-10 14:23:46 [INFO] 请将 Nikon 的 Logo 放置到对应目录
2025-11-10 14:23:46 [INFO] [拖动调试] QPixmap显示: 582x834
2025-11-10 14:23:46 [INFO] [拖动调试] 预览画布: 1486x2126
2025-11-10 14:23:46 [INFO] [拖动调试] 实际图片: 3712x5568
2025-11-10 14:23:46 [INFO] [拖动调试] 原始画布: 4312x6168
2025-11-10 14:23:46 [INFO] [拖动调试] 实际缩放比例: 0.344620 x 0.344682
2025-11-10 14:23:46 [INFO] [拖动调试] 预览缩放比例: 0.344828
2025-11-10 14:23:46 [INFO] [拖动调试] 拖动距离(屏幕像素): dx=241.0, dy=4.0
2025-11-10 14:23:46 [INFO] [拖动调试] 拖动距离(预览画布): dx=615.3, dy=10.2
2025-11-10 14:23:46 [INFO] [拖动调试] 拖动距离(原始画布): dx=1785.6, dy=29.6
2025-11-10 14:23:46 [INFO] ✓ 应用旋转: 270°
2025-11-10 14:23:46 [INFO] ✓ 预览模式：图片缩放至 1280x1920，缩放比例: 0.34
2025-11-10 14:23:46 [INFO] Logo 文件不存在: assets/logos/nikon.png
2025-11-10 14:23:46 [INFO] 请将 Nikon 的 Logo 放置到对应目录
2025-11-10 14:23:46 [INFO] [拖动调试] QPixmap显示: 582x834
2025-11-10 14:23:46 [INFO] [拖动调试] 预览画布: 1486x2126
2025-11-10 14:23:46 [INFO] [拖动调试] 实际图片: 3712x5568
2025-11-10 14:23:46 [INFO] [拖动调试] 原始画布: 4312x6168
2025-11-10 14:23:46 [INFO] [拖动调试] 实际缩放比例: 0.344620 x 0.344682
2025-11-10 14:23:46 [INFO] [拖动调试] 预览缩放比例: 0.344828
2025-11-10 14:23:46 [INFO] [拖动调试] 拖动距离(屏幕像素): dx=244.0, dy=4.0
2025-11-10 14:23:46 [INFO] [拖动调试] 拖动距离(预览画布): dx=623.0, dy=10.2
2025-11-10 14:23:46 [INFO] [拖动调试] 拖动距离(原始画布): dx=1807.8, dy=29.6
2025-11-10 14:23:46 [INFO] ✓ 应用旋转: 270°
2025-11-10 14:23:47 [INFO] ✓ 预览模式：图片缩放至 1280x1920，缩放比例: 0.34
2025-11-10 14:23:47 [INFO] Logo 文件不存在: assets/logos/nikon.png
2025-11-10 14:23:47 [INFO] 请将 Nikon 的 Logo 放置到对应目录
2025-11-10 14:23:50 [INFO] ✓ 应用旋转: 270°
2025-11-10 14:23:50 [INFO] ✓ 预览模式：图片缩放至 1280x1920，缩放比例: 0.34
2025-11-10 14:23:51 [INFO] Logo 文件不存在: assets/logos/nikon.png
2025-11-10 14:23:51 [INFO] 请将 Nikon 的 Logo 放置到对应目录
2025-11-10 14:23:56 [INFO] ✓ 应用旋转: 270°
2025-11-10 14:23:56 [INFO] ✓ 预览模式：图片缩放至 1280x1920，缩放比例: 0.34
2025-11-10 14:23:56 [INFO] Logo 文件不存在: assets/logos/nikon.png
2025-11-10 14:23:56 [INFO] 请将 Nikon 的 Logo 放置到对应目录
2025-11-10 14:23:57 [INFO] [拖动调试] QPixmap显示: 582x834
2025-11-10 14:23:57 [INFO] [拖动调试] 预览画布: 1486x2126
2025-11-10 14:23:57 [INFO] [拖动调试] 实际图片: 3712x5568
2025-11-10 14:23:57 [INFO] [拖动调试] 原始画布: 4312x6168
2025-11-10 14:23:57 [INFO] [拖动调试] 实际缩放比例: 0.344620 x 0.344682
2025-11-10 14:23:57 [INFO] [拖动调试] 预览缩放比例: 0.344828
2025-11-10 14:23:57 [INFO] [拖动调试] 拖动距离(屏幕像素): dx=0.0, dy=1.0
2025-11-10 14:23:57 [INFO] [拖动调试] 拖动距离(预览画布): dx=0.0, dy=2.5
2025-11-10 14:23:57 [INFO] [拖动调试] 拖动距离(原始画布): dx=0.0, dy=7.4
2025-11-10 14:23:57 [INFO] ✓ 应用旋转: 270°
2025-11-10 14:23:57 [INFO] ✓ 预览模式：图片缩放至 1280x1920，缩放比例: 0.34
2025-11-10 14:23:58 [INFO] Logo 文件不存在: assets/logos/nikon.png
2025-11-10 14:23:58 [INFO] 请将 Nikon 的 Logo 放置到对应目录
2025-11-10 14:23:58 [INFO] [拖动调试] QPixmap显示: 582x834
2025-11-10 14:23:58 [INFO] [拖动调试] 预览画布: 1486x2126
2025-11-10 14:23:58 [INFO] [拖动调试] 实际图片: 3712x5568
2025-11-10 14:23:58 [INFO] [拖动调试] 原始画布: 4312x6168
2025-11-10 14:23:58 [INFO] [拖动调试] 实际缩放比例: 0.344620 x 0.344682
2025-11-10 14:23:58 [INFO] [拖动调试] 预览缩放比例: 0.344828
2025-11-10 14:23:58 [INFO] [拖动调试] 拖动距离(屏幕像素): dx=77.0, dy=9.0
2025-11-10 14:23:58 [INFO] [拖动调试] 拖动距离(预览画布): dx=196.6, dy=22.9
2025-11-10 14:23:58 [INFO] [拖动调试] 拖动距离(原始画布): dx=570.5, dy=66.6
2025-11-10 14:23:58 [INFO] ✓ 应用旋转: 270°
2025-11-10 14:23:58 [INFO] ✓ 预览模式：图片缩放至 1280x1920，缩放比例: 0.34
2025-11-10 14:23:58 [INFO] Logo 文件不存在: assets/logos/nikon.png
2025-11-10 14:23:58 [INFO] 请将 Nikon 的 Logo 放置到对应目录
2025-11-10 14:23:58 [INFO] [拖动调试] QPixmap显示: 582x834
2025-11-10 14:23:58 [INFO] [拖动调试] 预览画布: 1486x2126
2025-11-10 14:23:58 [INFO] [拖动调试] 实际图片: 3712x5568
2025-11-10 14:23:58 [INFO] [拖动调试] 原始画布: 4312x6168
2025-11-10 14:23:58 [INFO] [拖动调试] 实际缩放比例: 0.344620 x 0.344682
2025-11-10 14:23:58 [INFO] [拖动调试] 预览缩放比例: 0.344828
2025-11-10 14:23:58 [INFO] [拖动调试] 拖动距离(屏幕像素): dx=84.0, dy=8.0
2025-11-10 14:23:58 [INFO] [拖动调试] 拖动距离(预览画布): dx=214.5, dy=20.4
2025-11-10 14:23:58 [INFO] [拖动调试] 拖动距离(原始画布): dx=622.4, dy=59.2
2025-11-10 14:23:58 [INFO] ✓ 应用旋转: 270°
2025-11-10 14:23:59 [INFO] ✓ 预览模式：图片缩放至 1280x1920，缩放比例: 0.34
2025-11-10 14:23:59 [INFO] Logo 文件不存在: assets/logos/nikon.png
2025-11-10 14:23:59 [INFO] 请将 Nikon 的 Logo 放置到对应目录
2025-11-10 14:24:17 [INFO] 模板保存成功
2025-11-10 14:24:43 [INFO] ✓ 应用旋转: 270°
2025-11-10 14:24:43 [INFO] ✓ 预览模式：图片缩放至 1280x1920，缩放比例: 0.34
2025-11-10 14:24:43 [INFO] Logo 文件不存在: assets/logos/nikon.png
2025-11-10 14:24:43 [INFO] 请将 Nikon 的 Logo 放置到对应目录
2025-11-10 14:25:47 [INFO] ✓ 应用旋转: 270°
2025-11-10 14:25:47 [INFO] ✓ 预览模式：图片缩放至 1280x1920，缩放比例: 0.34
2025-11-10 14:25:50 [INFO] Logo 文件不存在: assets/logos/nikon.png
2025-11-10 14:25:50 [INFO] 请将 Nikon 的 Logo 放置到对应目录
2025-11-10 14:26:01 [INFO] ✓ 应用旋转: 270°
2025-11-10 14:26:01 [INFO] ✓ 预览模式：图片缩放至 1280x1920，缩放比例: 0.34
2025-11-10 14:26:05 [INFO] Logo 文件不存在: assets/logos/nikon.png
2025-11-10 14:26:05 [INFO] 请将 Nikon 的 Logo 放置到对应目录
2025-11-10 14:26:10 [INFO] ✓ 应用旋转: 270°
2025-11-10 14:26:10 [INFO] ✓ 预览模式：图片缩放至 1280x1920，缩放比例: 0.34
2025-11-10 14:26:10 [INFO] Logo 文件不存在: assets/logos/nikon.png
2025-11-10 14:26:10 [INFO] 请将 Nikon 的 Logo 放置到对应目录
2025-11-10 14:26:17 [INFO] ✓ 应用旋转: 270°
2025-11-10 14:26:17 [INFO] ✓ 预览模式：图片缩放至 1280x1920，缩放比例: 0.34
2025-11-10 14:26:17 [INFO] Logo 文件不存在: assets/logos/nikon.png
2025-11-10 14:26:17 [INFO] 请将 Nikon 的 Logo 放置到对应目录
2025-11-10 14:26:19 [INFO] ✓ 应用旋转: 270°
2025-11-10 14:26:19 [INFO] ✓ 预览模式：图片缩放至 1280x1920，缩放比例: 0.34
2025-11-10 14:26:19 [INFO] Logo 文件不存在: assets/logos/nikon.png
2025-11-10 14:26:19 [INFO] 请将 Nikon 的 Logo 放置到对应目录
2025-11-10 14:26:21 [INFO] ✓ 应用旋转: 270°
2025-11-10 14:26:22 [INFO] ✓ 预览模式：图片缩放至 1280x1920，缩放比例: 0.34
2025-11-10 14:26:25 [INFO] Logo 文件不存在: assets/logos/nikon.png
2025-11-10 14:26:25 [INFO] 请将 Nikon 的 Logo 放置到对应目录
2025-11-10 14:26:31 [INFO] ✓ 应用旋转: 270°
2025-11-10 14:26:31 [INFO] ✓ 预览模式：图片缩放至 1280x1920，缩放比例: 0.34
2025-11-10 14:26:35 [INFO] Logo 文件不存在: assets/logos/nikon.png
2025-11-10 14:26:35 [INFO] 请将 Nikon 的 Logo 放置到对应目录
2025-11-10 14:26:38 [INFO] ✓ 应用旋转: 270°
2025-11-10 14:26:39 [INFO] ✓ 预览模式：图片缩放至 1280x1920，缩放比例: 0.34
2025-11-10 14:26:39 [INFO] Logo 文件不存在: assets/logos/nikon.png
2025-11-10 14:26:39 [INFO] 请将 Nikon 的 Logo 放置到对应目录
2025-11-10 14:26:46 [INFO] ✓ 应用旋转: 270°
2025-11-10 14:26:46 [INFO] ✓ 预览模式：图片缩放至 1280x1920，缩放比例: 0.34
2025-11-10 14:26:46 [INFO] Logo 文件不存在: assets/logos/nikon.png
2025-11-10 14:26:46 [INFO] 请将 Nikon 的 Logo 放置到对应目录
2025-11-10 14:26:48 [INFO] ✓ 应用旋转: 270°
2025-11-10 14:26:48 [INFO] ✓ 预览模式：图片缩放至 1280x1920，缩放比例: 0.34
2025-11-10 14:26:49 [INFO] Logo 文件不存在: assets/logos/nikon.png
2025-11-10 14:26:49 [INFO] 请将 Nikon 的 Logo 放置到对应目录
2025-11-10 14:26:54 [INFO] ✓ 应用旋转: 270°
2025-11-10 14:26:55 [INFO] ✓ 预览模式：图片缩放至 1280x1920，缩放比例: 0.34
2025-11-10 14:26:55 [INFO] Logo 文件不存在: assets/logos/nikon.png
2025-11-10 14:26:55 [INFO] 请将 Nikon 的 Logo 放置到对应目录
2025-11-10 14:26:56 [INFO] ✓ 应用旋转: 270°
2025-11-10 14:26:56 [INFO] ✓ 预览模式：图片缩放至 1280x1920，缩放比例: 0.34
2025-11-10 14:26:57 [INFO] Logo 文件不存在: assets/logos/nikon.png
2025-11-10 14:26:57 [INFO] 请将 Nikon 的 Logo 放置到对应目录
2025-11-10 14:26:57 [INFO] ✓ 应用旋转: 270°
2025-11-10 14:26:57 [INFO] ✓ 预览模式：图片缩放至 1280x1920，缩放比例: 0.34
2025-11-10 14:26:57 [INFO] Logo 文件不存在: assets/logos/nikon.png
2025-11-10 14:26:57 [INFO] 请将 Nikon 的 Logo 放置到对应目录
2025-11-10 14:26:57 [INFO] ✓ 应用旋转: 270°
2025-11-10 14:26:58 [INFO] ✓ 预览模式：图片缩放至 1280x1920，缩放比例: 0.34
2025-11-10 14:26:58 [INFO] Logo 文件不存在: assets/logos/nikon.png
2025-11-10 14:26:58 [INFO] 请将 Nikon 的 Logo 放置到对应目录
2025-11-10 14:29:50 [INFO] 程序已关闭
2025-11-10 14:29:50 [INFO] 程序已关闭
